Consulta 1:
0 1 H
0 2 M
5 1 M
15 2 M
20 1 H
25 1 M
30 2 M
40 1 M
45 2 H
Consulta 2:
0 3 M
41 1 H
65 3 H
7 1 M
Consulta 3:
161 1 H
279 1 M
0 1 H
105 1 M
795 1 M
Consulta 4:
135 22 M
100 19 M
60 57 M
65 24 M
85 37 M
95 46 H
80 38 M
90 71 M
0 82 M
125 47 M
0 70 M
120 16 H
5 21 H
135 80 M
110 48 H
20 1 M
5 29 M
115 58 H
75 14 M
60 4 M
80 36 H
80 77 M
65 67 M
115 28 M
65 1 M
15 76 M
15 80 M
65 67 M
0 27 M
130 60 H
0 53 H
Consulta 5:
68 19 H
5 6 H
13 20 M
41 25 H
8 27 M
35 19 M
65 1 H
53 13 H
0 4 H
17 1 H
74 8 M
62 19 H
52 16 M
57 18 M
20 20 M
50 23 H
18 15 M
23 15 H
17 28 H
3 7 H
56 10 H
54 5 H
54 7 M
31 16 M
66 1 H
18 28 H
68 21 M
0 10 H
52 29 H
17 21 H
52 29 H
10 20 H
64 3 H
16 8 H
34 20 M
68 12 H
21 11 H
19 6 H
3 20 H
37 23 H
42 10 H
77 25 H
40 12 H
20 10 H
32 14 H
72 10 M
19 20 H
35 12 M
67 8 M
47 26 H
55 6 M
34 19 H
64 16 H
37 3 M
71 25 M
75 27 H
69 13 M
58 10 M
68 28 M
28 3 H
8 1 M
0 10 H
63 25 H
48 4 H
53 27 H
11 12 M
78 11 M
29 2 H
63 17 H
39 21 H
23 10 M
12 2 M
29 17 H
68 28 M
14 22 H
24 1 H
36 24 H
29 18 M
24 2 M
69 13 M
24 16 M
60 6 H
53 21 H
66 1 H
48 19 H
23 23 H
0 20 H
2 17 M
51 16 H
9 2 H
33 5 H
57 25 M
25 28 H
56 4 H
65 29 H
77 19 M
35 17 H
3 29 H
18 22 M
73 21 H
60 14 H
32 14 H
40 5 H
50 16 H
74 28 H
70 3 H
71 24 H
0 18 M
43 18 M
47 14 M
74 21 H
40 28 M
3 16 H
41 13 M
58 10 M
43 17 H
0 13 H
13 25 H
26 5 H
20 13 M
52 21 H
16 7 H
45 2 M
9 2 H
41 13 M
52 21 H
44 17 M
43 10 H
68 7 M
2 20 H
41 19 H
64 25 M
14 14 H
19 11 H
26 13 H
68 13 H
55 27 M
43 18 M
76 20 M
22 10 H
8 14 M
65 2 H
36 24 H
22 16 H
6 12 M
10 9 H
62 4 H
39 15 M
9 13 H
72 22 H
38 21 H
37 22 H
6 23 M
32 1 M
75 26 H
2 8 H
71 17 H
4 8 H
47 21 M
55 19 H
63 17 H
47 20 H
3 16 H
2 17 M
1 25 H
0 2 H
26 26 H
27 13 M
30 16 H
27 13 M
20 27 M
44 10 M
54 5 H
16 21 H
6 18 M
60 22 M
39 28 H
46 15 M
14 8 H
33 13 H
38 23 M
18 1 M
13 20 M
67 6 H
69 26 H
56 11 H
7 19 H
43 25 M
54 7 M
46 21 H
34 18 H
30 23 H
6 18 M
19 27 H
7 4 H
72 3 M
73 23 M
2 7 H
17 1 H
39 14 H
30 3 M
64 9 H
34 11 H
18 15 M
71 23 H
43 11 M
56 3 H
74 7 H
52 1 H
3 26 H
37 2 H
29 9 H
21 17 H
38 8 H
69 13 M
56 5 M
12 5 H
32 1 M
1 2 H
29 16 H
15 1 H
73 21 H
48 11 H
29 23 H
63 10 H
20 11 H
31 2 M
9 20 H
10 9 H
72 15 H
30 2 H
33 12 H
40 6 H
31 15 H
19 11 H
33 26 H
34 13 M
69 12 H
74 13 H
24 1 H
43 17 H
47 5 H
66 29 H
59 14 H
77 4 H
45 16 M
68 6 H
47 14 M
34 27 M
50 11 M
62 25 H
50 18 M
35 19 M
77 19 M
7 26 H
15 26 M
73 28 H
9 22 M
31 28 H
52 1 H
52 22 H
58 22 H
77 18 H
36 10 H
12 5 H
6 18 M
40 28 M
15 19 M
40 13 H
42 26 M
44 10 M
4 8 H
57 11 M
51 10 M
50 10 H
1 1 M
74 6 H
18 13 H
5 9 M
76 11 H
64 9 H
9 13 H
78 25 M
43 4 M
51 16 H
0 23 H
55 20 M
57 2 H
38 9 M
18 8 M
10 19 M
53 1 M
56 11 H
37 17 M
23 22 H
75 21 M
2 7 H
9 15 M
42 3 H
40 21 M
56 24 H
16 1 H
29 2 H
76 27 M
18 20 H
37 29 H
73 28 H
2 29 H
70 10 H
78 25 M
65 9 H
52 7 H
9 7 M
3 2 M
5 9 M
55 25 H
27 11 H
60 22 M
27 12 H
23 10 M
3 7 H
77 19 M
38 1 H
76 19 H
37 1 H
26 12 H
42 5 M
24 21 H
0 21 M
78 2 H
72 8 H
53 28 H
40 26 H
5 26 H
78 17 H
8 10 H
37 3 M
77 25 H
53 14 H
0 5 H
9 4 H
42 10 H
13 25 H
0 26 H
47 7 M
62 25 H
30 29 H
49 17 H
31 16 M
12 13 H
64 18 M
56 17 H
42 17 H
32 15 M
54 14 M
44 22 H
52 14 H
71 11 M
0 22 H
14 28 H
64 11 M
64 2 H
47 13 H
61 20 H
42 24 H
78 4 M
48 20 M
32 1 M
30 10 M
0 9 M
29 10 H
13 13 M
32 20 H
12 13 H
18 20 H
67 29 M
4 20 M
16 12 M
65 15 H
15 7 H
56 4 H
50 23 H
76 25 H
39 29 M
44 24 M
65 3 M
11 2 H
55 19 H
65 1 H
60 28 H
77 25 H
10 26 M
70 12 M
57 11 M
49 17 H
71 16 H
60 1 M
15 10 M
21 25 H
51 24 M
49 24 H
16 8 H
18 27 H
19 6 H
61 14 M
44 16 H
62 25 H
37 22 H
46 29 M
61 27 H
32 21 H
1 23 M
46 14 H
48 5 H
8 27 M
43 25 M
1 23 M
15 3 M
16 18 M
37 15 H
7 5 M
62 6 M
77 10 H
4 8 H
54 26 H
67 29 M
50 18 M
51 9 H
53 22 M
39 13 H
74 20 H
66 29 H
0 20 H
77 19 M
14 25 M
0 14 H
Consulta 6:
146 35 M
142 23 H
165 14 M
36 16 M
59 12 M
36 41 H
61 21 H
85 1 M
79 10 H
3 16 M
50 36 M
16 24 H
142 14 M
59 20 M
123 7 M
50 39 M
20 36 M
30 39 M
59 42 M
131 1 H
45 31 M
154 28 H
3 31 H
6 4 M
148 20 H
46 19 M
76 8 M
129 13 M
85 7 H
163 1 H
149 42 M
33 23 M
99 42 M
112 17 H
88 7 M
0 44 M
55 37 M
138 17 M
32 13 M
70 9 H
125 17 M
33 3 M
92 10 M
23 21 M
120 36 M
99 15 M
148 27 M
39 12 M
122 15 M
129 3 H
0 27 M
158 27 H
13 34 M
69 38 H
96 8 H
43 3 M
33 33 M
88 37 H
30 44 H
136 35 M
69 2 H
153 33 M
59 28 H
0 25 H
53 25 M
29 10 M
83 32 M
118 38 H
144 38 M
136 7 M
99 26 H
161 12 H
0 4 H
50 26 H
169 37 M
118 24 M
98 43 M
69 20 M
139 11 M
55 1 M
72 41 M
32 13 M
9 40 M
111 28 M
52 14 H
131 19 M
161 10 M
0 31 H
150 39 H
43 3 M
134 28 M
10 8 M
158 16 M
Consulta 7:
320 2 H
105 3 M
140 3 M
15 11 M
190 2 M
290 23 M
25 13 M
70 24 M
65 23 M
370 2 H
310 10 M
145 27 H
30 16 M
285 6 M
345 7 H
45 3 M
210 28 H
75 21 M
255 12 M
200 15 M
370 24 M
Consulta 8:
120 68 M
5 81 M
40 41 M
105 78 M
70 65 M
70 26 M
65 40 M
60 69 M
70 26 M
55 78 M
30 79 M
40 10 H
100 11 M
115 19 M
30 23 M
90 33 M
15 5 H
40 25 H
140 46 M
75 5 M
130 24 M
115 40 M
130 73 M
30 74 H
135 22 M
60 62 M
125 45 M
30 12 M
145 14 M
115 23 M
5 21 H
135 10 M
35 40 M
20 41 M
0 70 M
100 16 M
135 53 M
105 62 M
40 63 H
45 30 M
90 62 M
25 73 M
15 54 M
5 21 H
100 83 M
100 46 H
0 82 M
25 52 M
105 22 M
140 65 H
140 17 M
60 38 H
85 60 M
50 58 M
105 76 H
0 32 M
120 50 M
85 22 M
75 51 M
5 9 M
0 37 H
105 82 M
0 10 M
20 15 M
35 54 M
15 83 H
110 34 M
15 19 M
15 6 M
45 30 M
45 83 M
0 69 H
130 44 M
0 2 M
85 28 M
80 38 M
0 6 M
60 14 M
85 22 M
110 36 M
45 64 M
25 42 M
15 30 M
105 53 M
120 22 M
80 40 M
30 40 H
105 68 M
105 59 M
50 15 M
105 13 H
75 35 H
130 14 M
15 82 M
120 59 M
15 39 M
75 44 H
110 77 H
60 4 M
30 34 H
35 80 M
125 4 H
45 76 M
15 67 M
110 56 M
70 79 H
85 52 M
105 50 M
135 38 H
15 46 M
130 29 M
20 57 M
15 78 H
15 7 M
65 72 M
65 29 M
140 5 H
120 68 M
115 38 M
85 28 M
105 12 M
45 82 M
35 40 M
20 10 H
110 40 H
100 8 M
0 10 M
120 62 M
55 47 M
85 39 M
120 69 M
45 42 M
80 11 M
50 1 M
0 49 H
5 21 H
140 56 M
95 5 M
10 37 M
60 43 M
85 73 M
95 40 M
50 67 M
55 2 M
45 12 M
30 12 M
140 76 M
35 36 M
140 18 M
60 43 M
60 30 M
90 9 M
120 47 H
20 68 M
120 30 M
145 11 H
50 1 M
90 9 M
80 38 M
15 75 M
45 35 M
20 13 M
65 8 H
45 3 M
5 9 M
130 70 H
60 53 M
0 18 M
40 41 M
125 67 M
140 66 M
120 9 M
105 22 M
45 3 M
0 53 H
55 37 M
135 21 M
85 61 M
15 83 H
130 34 M
5 57 M
0 63 M
120 43 M
70 21 M
50 8 M
15 32 M
65 8 H
100 46 H
95 44 M
90 33 M
135 28 H
15 55 M
135 21 M
45 46 H
45 46 H
45 46 H
130 52 M
135 48 H
50 47 H
0 53 H
30 82 M
70 5 H
75 33 M
55 33 M
140 35 H
60 50 M
135 38 H
115 81 M
115 29 M
45 55 H
85 9 H
45 63 H
50 65 H
105 66 H
90 62 M
120 53 M
5 53 H
140 7 M
100 81 M
40 10 H
75 43 M
75 42 M
65 73 M
50 55 M
60 29 H
20 58 M
75 41 M
5 33 M
125 26 M
0 52 M
130 13 M
0 78 M
40 14 M
80 24 M
110 23 H
30 28 H
85 34 H
135 28 H
130 39 M
120 59 M
50 34 M
5 17 M
85 26 M
15 19 M
80 3 M
15 2 M
75 14 M
20 72 M
130 8 H
115 28 M
145 11 H
15 24 M
15 72 H
120 77 H
50 15 M
90 20 M
65 9 M
75 5 M
85 52 M
45 56 M
75 18 H
100 76 H
30 11 M
125 6 M
15 54 M
65 83 M
140 7 M
120 21 M
110 67 H
10 53 M
35 14 H
75 41 M
105 41 M
115 13 M
15 78 H
95 34 M
5 17 M
0 4 M
140 27 M
30 43 M
20 1 M
0 12 M
0 32 M
0 45 H
135 50 M
130 74 M
140 47 M
0 44 M
10 69 H
0 74 M
35 65 M
35 40 M
50 31 M
20 41 M
130 44 M
100 60 M
60 76 M
130 8 H
0 24 M
120 21 M
95 44 M
140 27 M
60 44 H
50 46 M
30 59 M
0 77 H
80 80 M
105 46 H
100 19 M
115 83 M
5 57 M
70 74 M
65 64 M
0 37 H
5 17 M
30 74 H
15 69 M
95 58 M
30 62 M
20 68 M
20 78 M
35 28 M
125 25 M
110 17 M
60 12 M
15 72 H
90 43 M
40 60 M
5 61 M
0 68 M
95 14 M
110 15 M
0 11 M
60 69 M
90 30 M
60 25 M
20 1 M
0 20 M
80 66 M
20 78 M
75 50 M
15 51 M
110 67 H
15 75 M
30 22 H
110 77 H
40 5 M
105 41 M
75 23 M
125 6 M
0 33 H
80 29 M
135 28 H
100 66 H
80 45 H
100 13 H
50 15 M
100 52 M
95 31 M
60 44 H
0 77 H
45 46 H
60 59 M
125 80 H
70 22 M
95 48 M
115 61 M
85 74 M
60 56 H
135 59 M
95 77 M
130 40 M
20 73 H
75 66 H
120 82 M
135 71 M
5 41 M
70 22 M
45 51 M
40 10 H
30 50 M
95 66 H
75 14 M
110 75 M
25 21 M
85 81 M
10 69 H
0 69 H
60 18 M
95 76 H
20 68 M
5 37 H
110 34 M
135 30 M
125 24 H
15 16 M
0 10 M
20 36 M
35 80 M
130 40 M
45 4 M
15 38 M
60 19 H
135 69 M
130 39 M
110 4 H
95 15 M
85 73 M
95 72 M
130 39 M
105 9 M
110 7 M
0 35 M
20 15 M
80 64 H
0 13 H
105 9 M
80 24 M
0 82 M
60 23 M
60 38 H
115 83 M
45 64 M
110 65 M
15 79 M
130 72 M
140 37 M
125 16 M
40 49 M
25 52 M
80 66 M
125 46 M
145 5 M
100 52 M
70 21 M
130 13 M
45 55 H
120 22 M
30 12 M
60 3 H
70 20 H
95 11 H
120 2 M
80 72 M
75 35 H
0 43 M
110 40 H
125 26 M
85 39 M
0 26 M
125 14 H
65 48 M
15 19 M
80 55 H
45 30 M
85 78 H
85 9 H
5 49 M
130 3 M
20 41 M
15 36 H
0 54 M
60 75 M
85 64 M
35 1 M
70 22 M
55 47 M
75 79 M
145 11 H
100 36 H
60 71 M
0 70 M
0 71 M
90 79 M
15 64 M
90 12 M
0 23 M
130 60 H
130 34 M
115 23 M
75 82 M
30 50 M
85 2 M
Consulta 9:
88 15 M
0 19 H
87 21 H
36 7 H
54 10 M
78 21 H
106 5 M
8 17 H
71 6 H
70 20 H
18 20 H
99 1 M
93 14 H
68 6 H
8 14 M
2 11 H
42 21 H
20 6 H
2 1 M
98 7 H
3 19 M
17 21 H
53 20 H
84 17 M
45 20 H
100 13 H
8 20 M
73 8 M
27 16 M
100 11 M
41 14 H
33 13 H
50 3 M
79 14 H
74 10 M
12 8 H
23 2 M
49 1 M
48 14 H
63 6 H
5 15 H
85 13 H
27 14 H
7 4 M
14 1 M
61 6 H
2 16 H
55 6 H
87 6 H
5 12 H
37 21 H
65 3 M
80 11 M
25 14 H
11 18 M
25 14 H
43 21 H
12 16 M
93 6 H
48 7 H
14 6 H
86 13 H
0 16 H
89 6 H
91 6 H
78 13 H
77 21 H
2 2 H
14 10 M
61 13 H
52 4 M
22 7 H
26 12 M
38 2 M
95 19 M
38 20 H
34 21 H
34 20 H
104 17 M
106 20 H
23 15 M
19 21 H
57 7 H
86 14 H
73 21 H
90 7 H
65 7 H
71 7 H
39 14 H
58 8 M
79 7 H
87 9 M
106 18 M
97 16 M
108 13 H
24 17 M
78 14 H
31 20 H
79 14 H
102 14 H
0 7 H
79 7 H
51 7 H
90 14 H
44 17 M
60 14 H
99 10 M
62 6 H
91 5 M
54 1 M
24 7 H
57 6 H
52 20 H
31 12 M
81 7 H
45 19 M
49 10 M
76 18 M
61 12 M
77 6 H
9 17 M
9 1 H
89 21 H
1 5 H
32 9 M
5 9 M
59 21 H
105 7 H
83 2 M
73 13 H
75 14 H
59 1 M
66 5 M
93 21 H
64 17 M
57 4 M
107 6 H
70 7 H
47 14 H
84 1 M
22 21 H
12 13 H
109 10 M
76 5 M
88 2 M
58 2 M
58 13 H
103 6 H
37 6 H
12 21 H
50 11 M
52 20 H
44 20 H
66 12 M
75 3 M
69 7 H
34 13 H
88 21 H
34 1 M
93 7 H
103 20 H
41 13 H
97 14 H
86 18 M
103 8 M
35 21 H
29 17 M
102 9 M
8 1 H
79 21 H
27 16 M
104 13 H
28 13 H
104 6 H
106 12 M
75 3 M
0 17 H
1 13 M
78 7 H
69 17 M
77 16 M
67 21 H
26 7 H
83 20 H
56 21 H
57 13 H
20 14 H
3 11 H
64 1 M
17 14 H
16 18 M
8 7 M
6 21 H
72 14 H
78 14 H
51 6 H
38 6 H
44 1 M
68 21 H
70 19 M
46 20 H
63 15 M
77 16 M
6 15 H
44 6 H
7 1 H
89 10 M
36 21 H
8 19 H
35 21 H
88 2 M
75 14 H
58 13 H
59 20 H
85 13 H
88 6 H
35 21 H
1 11 H
15 20 H
82 21 H
34 20 H
42 7 H
83 8 M
94 14 H
75 7 H
13 1 H
101 12 M
7 4 M
12 2 H
97 21 H
83 6 H
21 6 H
70 21 H
47 6 H
70 13 H
23 8 M
27 21 H
61 20 H
1 10 H
29 14 H
16 6 H
33 13 H
42 16 M
68 20 H
51 20 H
96 5 M
33 15 M
31 14 H
87 16 M
12 15 H
76 7 H
101 21 H
58 21 H
11 12 M
44 14 H
88 14 H
74 1 M
30 21 H
29 20 H
69 21 H
20 20 H
56 20 H
66 21 H
72 4 M
79 13 H
101 21 H
27 20 H
101 7 H
92 9 M
88 21 H
95 7 H
17 14 H
52 21 H
68 6 H
26 7 H
100 3 M
52 7 H
95 20 H
39 17 M
89 14 H
78 20 H
5 2 H
26 13 H
63 15 M
64 10 M
0 4 H
58 14 H
6 17 H
72 16 M
100 20 H
38 2 M
103 14 H
57 20 H
61 12 M
35 13 H
31 7 H
62 14 H
38 13 H
26 14 H
105 21 H
16 14 H
7 7 H
1 1 H
54 6 H
49 7 H
39 7 H
42 9 M
42 21 H
8 1 H
102 20 H
60 19 M
64 13 H
70 20 H
0 15 M
78 15 M
19 20 H
93 6 H
16 18 M
37 16 M
74 7 H
92 16 M
91 20 H
30 13 H
107 9 M
11 5 M
85 21 H
1 5 H
84 17 M
6 5 H
Consulta 10:
121 50 H
29 51 M
50 53 H
59 52 H
122 36 H
102 53 M
109 48 H
3 10 M
30 35 H
86 46 H
13 28 M
13 45 H
89 11 M
99 9 M
93 42 M
122 38 M
13 32 M
98 18 M
133 31 H
3 19 M
73 54 M
109 9 M
134 36 M
23 28 M
118 5 M
40 42 M
56 6 H
132 53 M
23 27 M
46 3 M
40 53 M
65 23 H
86 29 H
40 48 H
88 5 M
59 55 M
96 20 M
59 18 H
109 8 M
75 50 M
82 27 M
122 27 M
52 16 M
69 5 M
49 34 M
30 29 M
98 52 M
23 9 M
59 44 H
0 24 M
0 1 H
46 7 H
114 35 M
60 42 M
40 21 M
3 1 M
62 52 H
13 19 M
112 38 M
3 16 H
60 42 M
56 55 H
121 33 H
124 15 M
65 23 H
23 40 M
10 11 M
3 1 M
36 50 H
121 17 M
86 54 M
59 15 M
76 53 H
130 50 H
26 17 M
89 46 H
50 29 H
0 38 M
39 24 M
62 23 H
102 28 M
72 18 H
39 51 M
122 51 M
75 24 M
102 11 M
65 52 M
96 32 H
69 38 H
98 30 H
96 39 M
69 14 M
23 36 M
0 45 M
111 1 M
63 33 M
98 50 M
89 14 H
72 44 M
3 49 M
78 18 M
0 19 H
0 36 M
104 35 M
3 16 H
0 29 M
121 43 M
40 29 M
69 51 H
0 53 M
81 4 M
89 14 H
50 29 H
66 11 M
109 12 H
55 30 M
10 41 H
33 35 H
0 30 M
36 37 M
68 13 M
69 26 M
128 19 M
0 30 M
72 35 H
0 6 M
99 36 M
115 55 M
89 25 M
0 40 H
128 49 H
59 15 M
127 34 M
131 17 M
0 50 M
19 31 H
3 37 M
12 43 M
43 33 M
99 1 H
118 14 H
13 40 M
26 37 M
78 23 M
36 25 M
131 49 H
32 4 H
108 50 M
66 53 M
89 37 M
127 4 M
10 53 M
79 53 H
75 18 H
30 20 M
65 52 M
13 32 M
82 38 M
109 36 M
3 28 M
26 44 M
70 42 M
111 17 M
13 10 H
128 18 H
46 49 M
128 5 M
0 39 M
98 50 M
65 24 M
112 51 M
128 36 H
88 6 M
3 52 H
46 44 H
20 8 M
52 45 H
38 4 M
106 19 M
103 42 H
3 28 M
73 22 M
0 55 H
59 18 H
101 45 M
102 38 M
93 42 M
20 3 H
23 46 M
102 53 M
66 14 H
112 12 M
106 2 M
33 54 M
126 20 H
36 44 M
82 15 M
75 10 M
106 39 M
101 3 M
76 19 M
78 35 H
0 6 M
53 48 M
30 48 M
71 43 M
10 3 M
23 22 M
111 45 M
40 20 H
20 39 M
126 42 H
46 9 M
20 48 M
13 14 M
65 24 M
52 50 M
105 7 M
30 29 M
53 22 M
26 25 M
89 9 M
107 34 M
39 18 M
83 2 H
56 53 M
79 47 M
92 14 M
36 35 M
119 36 H
45 43 H
20 8 M
92 14 M
26 34 M
124 50 H
55 24 M
101 43 M
92 16 H
56 36 H
78 6 M
99 49 M
39 30 H
43 9 H
26 10 H
88 5 M
92 40 M
122 38 M
23 30 H
53 54 M
36 25 M
29 51 M
55 13 H
96 32 H
0 17 M
86 19 M
0 33 M
121 43 M
49 50 H
46 52 H
53 40 H
46 44 H
76 32 M
48 43 H
30 35 H
13 4 H
50 12 M
0 13 H
0 28 H
30 2 M
20 24 H
124 50 H
111 52 H
99 36 M
0 18 M
109 48 H
3 10 M
128 49 H
95 44 M
93 22 M
85 52 H
91 43 M
3 52 H
10 41 H
0 19 H
10 32 H
82 51 M
36 49 M
119 19 H
72 51 M
42 10 H
63 21 M
13 14 M
108 1 H
105 24 M
53 2 M
33 9 M
0 49 H
109 12 H
125 29 M
82 28 M
133 31 H
46 25 H
102 32 H
135 7 M
133 52 M
101 45 M
127 50 H
86 20 M
117 34 M
134 49 H
10 35 M
86 19 M
66 19 M
23 30 H
128 47 M
13 28 M
89 25 M
39 34 M
0 3 M
39 38 M
53 46 M
98 3 H
114 52 H
23 41 M
103 12 H
128 19 M
92 3 H
86 33 M
3 49 M
49 35 H
46 20 M
75 30 M
118 48 M
3 46 M
26 38 H
125 24 M
10 20 M
102 47 H
99 36 M
58 45 H
101 13 H
67 31 M
10 35 M
20 44 H
23 11 H
105 29 M
75 6 H
53 6 H
19 45 M
26 7 M
10 44 M
45 30 M
92 53 M
6 43 H
13 45 H
30 29 M
116 21 M
62 34 M
33 5 H
62 35 M
102 1 H
16 37 M
0 6 M
92 55 H
98 50 M
93 22 M
76 19 M
92 55 H
98 23 M
119 25 M
62 50 M
0 20 M
52 50 M
132 20 H
32 43 H
0 28 H
10 5 H
105 15 H
62 52 H
52 16 M
10 45 H
40 2 H
126 20 H
95 24 M
55 24 M
124 50 H
0 52 H
79 11 M
103 22 M
75 30 M
89 49 M
35 43 M
62 23 H
126 42 H
131 45 M
132 53 M
85 5 H
59 52 H
66 9 M
112 28 M
63 8 M
10 42 M
13 49 M
72 38 M
46 11 M
23 30 H
0 15 M
0 10 H
132 51 H
131 1 M
72 6 H
0 9 M
96 32 H
118 6 M
33 14 M
10 51 M
0 8 M
26 38 H
96 32 H
112 40 M
33 35 H
43 32 M
114 35 M
111 17 M
118 50 H
116 39 H
0 14 M
114 52 H
131 43 M
62 23 H
132 53 M
26 24 M
30 8 M
56 55 H
43 40 M
93 21 M
116 2 M
115 48 H
116 39 H
10 41 H
3 49 M
69 3 M
50 53 H
69 49 M
72 18 H
135 10 M
71 41 H
10 5 H
56 29 M
23 11 H
43 15 M
52 13 H
115 55 M
45 43 H
63 8 M
106 33 H
91 13 M
109 48 H
3 49 M
89 3 H
39 51 M
106 54 H
69 14 M
23 14 M
89 49 M
101 45 M
66 1 M
118 47 M
19 16 M
13 40 M
69 47 M
Consulta 11:
329 2 M
0 10 H
92 16 M
164 7 H
26 5 M
164 13 M
16 4 H
56 1 H
296 16 M
216 17 H
234 2 H
190 5 H
72 7 H
413 17 M
173 17 M
180 12 M
335 15 M
417 13 M
302 13 M
204 9 H
423 11 M
13 17 M
210 8 M
374 12 M
230 8 H
171 16 M
154 7 M
200 12 H
279 8 M
311 4 H
388 16 M
3 1 M
424 16 M
40 9 H
405 3 M
228 6 H
417 8 M
58 4 H
276 15 M
3 7 M
0 5 M
211 2 H
127 4 H
171 15 H
174 15 M
66 3 M
383 4 M
328 7 M
177 7 M
16 7 M
424 16 M
266 15 M
128 8 M
10 2 M
3 1 M
109 9 H
220 8 M
369 6 M
296 9 H
423 17 H
437 8 H
49 7 M
20 2 M
135 10 M
356 6 M
251 6 H
115 8 H
70 2 M
365 9 H
3 13 H
289 8 M
60 2 M
201 2 M
385 10 H
351 5 H
299 9 M
187 7 H
383 4 M
250 9 H
75 7 M
438 3 H
371 7 H
249 5 M
365 9 H
115 8 H
368 8 H
229 17 M
72 10 M
372 14 M
325 13 M
203 12 M
82 10 M
245 4 M
243 13 H
213 5 H
30 6 H
387 11 H
416 4 M
262 11 M
220 13 H
338 12 H
184 8 H
342 16 M
148 9 M
339 14 M
53 9 M
387 12 M
226 5 M
408 10 H
256 8 M
170 5 M
0 12 M
438 6 M
355 16 M
308 11 M
134 11 H
207 15 M
210 8 M
164 13 M
33 6 M
68 11 M
111 11 H
92 16 M
352 1 H
325 8 M
440 8 M
251 6 H
430 12 H
315 12 H
13 12 H
416 4 M
236 5 H
39 7 M
362 2 M
26 11 H
69 8 M
82 12 H
138 8 H
246 7 M
68 11 M
303 14 M
236 12 M
430 13 M
157 12 M
297 6 H
211 14 M
174 8 M
122 2 M
61 4 M
0 17 M
381 15 M
247 14 M
95 13 M
354 17 H
423 17 H
154 12 H
164 13 M
349 14 M
411 16 M
429 4 M
311 4 H
16 7 M
157 12 M
240 15 H
55 5 M
378 1 M
199 4 M
431 10 H
416 4 M
287 6 M
119 3 M
75 13 M
236 7 M
3 7 M
260 10 M
162 3 H
444 2 M
13 17 M
391 15 M
265 4 H
444 1 H
45 13 M
331 11 M
52 17 M
165 14 M
411 1 M
233 8 M
33 17 H
349 3 M
303 3 M
197 13 H
141 7 H
10 15 M
241 6 M
210 8 M
127 17 M
299 8 H
334 4 H
122 1 H
72 16 M
144 5 H
311 4 H
446 11 M
36 17 H
283 16 H
33 8 M
214 10 M
319 16 M
296 1 M
319 1 M
314 4 M
69 12 M
196 4 H
332 15 H
49 7 M
65 11 H
135 16 M
229 11 M
213 12 M
201 10 H
132 14 M
10 6 M
66 15 M
190 12 M
190 5 H
114 11 M
203 5 M
19 13 M
355 16 M
23 3 M
285 17 H
438 6 M
126 6 M
411 10 M
144 12 M
73 6 M
312 8 M
338 7 M
355 9 M
227 16 M
111 12 M
142 14 M
114 11 M
142 2 H
382 14 H
322 8 H
66 16 H
243 8 M
391 8 H
253 9 M
79 15 M
264 6 M
303 2 H
313 3 M
206 17 M
443 7 M
233 8 M
423 5 M
13 17 M
438 3 H
322 9 M
75 5 H
341 12 M
430 7 M
184 15 M
135 10 M
171 15 H
62 17 M
411 9 H
253 15 M
309 16 M
420 5 H
214 2 M
101 5 M
193 5 M
296 16 M
388 10 M
365 1 M
264 6 M
220 13 H
26 11 H
53 9 M
371 7 H
50 14 M
355 16 M
69 1 M
193 5 M
153 4 M
142 14 M
329 16 H
326 14 M
336 14 H
195 6 M
Consulta 12:
43 40 M
52 1 M
82 20 H
109 27 M
149 12 H
99 26 M
109 45 M
86 36 H
32 46 M
121 19 H
140 34 M
26 35 M
56 37 H
0 9 M
122 3 H
116 30 M
79 27 M
92 39 M
86 25 M
144 21 M
19 46 H
102 2 H
50 3 M
115 37 H
86 25 M
56 28 M
59 42 H
125 25 M
20 8 H
125 26 M
49 31 M
56 11 M
10 24 H
26 2 M
122 40 M
75 22 M
32 4 M
92 39 M
59 8 H
92 13 M
20 36 M
144 1 H
82 1 M
76 11 M
108 21 M
6 1 M
70 32 M
112 39 M
49 24 H
72 31 M
56 39 M
151 42 M
123 14 M
36 42 M
130 34 M
118 23 M
23 6 M
131 39 H
126 11 M
145 42 H
23 27 M
131 4 M
145 9 M
66 48 M
147 18 M
50 12 M
114 36 M
20 39 M
132 9 H
56 20 M
127 36 M
0 10 H
13 47 M
134 19 M
138 23 H
95 21 H
50 44 H
13 40 M
141 40 H
30 39 M
96 25 M
53 40 M
55 46 M
33 34 H
115 44 M
30 5 H
126 32 M
111 48 M
0 3 M
69 6 M
84 38 M
72 18 H
26 8 M
30 23 M
79 16 M
144 2 M
39 1 H
89 36 M
23 21 M
102 48 H
32 22 H
148 46 M
109 16 M
95 8 M
82 6 H
49 34 H
46 21 M
82 44 H
147 36 H
62 34 M
105 36 H
56 2 M
141 40 H
109 25 H
68 19 M
20 35 H
0 10 H
43 39 H
134 18 H
121 1 H
118 47 M
72 7 H
135 27 M
43 45 M
122 31 M
102 13 M
113 12 M
75 22 M
129 29 M
26 1 H
10 23 M
76 36 M
13 42 M
72 42 M
59 31 H
0 14 M
151 48 M
0 37 H
131 21 M
46 37 M
92 31 M
114 18 M
124 18 M
3 25 M
49 24 H
20 17 M
75 34 H
153 34 M
86 9 M
3 46 H
20 18 M
20 21 H
32 19 M
102 42 M
56 9 M
0 46 H
0 38 M
20 26 M
52 43 M
99 27 M
101 41 M
142 11 H
126 11 M
148 8 M
83 25 H
151 22 H
0 30 M
63 45 M
29 29 M
36 8 M
59 27 M
80 30 H
83 25 H
142 11 H
132 45 M
106 30 M
10 27 M
10 33 H
56 28 M
39 1 H
99 40 M
16 28 M
0 37 H
33 34 H
83 29 M
56 39 M
136 32 H
102 39 M
50 3 M
50 32 M
52 38 M
125 25 M
63 45 M
3 40 M
126 9 H
141 40 H
105 2 H
59 31 H
16 1 M
99 23 H
62 8 H
39 5 M
26 35 M
86 21 H
23 7 M
16 10 M
50 12 M
99 48 H
16 4 H
109 16 M
98 19 H
82 17 M
151 48 M
126 30 H
63 23 M
30 36 H
119 40 H
89 48 M
23 20 M
85 7 M
59 5 M
0 1 H
128 6 M
0 4 H
122 28 M
56 37 H
132 9 H
85 43 M
0 10 H
39 24 M
3 19 H
142 29 M
40 44 M
92 35 H
56 27 H
124 36 H
23 47 M
132 17 M
91 41 M
0 7 H
117 35 M
0 18 M
33 17 M
127 34 H
145 8 H
148 47 M
104 38 M
10 39 M
61 41 M
70 30 M
0 17 M
36 15 M
62 43 M
154 21 M
151 6 M
59 7 M
94 38 M
103 14 M
66 36 M
9 19 M
93 29 H
151 23 M
139 29 H
39 16 M
23 47 M
101 4 M
60 30 M
59 16 M
137 10 M
101 4 M
129 9 H
116 11 M
23 22 H
124 37 M
122 39 H
20 23 M
82 1 M
81 10 M
151 5 M
142 42 H
59 37 M
135 27 M
126 12 M
13 25 M
142 45 M
141 22 M
22 46 M
138 47 M
33 17 M
3 31 M
42 46 H
134 39 M
53 23 M
52 43 M
136 12 M
13 40 M
108 6 M
43 33 M
23 6 M
75 34 H
36 42 M
153 33 M
122 17 M
13 11 H
0 28 H
72 31 M
59 47 M
20 35 H
68 19 M
89 5 H
10 3 M
121 20 M
123 14 M
46 48 M
59 35 M
59 16 M
59 47 M
118 21 H
94 34 M
106 11 M
69 15 M
70 32 M
23 14 M
83 12 M
98 21 M
69 27 M
61 29 H
116 29 H
93 14 M
92 17 M
144 38 H
118 21 H
89 16 M
84 34 M
19 4 M
132 42 M
92 47 H
69 47 M
10 44 M
142 28 H
119 27 M
23 2 H
91 41 M
32 46 M
82 6 H
33 14 M
148 47 M
88 4 M
102 13 M
129 27 H
144 20 M
147 1 M
65 46 M
86 48 H
45 46 M
29 29 M
26 38 H
59 47 M
71 38 H
99 23 H
75 43 M
75 22 M
0 11 M
75 18 H
30 32 M
69 39 H
20 27 H
33 34 H
84 38 M
70 29 H
30 36 H
Consulta 13:
222 29 M
138 14 M
20 29 M
195 1 H
168 28 M
175 17 H
124 19 H
99 3 H
39 25 M
19 19 M
157 31 H
82 22 M
122 7 H
115 27 M
207 6 M
181 7 M
148 22 M
203 10 H
206 31 M
197 18 H
53 6 M
138 25 H
23 20 M
106 8 M
85 16 H
49 9 M
178 26 M
98 12 M
19 31 H
124 5 M
177 12 M
72 22 M
13 31 H
132 15 H
68 19 M
26 18 M
79 15 M
187 13 M
158 22 M
76 14 M
142 26 H
98 12 M
135 27 H
82 7 M
125 20 H
131 12 M
175 9 M
142 17 M
144 3 M
30 21 M
3 28 H
102 32 M
137 31 M
153 29 M
167 5 H
158 27 H
195 2 M
59 33 M
46 15 M
43 26 M
147 10 M
0 6 M
69 22 H
91 19 M
193 5 M
49 16 M
115 27 M
43 13 M
167 16 M
181 28 M
194 6 H
101 5 M
142 9 M
20 8 M
59 7 H
207 27 M
59 7 H
32 10 M
79 29 H
53 6 M
214 22 H
174 13 M
53 13 M
65 25 M
153 29 M
139 2 M
200 12 M
172 11 M
138 13 H
148 22 M
79 30 M
30 8 M
181 7 M
157 16 M
20 21 M
29 5 M
207 25 H
101 23 M
86 27 H
148 33 H
136 11 H
226 23 M
135 33 M
132 17 M
187 4 M
20 8 M
75 4 M
118 4 M
3 10 H
93 21 M
187 4 M
171 7 M
227 22 M
226 5 M
16 1 M
185 1 M
111 5 M
154 32 H
154 24 M
214 7 H
99 27 M
10 24 M
122 26 M
170 31 M
112 27 H
181 7 M
0 8 M
197 33 H
177 3 H
79 29 H
0 22 H
188 26 H
94 29 H
200 12 M
204 28 M
75 23 H
33 27 M
103 11 M
175 21 M
167 16 M
180 32 M
99 27 M
43 26 M
203 16 M
0 22 H
185 21 M
197 4 H
149 2 M
59 16 H
200 3 H
132 8 M
46 7 M
97 29 M
59 33 M
10 8 M
170 5 M
102 3 H
168 7 H
158 27 H
170 10 M
154 4 M
164 24 H
204 28 M
Consulta 14:
72 15 H
69 13 M
44 9 H
64 23 H
65 15 H
23 22 H
49 12 M
63 5 M
68 5 H
43 18 M
28 11 H
2 16 H
49 26 M
35 24 H
5 9 M
63 18 H
17 8 H
46 7 H
75 6 H
53 14 H
33 21 M
35 18 H
53 27 H
76 12 H
71 16 H
23 17 M
57 11 M
51 15 H
38 8 H
78 17 H
21 17 H
33 7 M
Consulta 15:
85 62 M
0 7 M
130 26 H
165 20 M
155 16 M
145 61 M
95 23 M
50 13 M
30 6 M
95 32 M
160 33 M
40 45 M
120 38 M
65 8 M
135 19 M
165 40 M
15 6 M
5 25 M
110 60 M
45 31 M
160 4 M
145 2 M
15 18 M
35 55 M
175 22 H
35 39 M
185 49 M
100 54 H
75 38 M
40 33 H
0 45 H
145 41 M
65 59 H
170 7 M
185 18 M
15 14 H
35 62 M
130 62 M
0 8 M
170 7 M
60 22 M
190 3 H
50 33 M
75 6 M
10 5 M
145 40 H
35 33 H
0 23 M
75 19 M
95 51 M
5 41 M
30 5 M
30 35 H
75 2 M
105 31 M
75 30 M
0 52 M
125 25 M
110 54 M
160 14 M
105 31 M
60 36 M
65 13 M
95 5 M
50 28 H
130 22 M
95 40 M
175 63 M
70 47 M
140 44 M
45 20 M
25 3 M
0 8 M
170 46 M
5 53 H
55 61 M
0 54 M
40 7 M
180 29 H
35 39 M
100 39 M
180 11 M
45 56 M
60 2 M
80 4 M
130 7 H
125 23 M
35 19 M
65 6 H
90 57 M
135 6 H
0 14 M
45 58 H
60 10 M
60 15 H
85 34 M
90 28 M
110 53 M
170 27 M
165 51 M
125 32 H
120 56 M
80 33 H
0 35 M
45 18 H
50 21 M
5 53 H
35 19 M
100 41 M
60 63 M
170 27 M
130 52 M
65 18 M
95 53 M
80 1 M
80 17 H
90 2 H
160 52 M
35 62 M
80 63 M
65 44 M
35 41 H
135 39 M
30 2 H
100 59 M
180 20 M
125 15 M
5 13 M
15 54 M
30 47 H
60 10 M
145 53 M
170 56 M
160 14 M
55 2 H
170 36 M
165 51 M
120 31 M
175 5 M
115 7 M
65 21 M
145 51 M
140 46 M
160 24 M
145 1 M
110 40 H
55 11 M
140 13 H
125 35 M
60 30 M
0 24 M
0 42 M
0 38 M
25 53 M
65 43 M
0 54 M
0 29 H
105 44 H
185 36 H
0 27 M
0 40 M
115 26 M
180 21 M
150 39 M
15 44 H
145 53 M
115 21 M
0 27 M
0 43 M
160 33 M
45 4 H
45 18 H
80 26 H
155 15 M
45 58 H
0 39 M
180 30 M
135 7 M
160 63 M
130 41 M
15 52 M
135 30 M
90 20 M
145 62 M
45 43 M
135 36 H
75 2 M
60 28 M
165 19 M
145 13 M
50 47 H
180 32 M
185 18 M
5 17 M
145 11 M
75 14 H
105 20 M
120 20 M
155 37 M
180 2 M
160 11 H
150 19 M
175 14 M
15 28 H
55 34 M
185 19 M
20 9 M
95 54 H
75 45 M
185 49 M
35 54 M
90 28 M
170 58 M
35 19 M
100 24 H
15 51 M
80 52 H
60 2 M
185 37 M
165 48 H
140 63 H
25 57 M
115 52 M
190 16 M
75 22 H
80 29 M
65 50 H
95 53 M
80 5 M
70 34 M
105 38 M
170 27 M
135 7 M
120 31 M
100 35 M
160 63 M
120 16 M
115 26 M
0 51 M
70 6 H
20 41 M
0 20 M
20 29 M
15 44 H
45 5 M
140 56 M
130 39 H
165 19 M
75 14 H
95 2 M
70 61 M
135 49 M
170 5 H
65 4 M
0 26 M
65 6 H
190 4 M
155 55 M
105 6 M
0 38 M
190 34 M
70 24 M
85 26 M
85 24 M
35 29 M
15 46 M
0 39 M
5 21 H
165 59 M
155 6 M
180 10 M
30 40 H
155 5 M
175 35 M
175 23 M
25 53 M
180 39 H
135 39 M
175 54 M
180 50 M
0 52 M
170 16 M
15 54 M
90 53 H
120 20 M
145 21 M
135 36 H
110 49 H
70 41 M
0 31 M
125 44 M
135 10 M
65 44 M
120 31 M
45 59 M
30 31 M
80 62 H
125 4 M
55 45 H
185 16 H
35 1 M
160 63 M
0 48 M
170 56 M
60 22 M
25 53 M
80 27 M
150 48 M
55 53 M
0 21 H
70 53 M
80 33 H
30 31 M
35 62 M
0 44 M
5 17 M
105 19 M
70 47 M
80 52 H
80 26 H
105 55 M
75 10 M
65 9 M
5 9 M
160 33 M
110 42 M
80 4 M
160 34 M
115 26 M
55 45 H
45 32 M
60 43 H
160 42 M
180 22 M
80 60 M
85 59 M
60 2 M
15 15 M
35 54 M
120 38 M
100 25 M
30 52 M
65 44 M
60 6 H
0 48 M
185 37 M
175 2 H
190 36 M
160 4 M
145 9 H
Consulta 16:
65 32 M
220 16 M
125 23 M
20 29 M
240 23 H
235 37 M
45 12 M
50 3 M
195 20 M
265 24 M
165 10 M
250 22 M
155 9 H
110 8 M
75 25 M
105 2 M
220 7 M
300 27 H
20 37 M
135 16 M
295 6 M
280 30 M
30 34 M
285 37 M
0 1 H
15 4 H
270 21 M
295 26 M
320 1 M
145 6 M
60 22 M
0 15 M
0 16 M
285 22 M
175 28 M
85 21 M
235 29 M
200 35 M
265 2 H
80 32 M
60 4 M
70 37 H
290 21 M
55 33 H
40 25 H
75 13 M
155 21 M
45 24 M
120 22 M
300 18 M
0 15 M
170 22 M
60 33 M
85 27 M
305 34 M
110 30 H
100 24 M
0 8 M
100 11 M
215 4 M
270 12 M
285 22 M
175 28 M
130 18 H
160 26 M
170 16 M
180 24 M
120 27 M
230 26 M
275 36 H
85 11 M
15 26 M
30 28 H
0 22 M
0 37 H
15 23 M
30 11 M
195 10 M
235 11 H
140 34 M
125 34 M
15 27 M
255 27 M
40 25 H
65 11 H
305 7 M
105 9 H
15 12 M
315 10 M
100 36 H
170 31 M
160 20 H
115 24 M
5 37 M
90 12 M
35 23 H
80 26 M
145 17 M
130 24 M
40 25 H
260 23 M
315 2 H
285 11 H
310 38 M
205 16 M
115 30 M
230 4 M
195 20 M
45 12 M
255 11 M
120 31 M
60 12 M
115 21 H
260 10 H
205 7 M
5 17 M
120 7 M
285 16 M
270 2 M
195 36 M
165 35 M
20 21 M
145 6 M
90 9 M
110 32 M
110 23 M
90 33 H
90 13 H
75 31 M
270 21 M
0 8 M
80 15 M
250 18 M
190 32 H
95 17 M
30 11 M
275 38 M
15 6 M
230 30 M
220 2 M
20 13 M
75 27 H
185 21 H
60 24 H
135 27 M
120 16 M
80 26 M
30 7 M
245 24 H
260 38 M
45 2 M
15 24 H
180 18 H
315 24 M
135 7 M
30 3 H
0 17 H
25 24 H
265 4 M
50 13 H
65 3 H
50 10 M
75 22 M
105 20 H
120 15 H
30 2 M
170 7 M
35 10 M
70 20 M
65 37 H
245 32 M
260 10 H
170 7 M
205 38 H
320 25 H
235 29 M
190 31 M
195 24 H
125 13 M
195 30 M
300 7 H
120 33 M
30 6 M
60 15 H
250 24 M
35 19 M
140 13 H
160 3 M
315 4 M
70 14 M
130 6 M
50 21 H
30 24 M
110 32 M
50 3 M
310 36 M
270 34 H
295 4 H
285 21 H
75 23 M
180 20 M
230 4 M
90 31 M
235 1 H
150 12 M
170 34 H
310 19 M
210 6 M
160 26 M
200 7 H
295 20 M
265 20 M
245 4 H
230 35 M
130 29 H
290 28 M
315 14 M
150 33 M
135 12 M
20 9 M
230 8 H
160 19 M
170 7 M
170 31 M
220 5 H
150 37 H
185 37 M
260 10 H
115 14 M
250 8 M
280 26 M
120 16 M
210 13 M
205 19 H
225 36 H
255 31 M
85 29 M
155 1 M
285 1 H
195 32 M
85 11 M
185 33 M
275 36 H
255 37 M
20 4 H
50 11 M
200 7 H
0 19 M
240 23 H
230 20 M
250 14 M
235 37 M
0 36 M
210 6 M
280 8 H
80 15 M
150 7 H
155 9 H
290 38 M
15 8 M
205 25 M
315 10 M
85 14 M
80 1 M
135 22 M
50 21 H
140 13 H
285 27 M
190 28 M
100 3 M
225 23 M
75 37 M
125 4 M
280 26 M
145 24 H
315 8 M
50 1 M
235 7 M
170 34 H
Consulta 17:
320 13 M
30 20 M
220 25 H
265 6 H
210 7 M
5 29 M
45 27 M
315 16 H
375 31 M
45 18 M
160 21 M
125 26 M
30 6 M
315 28 M
140 25 M
380 3 M
150 2 H
225 12 H
350 10 M
55 1 M
30 4 M
325 32 H
Consulta 18:
26 47 H
27 54 H
23 31 H
20 20 H
0 32 H
2 64 M
29 57 H
29 55 M
9 33 H
5 54 H
17 8 M
20 47 H
9 41 H
20 39 M
20 46 M
26 24 M
25 2 M
11 46 H
6 36 H
2 37 M
28 21 H
1 10 H
14 17 H
2 29 M
19 22 M
5 15 H
12 16 H
1 56 H
16 67 H
13 16 M
21 62 H
19 62 H
4 47 M
1 56 H
6 3 H
7 33 H
8 31 M
18 6 H
11 26 H
Consulta 19:
105 52 M
30 40 M
175 18 M
0 47 M
30 58 M
0 13 H
65 42 M
175 61 H
90 6 H
115 66 H
120 44 M
110 34 M
100 64 H
20 21 M
175 45 M
15 54 M
170 33 M
120 66 M
155 65 H
160 29 H
65 35 M
115 58 M
30 38 M
80 3 M
130 15 H
100 25 M
0 3 M
105 59 H
135 66 M
0 55 M
55 39 M
85 35 M
60 38 M
45 16 M
120 53 M
175 56 M
Consulta 20:
405 18 H
345 16 M
145 3 H
435 7 M
425 27 M
60 3 M
0 28 M
310 16 M
200 13 M
110 8 M
135 17 M
320 24 H
120 4 H
260 25 M
180 23 M
175 2 M
30 28 M
220 26 M
75 28 M
200 13 M
285 20 H
430 7 H
50 19 M
245 2 M
165 3 M
45 24 H
30 4 M
220 4 H
305 20 M
135 1 M
440 2 H
70 1 H
135 21 M
390 2 H
155 18 H
270 26 M
140 14 M
335 1 M
105 1 M
160 2 M
240 12 H
305 24 M
70 2 M
130 7 H
215 1 H
255 14 M
315 19 M
65 26 M
115 11 H
130 23 M
355 4 M
270 11 M
160 9 H
315 17 M
160 9 H
15 3 M
135 7 M
340 4 M
250 3 M
215 7 M
395 9 M
210 12 M
305 18 H
160 8 M
425 22 M
175 8 M
370 11 M
250 23 M
395 12 M
0 20 M
120 26 M
205 20 M
145 16 M
340 14 M
215 23 M
95 22 M
305 8 H
260 19 H
415 23 M
125 22 M
55 5 H
275 22 M
165 11 H
200 23 M
405 26 M
185 28 M
175 24 M
195 16 M
70 20 M
30 7 H
360 18 M
70 1 H
25 1 M
215 17 M
105 14 M
400 5 H
285 26 M
15 28 M
370 24 H
175 14 M
170 4 H
Consulta 21:
13 2 H
125 11 H
210 5 M
311 19 H
118 5 M
10 12 M
85 2 M
295 15 M
316 13 H
268 1 M
341 15 M
312 11 M
194 14 M
108 16 M
212 1 M
314 19 M
229 18 M
197 5 M
189 2 H
139 22 M
114 2 H
36 1 M
191 8 M
275 18 M
53 8 M
237 13 M
296 14 H
30 17 M
137 12 M
49 2 M
216 18 H
22 7 M
112 3 M
92 17 H
239 15 M
243 16 H
62 7 H
290 9 H
105 11 M
0 19 H
279 16 M
125 10 M
189 20 M
45 12 H
0 8 M
99 3 M
256 5 M
148 4 M
227 13 M
88 6 H
197 17 M
151 5 M
233 16 M
26 22 M
192 6 H
335 17 M
138 4 M
98 15 M
281 1 M
206 18 M
336 7 M
62 15 M
26 10 M
133 18 M
271 20 M
40 8 M
304 2 H
99 8 M
48 12 H
187 12 H
163 1 H
86 3 H
144 20 H
332 10 M
184 5 H
245 1 M
258 2 H
240 11 H
214 13 M
135 3 M
79 22 M
46 19 M
329 10 H
276 17 H
186 1 H
56 4 M
201 8 M
63 9 M
119 9 M
145 13 M
66 19 M
183 18 M
213 15 H
273 13 M
256 16 M
92 17 H
115 17 H
73 18 M
319 14 H
293 8 M
3 1 M
231 7 M
227 13 M
274 6 M
250 4 H
320 22 H
240 11 H
283 3 M
73 18 M
296 13 M
49 16 M
20 14 M
59 16 H
261 2 M
166 1 M
243 16 H
191 8 M
0 11 M
183 18 M
72 2 M
127 12 M
76 8 M
296 3 M
289 5 M
73 9 M
308 15 M
69 22 M
76 10 H
82 2 H
174 5 M
43 17 H
304 1 M
159 21 M
56 4 M
125 4 M
161 4 M
326 9 M
243 17 M
23 18 M
302 12 H
128 16 H
227 3 M
3 22 M
274 22 H
312 11 M
319 4 H
23 1 H
50 21 M
115 1 M
209 1 H
0 3 M
220 16 H
10 21 M
192 21 M
178 3 H
323 22 M
89 13 M
16 2 M
107 12 M
86 13 H
333 7 H
195 22 M
196 18 M
66 3 M
275 18 M
171 14 M
148 4 M
97 6 H
161 11 M
204 4 H
218 6 M
99 22 M
181 3 M
122 8 M
59 22 M
234 8 H
330 2 M
224 13 H
33 11 M
319 13 M
13 4 M
154 16 M
39 2 M
36 4 M
29 16 M
139 7 M
281 1 M
83 9 H
276 4 M
0 11 M
122 3 M
167 12 M
201 13 H
304 2 H
86 3 H
99 8 M
221 7 M
69 1 M
108 16 M
46 13 M
299 11 M
158 13 M
191 8 M
337 20 H
122 10 H
265 19 H
52 20 H
62 2 M
32 6 H
304 1 M
260 8 M
39 16 M
332 4 M
36 12 H
65 20 M
20 5 H
49 15 H
10 3 M
10 21 M
204 3 M
63 14 H
3 4 M
73 9 M
270 3 H
316 3 H
100 21 M
26 6 H
279 5 M
184 4 M
22 7 M
59 2 H
118 5 M
66 10 M
26 10 M
55 6 M
65 7 H
313 7 M
26 6 H
289 5 M
242 18 M
324 19 M
145 8 M
141 15 H
79 4 M
72 5 M
248 21 H
306 3 M
287 7 H
246 16 M
59 1 M
36 19 M
102 4 M
135 10 M
128 11 M
250 14 H
43 11 M
264 6 M
150 20 M
95 5 M
76 13 M
243 17 M
230 11 M
141 15 H
308 18 H
86 19 M
56 13 M
242 19 H
182 22 H
148 11 H
159 22 H
50 8 H
16 10 M
319 3 M
247 9 M
300 22 M
281 2 H
176 19 M
210 5 M
221 7 M
262 18 H
279 12 H
186 1 H
149 6 M
112 13 M
220 5 M
126 7 H
105 17 M
225 20 M
325 17 M
274 6 M
57 12 M
75 20 H
59 22 M
232 19 M
105 17 M
43 17 H
168 13 M
158 13 M
184 17 H
53 18 M
222 19 M
165 9 M
36 22 M
159 22 H
273 13 M
190 12 M
0 2 M
264 22 M
118 17 M
235 1 M
75 20 H
10 20 H
0 10 H
39 20 H
226 15 M
323 22 M
315 16 M
202 2 M
53 8 M
228 21 M
42 12 H
46 22 M
13 11 M
128 16 H
178 8 M
116 7 M
216 18 H
40 8 M
306 10 H
289 5 M
327 20 M
238 21 M
258 2 H
283 8 M
256 17 M
235 2 H
108 15 M
309 4 M
76 3 M
337 19 M
53 3 M
79 22 M
322 11 M
10 5 M
29 16 M
159 21 M
262 18 H
66 14 H
147 20 H
145 8 M
296 14 H
0 14 M
30 3 H
168 3 M
59 5 M
248 20 M
155 3 H
320 22 H
260 3 M
245 20 H
101 20 M
300 7 M
227 10 M
116 7 M
119 9 M
244 7 M
237 10 H
126 7 H
168 13 M
105 2 H
149 7 H
154 15 M
46 4 M
80 7 H
126 6 M
196 19 H
259 15 H
164 5 M
119 8 H
296 3 M
3 13 M
188 8 H
331 18 H
131 1 H
283 10 H
91 6 H
39 20 H
164 17 M
205 21 M
105 5 M
10 17 M
117 2 H
62 2 M
261 21 M
72 2 M
120 2 H
319 13 M
92 1 M
55 20 M
175 9 H
184 14 M
52 7 M
72 17 M
54 12 H
10 6 H
16 2 M
144 15 M
73 8 H
291 1 M
335 17 M
184 5 H
138 17 H
284 2 M
133 2 M
87 12 M
218 7 H
26 20 M
49 2 M
46 17 H
75 15 M
0 21 M
121 15 M
189 20 M
172 7 H
204 13 M
59 17 M
225 20 M
256 12 H
153 21 H
254 7 M
Consulta 22:
231 4 M
40 14 H
190 16 M
394 18 M
6 1 H
286 10 M
69 9 M
283 14 M
167 5 M
82 18 H
321 1 M
243 18 H
35 1 M
395 17 H
108 5 M
36 5 M
407 15 H
88 15 M
201 14 H
381 9 M
341 12 H
338 5 M
210 18 M
387 2 M
242 1 M
392 8 M
155 17 M
113 8 H
244 3 M
250 10 H
219 1 M
335 9 M
319 11 M
359 3 M
415 8 M
415 3 H
403 1 M
208 3 H
108 18 M
326 3 M
357 1 M
208 4 M
210 18 M
104 1 M
331 12 M
275 12 M
160 1 M
158 11 M
236 13 H
53 14 M
151 6 H
348 7 M
144 2 M
266 18 H
272 2 M
33 16 M
39 10 M
0 13 H
392 4 M
188 3 M
52 2 M
323 8 M
63 4 M
402 8 M
183 12 M
382 4 M
214 11 H
135 14 M
19 7 M
137 12 M
407 15 H
387 13 M
328 16 M
30 14 M
46 6 M
103 8 M
266 18 H
328 16 M
213 13 H
312 6 H
250 11 M
331 1 H
89 10 H
203 2 M
413 12 M
417 6 M
228 8 H
263 10 M
319 11 M
72 5 H
377 13 M
139 4 M
230 7 H
338 15 H
407 2 H
105 9 M
164 6 M
315 2 H
95 5 H
112 10 H
180 2 M
187 7 M
290 4 M
35 1 M
56 15 H
122 14 M
223 6 M
279 16 H
191 14 M
378 10 M
49 10 M
197 18 H
103 8 M
108 2 H
296 11 M
89 14 M
229 12 M
269 2 H
351 15 M
98 15 M
138 7 H
69 7 H
380 1 M
16 7 H
32 18 M
134 13 M
269 2 H
257 3 M
319 11 M
83 4 M
411 11 M
0 15 M
397 2 M
203 2 M
356 8 M
0 3 M
338 5 M
193 13 M
136 8 H
119 3 M
0 10 H
299 9 M
352 14 M
91 12 M
274 8 H
275 1 M
144 5 M
181 11 M
329 17 M
92 7 H
384 2 H
407 16 M
351 16 M
13 2 H
197 18 H
78 1 H
302 18 M
243 7 M
296 14 M
135 10 H
3 1 H
331 13 M
197 9 M
266 9 M
181 11 M
93 3 H
266 18 H
210 7 M
82 18 H
10 11 H
121 13 H
318 12 H
213 16 M
157 12 H
85 6 M
316 14 H
13 2 H
315 15 H
384 15 H
264 8 M
384 16 M
59 7 M
313 3 M
144 15 M
20 3 M
323 3 H
243 9 M
191 11 H
365 11 M
154 15 H
288 1 M
335 9 M
230 7 H
305 15 M
343 8 H
70 8 M
88 12 H
335 9 M
365 10 H
420 15 M
345 7 H
96 17 H
193 1 H
269 15 H
72 18 M
89 10 H
102 10 M
305 16 M
126 8 M
279 16 H
0 1 H
145 14 M
168 11 H
129 4 M
322 9 M
151 9 M
339 14 H
417 6 M
80 3 H
267 3 M
131 18 M
0 8 M
181 11 M
292 18 M
309 11 M
90 8 H
102 11 M
92 10 M
82 9 M
43 9 H
331 13 M
210 16 H
338 5 M
260 14 M
172 8 M
276 9 M
105 6 H
70 3 M
91 1 M
244 4 M
161 7 H
26 5 M
194 10 M
132 14 H
52 18 M
319 14 M
213 5 M
16 7 H
43 4 M
73 4 M
10 6 H
325 6 M
26 2 M
46 9 M
20 18 H
213 16 M
260 17 M
108 16 M
129 3 M
243 18 H
415 8 M
217 11 M
407 16 M
280 17 H
344 1 M
280 3 M
0 13 H
101 12 M
60 8 M
207 10 M
203 12 H
391 10 M
405 3 M
287 4 H
375 14 M
26 2 M
333 8 M
397 16 M
365 10 H
98 5 M
200 6 M
243 6 H
128 9 M
0 6 M
368 7 H
151 7 M
92 9 M
310 8 M
46 6 M
328 13 H
68 12 M
250 10 H
378 9 H
220 18 H
378 10 M
306 14 M
348 6 M
101 12 M
223 6 M
50 17 H
13 15 H
236 15 M
98 16 M
395 3 M
341 13 M
260 11 H
195 4 H
305 13 H
193 13 M
220 6 H
387 13 M
374 13 H
0 12 M
Consulta 23:
56 60 M
10 53 H
90 15 M
0 12 M
65 23 H
89 1 M
89 25 M
50 38 M
59 29 M
82 62 M
82 43 M
78 49 M
20 5 M
66 42 H
52 23 H
58 71 H
82 44 H
49 23 H
69 19 H
23 16 M
66 54 M
66 28 H
30 2 H
53 72 M
63 72 M
32 49 M
22 40 M
0 66 M
83 56 H
83 63 M
23 7 H
75 19 M
46 34 H
30 65 M
73 26 M
0 25 H
36 32 H
0 20 M
81 71 M
91 47 M
19 22 M
0 69 M
32 27 M
26 57 H
0 63 M
43 26 M
0 45 M
23 35 M
Consulta 24:
0 5 H
15 36 M
105 15 H
25 29 H
175 41 M
145 32 M
170 7 M
55 32 M
45 16 H
195 51 M
140 28 M
180 52 M
210 33 H
50 14 M
110 56 M
210 1 M
200 35 M
200 47 H
175 22 H
90 11 M
80 8 H
105 7 M
175 31 M
0 13 H
60 22 M
165 3 M
90 18 M
120 50 M
100 16 M
15 4 M
180 4 M
180 13 M
175 51 M
50 57 M
200 5 M
125 48 M
150 27 H
75 36 H
75 26 M
210 22 M
105 41 M
185 25 M
50 41 H
65 4 M
180 14 M
30 38 M
200 57 H
195 53 M
40 5 M
185 55 M
195 32 M
55 37 M
210 32 M
30 20 H
145 21 M
115 44 M
5 37 M
160 51 M
0 34 M
125 29 M
65 10 M
115 13 M
200 15 M
0 12 M
120 28 M
15 26 M
0 18 M
185 5 M
130 1 M
155 18 M
30 43 M
205 50 H
115 23 M
155 8 M
105 37 M
80 10 M
70 41 M
20 57 H
170 37 M
110 14 M
15 38 M
180 55 H
190 29 M
185 55 M
15 23 H
30 7 H
210 11 M
40 50 M
30 46 M
30 42 M
0 10 M
210 30 M
0 23 M
20 23 M
0 23 M
155 49 M
100 35 M
45 2 H
60 4 H
15 32 M
90 26 H
15 52 M
170 19 H
35 20 M
55 24 M
85 53 H
120 46 M
110 48 M
15 40 M
165 23 M
40 5 M
20 9 M
45 35 M
80 29 M
30 24 M
15 6 M
120 16 M
155 47 M
100 36 M
180 15 H
15 34 H
60 22 M
80 46 H
200 54 M
145 44 H
205 30 H
160 21 M
0 29 H
0 42 M
180 13 M
190 39 M
180 55 H
0 28 M
75 43 M
20 55 M
70 13 M
65 4 M
105 3 M
65 40 M
210 21 M
130 1 M
35 39 M
205 40 H
210 13 H
190 39 M
80 55 H
50 24 H
165 14 M
145 14 H
180 45 H
210 10 M
65 20 M
155 40 H
95 49 M
170 16 M
165 34 M
95 30 M
195 33 M
135 41 H
180 3 M
205 20 H
20 33 M
205 48 M
75 11 M
125 21 M
75 36 H
170 10 H
170 48 M
65 21 M
200 5 M
200 46 M
150 7 H
205 39 M
45 29 M
195 34 H
50 23 M
50 16 H
30 29 M
75 51 M
130 24 M
170 49 H
65 31 M
55 53 M
65 28 M
85 27 M
60 38 H
130 1 M
110 2 M
205 18 M
165 35 M
190 41 H
180 4 M
200 34 M
155 37 M
75 3 M
0 48 M
110 14 M
75 33 M
130 55 H
105 8 M
5 41 M
35 50 H
175 22 H
120 18 M
210 31 M
Consulta 25:
540 15 M
760 4 M
385 8 M
705 11 M
195 7 M
360 13 M
60 15 M
635 5 M
570 1 M
520 10 M
335 3 H
805 8 M
450 12 M
475 13 H
620 14 M
525 12 H
375 6 M
285 2 H
20 2 H
790 7 H
490 7 H
500 14 M
370 4 M
570 2 M
495 13 H
490 10 M
580 8 H
110 12 M
715 3 H
0 5 H
115 3 H
705 11 M
150 2 M
400 4 M
400 13 M
50 9 M
170 12 M
40 13 M
610 12 M
285 6 M
795 3 H
Consulta 26:
28 2 H
100 10 H
144 13 M
133 3 H
15 9 H
147 9 H
128 11 M
150 10 H
47 10 H
69 4 M
106 10 H
120 3 H
3 8 M
142 9 H
136 10 H
13 10 H
141 2 H
22 12 M
103 9 H
138 10 H
161 1 M
47 10 H
122 9 H
60 10 H
152 10 H
151 1 M
7 13 H
24 13 M
155 2 H
160 2 H
70 2 H
109 13 M
7 1 H
135 2 H
0 7 H
163 10 H
41 10 H
61 8 M
52 9 H
78 5 M
80 3 H
127 9 H
160 7 M
75 9 H
16 1 M
5 11 M
158 9 H
138 11 M
16 8 M
121 2 H
114 3 H
89 4 M
96 14 M
120 10 H
124 3 H
10 8 H
69 13 M
158 2 H
0 7 H
141 9 H
141 8 M
144 4 M
Consulta 27:
220 1 M
110 28 M
40 4 M
135 32 M
45 8 M
230 25 H
0 17 H
95 41 H
170 16 H
150 25 M
45 20 H
90 26 M
80 2 M
75 10 M
95 22 M
205 44 M
50 30 M
5 41 M
250 15 M
180 25 H
5 25 M
250 42 H
15 34 M
180 13 M
100 14 M
190 18 M
15 19 H
185 15 M
30 8 M
155 16 M
30 22 M
245 11 M
0 3 M
255 16 M
210 39 M
165 7 H
25 1 H
45 26 M
230 2 M
210 22 H
235 17 M
60 33 M
75 2 H
15 31 M
270 17 M
150 14 M
215 23 M
195 10 M
0 31 M
205 34 M
155 26 M
235 12 H
175 11 H
0 9 H
35 5 M
60 7 M
270 12 M
135 9 M
0 26 M
250 33 M
45 22 M
15 31 M
130 4 M
180 33 M
220 44 M
260 18 M
230 4 M
85 15 M
145 31 M
195 41 M
225 38 M
260 39 M
130 13 M
175 8 M
135 42 M
270 24 M
210 21 M
165 31 M
50 10 H
50 3 M
45 16 M
190 10 H
220 34 M
15 4 H
0 12 M
175 36 M
170 44 M
10 1 M
25 4 M
125 29 M
230 3 M
50 36 H
0 29 H
130 4 M
270 12 M
30 17 H
245 11 M
155 16 M
0 10 M
55 9 M
190 37 M
220 42 M
155 1 M
210 13 H
110 20 M
240 34 M
245 23 H
80 23 M
265 17 H
115 23 M
170 32 M
190 26 M
140 37 M
210 31 H
170 40 M
275 8 M
95 3 M
180 39 M
160 31 H
170 24 M
150 32 H
165 4 M
255 9 M
130 3 M
185 42 M
145 10 M
210 22 H
160 21 M
70 43 M
90 1 M
215 40 H
15 17 M
30 34 M
75 39 M
220 16 H
5 41 M
45 16 M
135 32 M
95 22 M
165 33 M
265 5 M
165 15 M
230 13 M
120 36 H
90 39 H
15 11 M
250 4 M
165 23 M
235 24 H
55 9 M
130 43 M
245 31 M
40 4 M
230 11 M
175 37 M
95 10 M
60 18 M
200 32 H
115 3 M
80 41 M
65 17 H
220 44 M
15 43 M
180 21 M
165 35 M
200 25 M
265 22 M
255 32 M
140 28 M
230 13 M
65 41 M
60 17 H
240 20 H
155 36 M
65 31 M
230 33 M
120 12 M
145 23 H
160 41 H
5 21 M
60 8 H
85 42 M
60 32 M
205 12 M
130 11 M
65 27 H
95 22 M
195 4 H
180 3 M
30 6 M
210 3 H
110 11 M
185 9 M
85 8 M
130 39 M
145 2 M
115 5 M
190 36 M
210 29 M
115 33 M
105 24 M
25 4 M
135 40 M
180 13 M
25 24 M
120 9 M
250 4 M
75 38 M
125 6 M
65 17 H
90 16 M
60 13 M
195 33 H
60 8 H
35 41 M
100 8 H
130 13 M
260 20 M
0 30 M
145 20 M
55 19 M
180 11 M
230 14 M
30 12 M
130 41 M
25 13 M
220 42 M
150 14 M
100 6 M
35 11 M
40 4 M
210 31 H
55 43 M
160 10 M
15 12 M
200 43 M
80 31 M
205 28 H
240 28 M
100 14 M
5 17 H
35 25 H
235 27 M
Consulta 28:
163 6 M
202 8 M
46 1 H
101 10 M
222 4 M
89 5 H
183 2 M
76 1 M
44 6 M
118 1 M
219 10 H
65 7 H
63 6 H
122 10 M
177 6 M
163 7 H
83 2 H
40 4 M
171 4 H
155 6 H
223 2 H
1 10 H
22 10 H
11 8 M
181 2 H
161 6 H
112 5 M
65 3 H
177 3 H
24 4 H
61 1 H
167 5 H
159 8 H
120 2 M
25 1 H
69 2 H
106 6 H
43 9 M
110 4 M
11 9 H
140 6 H
230 5 H
64 3 H
156 3 H
45 4 H
188 2 H
33 4 M
34 5 H
0 3 M
99 2 M
49 5 M
73 4 H
75 5 H
14 3 H
63 6 H
70 6 H
57 3 H
134 2 M
59 4 H
143 3 M
152 1 H
142 6 M
0 4 H
36 10 H
80 3 M
191 7 H
42 9 H
184 7 H
76 1 M
91 9 H
72 3 H
57 3 H
160 2 H
108 4 H
24 10 M
169 10 H
144 7 M
193 8 H
111 5 H
194 8 H
110 5 H
126 5 M
156 7 H
141 2 M
212 7 H
13 1 M
109 7 M
226 6 M
168 6 H
84 9 H
90 1 M
140 2 H
74 4 H
38 4 H
51 3 H
133 2 H
32 4 H
28 5 M
208 1 H
139 2 H
196 5 M
165 7 M
153 5 H
27 1 M
89 5 H
15 3 H
122 10 M
116 1 H
57 10 H
157 7 H
2 10 H
68 1 H
128 6 M
43 3 H
28 9 H
152 1 H
68 4 M
87 7 H
17 8 H
210 6 H
124 1 H
114 7 H
41 1 M
101 10 M
125 1 M
129 7 H
76 9 H
100 3 H
142 7 H
86 3 H
181 2 H
47 5 H
106 2 M
73 3 M
98 5 M
184 3 H
2 5 H
215 1 H
203 5 M
10 10 M
43 10 H
29 9 M
152 8 H
82 8 H
42 2 H
218 6 H
34 9 H
25 7 M
114 6 M
39 8 H
1 4 H
7 8 H
114 7 H
25 1 H
61 8 H
93 6 M
75 5 H
172 4 H
181 8 M
80 10 M
107 6 M
8 5 H
100 7 H
188 9 H
94 7 H
143 10 M
68 8 H
155 9 M
135 6 M
101 3 M
0 9 M
97 9 H
19 8 H
104 2 H
198 7 H
206 4 H
128 6 M
149 7 H
61 5 H
209 9 H
101 7 H
45 4 H
84 9 H
190 2 M
65 3 H
95 7 M
216 1 M
65 10 H
139 8 M
154 9 H
226 6 M
181 8 M
11 3 H
187 5 H
201 4 M
85 3 H
2 5 H
189 2 H
60 8 H
115 3 M
198 6 M
116 4 H
167 9 H
137 4 H
58 7 H
153 8 M
28 6 H
205 7 H
23 7 H
153 2 H
74 1 H
71 3 H
206 4 H
84 6 H
0 8 H
161 9 H
129 3 M
59 3 M
135 10 H
40 5 H
141 9 M
136 4 H
15 9 M
82 1 H
66 7 H
44 10 H
155 9 M
127 3 H
16 6 M
123 7 M
226 7 H
55 1 M
115 10 M
62 5 H
167 5 H
121 10 H
41 1 M
95 1 H
229 4 M
44 7 H
139 1 M
198 3 H
126 6 H
125 9 H
188 9 H
131 5 H
88 8 H
25 1 H
28 9 H
180 4 M
120 6 H
88 7 M
231 5 M
51 6 M
24 3 M
77 6 H
166 8 H
34 5 H
227 3 M
29 10 H
181 1 M
73 10 M
15 10 H
28 2 H
71 9 M
107 3 H
18 4 H
221 7 M
134 3 H
143 10 M
111 9 H
206 10 M
103 1 H
117 5 H
20 8 M
1 5 H
214 4 H
42 5 M
175 5 M
95 8 H
195 2 H
195 2 H
128 7 H
156 3 H
26 5 H
176 3 H
148 6 H
1 2 M
74 8 H
26 4 M
192 7 H
152 1 H
135 7 H
106 10 H
167 2 H
199 4 H
182 9 H
105 9 H
62 1 M
129 4 H
203 5 M
194 8 H
1 7 M
89 5 H
88 1 H
7 2 H
35 5 M
1 8 H
164 4 H
38 4 H
154 5 M
11 3 H
188 5 H
84 5 M
77 2 H
53 8 H
131 5 H
207 4 H
149 7 H
110 5 H
200 1 H
220 3 M
2 4 H
132 2 H
173 1 H
117 5 H
13 6 H
15 9 M
141 3 H
160 9 H
169 3 H
128 7 H
173 5 H
62 2 H
69 5 H
89 4 M
61 8 H
49 9 H
216 2 H
161 9 H
189 5 M
55 8 M
78 3 H
11 3 H
90 9 H
50 10 H
198 7 H
188 1 M
145 8 H
225 6 H
131 4 M
57 9 M
150 3 M
1 1 H
14 3 H
16 10 H
120 9 M
99 10 H
131 8 H
76 5 H
53 8 H
216 8 M
158 7 M
228 4 H
29 3 H
121 6 M
188 2 H
187 8 H
17 8 H
144 7 M
63 2 H
22 2 M
217 2 H
226 3 H
150 10 M
19 4 M
77 2 H
185 3 M
148 3 H
91 5 M
192 10 M
214 1 H
134 6 H
88 1 H
226 3 H
156 10 H
130 4 H
Consulta 29:
235 11 M
445 25 M
305 26 M
415 21 M
370 26 H
395 25 M
195 2 M
255 18 M
430 23 M
155 24 H
275 15 M
245 10 M
155 26 M
225 24 M
395 10 M
95 23 H
275 22 M
60 20 M
170 26 H
435 1 M
315 25 M
275 2 M
120 6 M
190 2 H
275 19 H
460 2 M
140 22 H
160 12 M
420 9 M
40 9 H
155 7 M
445 23 H
390 26 M
105 26 M
260 16 H
315 23 M
400 7 H
355 4 H
45 6 M
345 10 M
60 18 H
405 17 M
315 1 M
370 26 H
380 3 M
250 14 M
395 14 H
340 6 M
65 8 M
265 25 M
425 10 H
240 17 M
140 22 H
460 2 M
400 18 H
60 24 M
85 7 M
295 2 M
375 4 M
230 19 M
50 24 H
260 13 M
195 19 M
455 4 H
40 21 M
400 20 M
240 4 M
325 19 H
340 6 M
370 6 M
115 23 M
40 13 M
465 1 M
200 20 M
415 14 M
455 13 H
0 2 M
60 18 H
110 22 M
265 11 M
40 25 H
240 26 M
425 13 M
335 21 M
365 8 M
265 16 M
190 22 H
195 3 H
335 6 H
285 21 M
460 22 M
420 26 H
210 10 M
105 24 H
145 2 M
260 4 M
420 18 M
55 13 H
460 12 M
40 21 M
120 17 M
385 20 M
35 7 M
160 13 M
60 13 M
415 23 M
240 26 M
240 13 M
345 8 M
405 26 M
30 16 M
290 26 M
405 5 M
190 24 M
125 22 M
370 17 M
35 1 M
260 24 M
185 1 M
110 19 M
75 6 M
450 3 M
135 21 M
460 24 M
30 7 H
180 8 M
220 20 M
430 14 M
60 4 M
435 21 M
290 24 M
75 4 M
265 9 H
5 9 H
15 6 M
320 17 M
100 18 H
135 6 H
105 6 M
410 25 H
25 5 H
205 4 H
85 1 M
160 2 M
120 9 M
255 24 H
330 19 M
75 15 M
130 25 M
115 3 M
430 16 M
415 8 M
180 21 H
135 6 H
155 24 H
90 24 M
230 14 M
155 24 H
320 5 H
325 2 M
190 6 M
90 23 H
30 26 M
200 20 M
465 14 M
290 26 M
360 4 M
160 13 M
345 19 M
410 24 M
100 23 M
30 6 M
245 10 M
Consulta 30:
50 55 M
60 64 H
145 5 M
65 26 H
30 23 M
65 24 M
25 73 M
100 38 M
25 63 M
140 8 M
115 74 M
70 5 H
5 57 M
60 75 M
70 65 M
5 25 M
110 80 M
30 82 M
50 26 M
95 54 M
60 76 M
105 66 H
0 41 H
125 5 M
45 51 M
0 6 M
5 5 H
120 59 M
20 31 H
95 25 M
100 83 M
30 82 M
110 75 M
135 12 M
45 44 M
110 13 H
110 54 M
35 41 H
45 10 M
45 70 H
30 56 M
40 63 H
140 36 M
60 59 M
140 78 M
0 81 H
130 23 M
35 41 H
105 53 M
75 57 M
135 9 M
125 34 H
130 13 M
45 70 H
0 65 H
130 13 M
130 74 M
75 51 M
80 9 H
125 63 H
5 73 M
80 35 M
135 18 H
125 35 M
115 73 M
125 24 H
125 77 M
75 62 M
65 40 M
100 19 M
5 61 M
100 81 M
20 83 H
50 74 H
5 1 M
135 60 M
70 61 M
115 29 M
65 79 H
70 74 M
115 4 H
95 15 M
65 70 H
15 59 M
105 46 H
80 55 H
65 40 M
40 52 M
75 25 M
55 49 M
80 48 M
50 15 M
110 65 M
90 62 M
0 48 M
0 4 M
115 48 M
60 23 M
130 18 H
110 23 H
135 10 M
0 8 M
35 74 M
5 57 M
105 23 H
0 56 M
0 77 H
140 67 M
100 28 M
5 81 M
65 55 M
60 19 H
140 47 M
40 21 M
50 47 H
130 4 M
75 51 M
0 58 M
85 64 M
15 22 M
70 34 M
15 28 M
130 70 H
110 55 M
105 79 M
105 69 M
20 1 M
10 53 M
5 41 M
90 23 M
70 20 H
45 55 H
100 49 M
130 52 M
90 57 M
130 28 H
80 17 M
100 1 M
110 31 H
105 2 M
70 54 H
50 24 M
15 34 M
0 48 M
115 11 M
0 67 M
30 75 M
65 34 H
130 3 M
30 64 M
20 41 M
0 32 M
0 25 H
80 38 M
70 68 H
125 46 M
100 49 M
120 58 M
Consulta 31:
1350 4 M
870 5 M
395 4 H
455 1 M
215 4 M
1970 5 M
1175 1 M
1255 3 M
2055 3 M
2035 2 M
1640 1 M
450 4 M
715 6 M
295 4 H
935 2 M
1065 2 M
1515 2 M
2020 5 M
1320 3 M
165 6 M
895 4 H
580 6 M
1885 5 M
415 4 M
1655 5 M
755 5 M
790 1 M
85 3 H
65 2 M
445 4 H
1565 6 M
1870 3 M
1510 6 H
635 3 H
890 1 M
570 3 M
520 1 H
1195 4 H
1765 4 M
2035 2 M
2005 3 M
580 4 M
1630 2 H
1680 4 M
1935 3 H
220 3 M
555 3 M
770 5 M
395 4 H
1815 2 M
1915 2 M
1115 6 M
1195 4 H
695 6 M
255 1 M
850 2 M
590 3 M
160 6 H
475 1 M
2030 4 M
1880 6 M
35 3 H
560 6 H
60 6 H
745 4 H
2030 6 M
1740 3 M
1795 6 M
945 4 H
1505 1 M
1380 4 M
265 6 M
755 5 M
1120 1 H
305 3 M
1755 3 M
230 6 M
1985 2 M
430 4 M
1850 2 M
1720 5 M
465 6 M
235 3 H
590 1 M
265 6 M
150 4 M
2030 6 M
2055 1 M
450 4 M
1490 1 M
480 6 M
1885 3 H
1010 6 H
855 1 M
1600 4 M
605 1 M
440 3 M
275 1 M
1640 1 M
350 2 M
1880 2 H
770 1 H
735 5 M
1950 5 H
1295 6 M
1295 6 M
650 2 M
450 4 M
1210 6 H
270 3 M
945 6 M
1900 2 M
1055 1 M
2030 2 H
1465 2 M
305 5 M
1585 2 M
770 3 M
1980 2 H
840 3 M
15 2 H
1715 4 M
1445 4 H
480 4 M
1475 1 M
980 6 M
1865 2 M
1440 1 M
1305 1 M
680 4 M
1670 5 M
2050 4 M
635 5 M
245 4 H
80 2 H
1900 2 M
1830 4 M
320 5 M
600 5 H
1505 1 M
610 6 H
805 1 M
265 6 M
985 3 H
1330 2 H
275 1 M
255 3 M
55 5 M
1035 3 H
395 6 M
770 5 M
1495 6 M
1385 2 M
505 5 M
1820 5 M
480 4 M
650 2 M
1090 1 M
1330 6 M
2035 5 M
220 5 M
750 2 M
140 3 M
855 1 M
1270 1 H
1755 5 M
1015 4 M
815 4 M
835 5 M
170 5 M
865 6 M
1520 1 H
1525 1 M
1250 2 M
1500 5 H
1745 4 H
1100 4 M
1700 5 H
1455 3 M
65 4 M
1540 1 M
1355 1 M
635 2 M
1350 4 M
1590 1 M
1355 1 M
645 4 H
1195 4 H
1385 2 M
595 6 M
1850 4 M
1120 5 M
1740 3 M
55 3 M
1150 2 M
720 3 M
85 2 M
675 1 M
1605 1 M
895 4 H
2030 4 M
755 5 M
1745 4 H
1075 1 M
515 2 M
1840 1 M
320 3 M
1890 1 M
515 2 M
220 1 H
1395 6 M
1080 4 M
1350 2 M
100 4 M
1545 4 H
1810 6 H
1015 6 M
790 1 M
1895 4 H
350 5 H
455 3 M
1270 1 H
1970 3 M
790 1 M
1960 6 H
855 3 M
200 5 H
1900 4 M
1785 3 H
595 4 H
885 3 H
1950 2 M
1350 2 M
1050 4 M
1765 6 M
1140 1 M
2015 4 M
Consulta 32:
122 19 H
206 13 M
115 22 M
45 22 M
95 2 M
68 15 M
32 22 H
130 28 H
33 29 M
169 27 M
230 18 H
222 28 H
36 1 H
168 21 H
151 19 M
180 14 M
29 18 M
0 27 M
186 31 M
95 29 H
166 28 M
111 14 M
192 27 M
188 5 M
210 16 H
115 17 H
23 25 H
202 27 M
222 29 M
162 25 M
125 19 M
103 23 H
58 31 M
196 11 M
116 6 M
56 14 M
169 10 M
179 28 M
135 19 H
66 25 H
234 6 M
115 18 M
227 1 H
149 6 H
78 27 M
118 32 H
200 15 H
66 9 H
30 8 H
234 5 M
81 28 H
139 9 M
203 14 M
147 12 H
40 3 M
93 21 H
93 21 H
170 12 H
147 32 H
186 30 M
159 10 M
231 8 M
158 26 M
76 14 M
45 22 M
216 14 M
86 6 M
0 32 M
209 31 M
82 24 M
207 19 M
42 4 M
0 24 M
183 32 M
206 13 M
166 27 H
143 27 H
46 30 H
16 7 M
63 29 H
52 28 M
97 28 M
114 12 M
10 9 M
102 30 H
13 2 M
171 20 M
198 25 M
3 19 M
42 28 M
19 22 H
99 9 M
43 30 H
198 24 H
201 5 M
39 31 H
103 23 H
69 30 M
178 26 M
103 23 H
201 23 M
66 6 M
211 24 M
50 21 M
163 29 H
59 20 M
234 23 H
59 10 M
211 25 M
221 5 H
140 31 M
73 8 M
191 2 H
155 23 M
62 4 M
211 25 M
132 24 M
30 9 M
121 16 M
198 6 M
13 19 M
149 9 M
33 10 M
81 28 H
129 3 H
42 28 M
198 24 H
0 9 M
45 22 M
62 4 M
56 13 M
143 27 H
126 6 M
201 23 M
72 24 M
170 32 H
16 13 M
30 9 M
116 21 H
33 8 M
129 9 M
209 31 M
165 4 H
10 17 M
53 16 M
66 13 M
49 15 H
152 6 M
147 14 M
161 18 H
105 16 H
106 23 M
119 9 M
135 19 H
69 19 M
Consulta 33:
0 40 M
0 7 M
110 61 M
40 29 M
15 68 M
145 9 H
55 56 M
30 72 M
75 34 M
145 36 M
0 20 M
90 49 M
130 58 M
50 46 M
125 34 H
65 61 M
95 7 M
20 24 M
85 33 M
130 46 M
25 73 M
15 63 M
105 20 M
115 31 M
105 67 M
145 70 M
75 72 M
105 6 H
125 12 M
0 79 M
35 81 M
90 3 M
15 30 H
95 28 H
80 9 M
75 49 M
40 21 H
0 49 H
85 50 H
130 19 M
35 25 M
130 10 H
60 19 M
0 58 M
145 61 M
30 80 M
110 68 M
90 39 M
130 81 M
120 77 M
50 39 M
95 2 H
125 14 H
110 32 M
15 6 M
30 34 M
80 61 M
110 61 M
80 69 M
125 81 H
135 20 M
120 23 M
90 5 M
50 17 M
105 60 M
30 44 M
40 73 M
20 19 M
80 9 M
75 30 M
75 42 M
15 23 M
35 68 M
60 12 M
60 72 M
55 48 M
60 58 M
70 37 M
0 60 M
130 7 M
115 36 M
15 71 H
15 10 M
75 2 H
30 54 M
80 8 M
45 2 M
125 6 M
140 6 M
75 64 M
140 12 M
35 25 M
70 33 M
15 11 M
45 9 M
115 17 M
30 67 M
30 80 M
5 81 M
90 32 H
60 6 H
20 65 H
140 56 M
35 66 H
110 61 M
5 77 H
20 69 M
15 27 M
30 42 M
55 32 H
0 29 H
100 55 M
80 4 H
35 19 H
80 54 M
0 14 M
50 24 M
55 1 M
35 55 M
60 12 M
15 54 M
145 24 M
30 59 M
125 45 M
140 56 M
60 76 M
75 6 M
50 35 M
15 18 M
50 5 H
15 46 M
45 22 H
20 76 M
75 12 M
50 5 H
20 30 M
115 31 M
40 48 M
60 47 M
15 76 H
50 32 H
75 42 M
130 66 M
100 22 M
75 2 H
80 17 M
130 55 M
130 28 M
30 26 M
60 80 M
0 67 M
25 33 H
45 47 M
0 39 M
125 8 M
0 70 M
0 28 M
110 79 M
30 74 M
45 18 M
35 56 H
35 55 M
110 36 H
85 15 H
20 60 M
80 36 M
105 72 M
60 42 H
35 43 M
30 58 M
105 34 M
95 70 M
35 57 M
120 2 M
105 41 M
80 38 M
110 39 M
95 17 M
0 6 M
5 37 M
75 6 M
70 1 M
75 2 H
140 62 M
20 76 M
70 15 M
95 55 H
0 22 M
45 70 H
35 63 M
40 10 M
110 69 M
25 53 M
5 69 M
45 28 M
0 31 M
140 75 M
0 41 H
115 58 M
60 61 H
15 6 M
15 46 M
50 46 M
0 54 M
15 75 M
145 55 M
45 27 M
95 4 M
0 76 M
65 36 M
45 22 H
55 57 M
115 58 M
15 63 M
50 40 H
45 47 M
105 57 M
145 26 M
30 2 M
30 15 M
55 53 M
90 60 M
0 28 M
60 5 M
140 61 H
100 47 H
0 3 M
75 59 M
40 30 M
60 66 M
85 10 M
135 67 M
125 29 M
105 29 H
130 26 M
145 4 M
140 49 M
15 75 M
30 43 H
15 31 M
130 24 M
110 59 M
135 10 M
75 2 H
145 11 M
60 9 M
65 24 H
15 2 M
0 30 M
140 52 M
120 23 M
125 6 M
25 33 H
80 47 H
0 40 M
120 20 M
125 43 H
60 42 H
50 24 M
30 68 H
140 49 M
135 41 H
85 57 M
75 74 M
115 63 M
Consulta 34:
30 15 H
6 11 H
35 13 H
26 31 H
12 15 H
34 40 H
37 1 H
0 34 H
37 8 H
40 38 H
20 18 H
2 28 M
29 20 H
26 37 M
16 20 M
16 31 H
32 22 M
0 52 H
14 50 M
13 2 M
28 54 H
6 42 H
36 47 M
9 49 H
39 30 H
17 30 M
35 12 H
12 42 H
9 37 M
35 26 H
8 42 H
21 39 M
30 8 H
39 37 H
31 28 M
17 33 H
17 33 H
26 9 M
28 47 H
28 55 H
18 12 H
13 28 M
27 47 H
12 25 M
20 3 M
35 27 H
1 5 H
14 44 M
11 25 H
8 12 H
2 4 H
15 52 H
22 51 H
11 9 H
31 36 H
11 9 H
37 27 M
14 31 H
22 23 H
30 42 H
37 50 H
1 13 H
19 44 M
6 47 M
30 14 H
11 20 H
0 7 H
33 44 M
22 19 M
34 52 M
35 33 H
23 6 M
38 35 M
35 46 M
35 53 M
13 2 M
10 51 H
34 25 H
14 41 H
20 40 H
5 12 H
30 43 H
25 45 H
0 36 M
14 21 M
28 41 H
15 52 H
9 21 M
0 7 H
21 20 H
24 28 M
8 33 H
2 28 M
21 41 H
22 13 H
0 13 H
13 28 M
15 52 H
29 5 M
25 52 H
26 32 H
14 12 H
15 12 H
26 39 H
29 55 H
23 41 M
26 18 H
20 53 H
29 49 H
0 21 M
37 50 H
8 31 M
15 31 H
31 51 H
2 53 H
27 18 H
18 28 M
37 50 H
35 20 H
1 29 M
13 42 M
10 40 H
30 49 H
38 43 H
23 20 M
28 39 M
27 25 H
7 55 H
28 48 H
0 36 M
28 25 M
37 50 H
12 27 H
7 29 H
38 50 H
35 6 H
11 19 M
29 49 H
7 35 H
1 7 M
6 42 H
18 9 M
32 38 H
39 15 M
37 42 H
12 1 H
35 48 H
34 46 H
14 37 M
24 7 M
17 14 M
1 41 H
1 19 H
8 48 H
25 51 H
6 30 M
28 12 H
39 45 H
38 9 H
1 47 M
20 52 M
6 44 H
6 36 M
39 22 M
11 13 M
35 46 M
2 8 M
24 7 M
19 21 M
2 41 M
1 44 H
24 44 H
10 27 H
2 26 H
12 52 H
25 31 H
28 54 H
20 53 H
21 27 H
36 41 H
16 20 M
33 10 H
14 24 H
34 53 H
1 38 M
17 38 H
29 14 H
26 17 H
10 1 H
18 19 H
8 24 M
25 29 M
0 27 M
22 48 H
35 18 M
32 31 H
11 35 H
18 42 M
18 2 M
40 4 H
34 53 H
24 1 H
1 19 H
14 10 H
0 49 H
0 15 M
8 35 H
15 34 H
33 2 M
37 28 H
10 27 H
6 54 M
27 54 H
0 52 H
40 2 M
0 54 M
30 49 H
17 47 H
23 43 H
33 2 M
9 55 M
20 24 M
3 32 H
5 6 M
14 31 H
0 31 H
24 16 H
30 48 M
26 24 H
33 51 M
15 46 M
16 54 H
27 3 M
40 23 M
0 23 H
21 48 H
29 33 M
16 45 H
28 39 M
11 35 H
19 31 H
25 9 H
34 33 H
9 40 H
13 22 M
2 14 M
23 48 M
13 8 H
17 14 M
33 9 M
35 40 H
38 44 H
36 48 H
26 3 H
1 31 H
30 6 M
36 48 H
19 47 H
12 35 H
6 38 H
36 14 H
15 3 M
16 48 M
0 44 H
7 24 H
19 31 H
2 53 H
6 15 M
10 33 H
39 24 H
39 43 M
33 16 M
2 22 M
13 1 H
35 4 M
0 46 H
35 4 M
30 28 H
13 38 H
33 52 H
39 45 H
28 40 H
38 28 M
16 54 H
31 15 H
19 37 M
26 37 M
12 35 H
35 20 H
30 15 H
27 40 H
31 16 H
0 15 M
27 52 M
13 46 H
22 40 M
31 7 M
34 54 H
0 50 H
26 2 M
6 15 M
24 23 H
40 11 H
31 49 M
15 14 H
2 41 M
34 18 H
30 41 M
37 29 H
5 13 M
33 45 H
23 30 H
28 12 H
32 52 H
30 21 H
25 31 H
11 27 H
10 40 H
35 53 M
33 23 M
25 38 H
27 38 M
16 31 H
30 35 H
6 25 M
18 25 H
1 40 H
27 40 H
7 42 H
6 33 H
8 29 H
36 33 M
14 3 H
18 33 H
0 28 H
1 1 H
9 35 H
33 53 H
23 55 M
27 4 H
31 30 H
22 40 M
28 53 M
0 32 H
6 34 H
8 19 H
21 55 H
15 23 H
4 37 M
0 25 H
0 23 H
37 35 H
24 15 H
1 53 H
5 12 H
1 10 H
36 20 H
17 38 H
0 46 H
13 49 M
18 22 M
35 13 H
7 17 H
11 6 M
21 53 M
11 19 M
31 50 H
20 46 H
21 34 H
5 42 H
20 12 H
16 14 H
11 54 M
13 31 H
23 20 M
17 43 M
38 49 M
25 15 M
39 29 M
0 25 H
2 26 H
24 21 M
13 10 H
10 35 H
4 32 H
36 42 H
23 28 H
0 32 H
18 38 H
39 37 H
0 1 H
30 15 H
35 5 H
23 55 M
19 50 M
8 12 H
28 12 H
10 23 M
27 4 H
5 3 H
6 11 H
40 3 H
19 37 M
39 16 H
4 13 H
9 5 M
14 15 M
4 32 H
29 19 M
33 23 M
38 1 H
34 40 H
7 28 M
11 36 H
22 30 H
18 2 M
29 33 M
18 9 M
19 29 M
17 5 H
5 4 H
8 49 H
33 17 H
5 46 H
0 27 M
36 6 H
34 53 H
31 16 H
17 23 M
15 41 H
9 23 H
39 15 M
24 36 H
37 43 H
9 42 H
3 53 H
27 54 H
30 49 H
31 37 H
17 43 M
32 10 H
19 52 H
25 16 H
30 35 H
5 33 H
0 30 M
19 52 H
13 20 H
38 1 H
20 11 H
29 47 M
24 1 H
6 16 H
30 20 M
21 6 H
2 41 M
35 39 M
6 17 H
5 30 H
20 45 M
26 17 H
33 2 M
38 29 H
1 1 H
6 21 H
38 30 H
7 38 H
12 28 H
22 43 H
0 32 H
18 11 H
1 46 H
0 38 H
27 46 H
26 53 H
25 51 H
0 5 H
4 4 H
26 32 H
13 46 H
11 54 M
33 23 M
2 28 M
2 1 M
19 8 M
Consulta 35:
500 1 M
312 3 H
256 4 M
422 1 H
400 1 H
530 3 H
1 1 H
235 4 M
366 1 H
571 3 H
352 4 H
400 1 H
205 4 H
366 1 H
106 1 H
577 1 M
363 2 H
363 2 H
68 3 H
45 1 M
573 3 M
323 1 H
182 2 H
507 4 H
535 4 H
266 2 H
212 1 H
74 3 H
214 3 H
490 2 H
275 4 H
269 4 H
226 1 H
47 3 H
312 4 M
172 3 H
144 4 M
328 3 M
193 4 M
134 2 M
132 3 M
76 2 H
383 3 H
402 1 M
328 2 H
410 4 M
565 3 H
382 4 M
234 4 H
508 4 M
127 1 H
154 2 H
17 1 M
389 4 M
548 1 H
159 3 H
22 2 M
129 1 M
468 2 H
55 3 M
275 1 H
74 4 M
442 2 M
515 4 M
467 3 H
543 3 H
295 1 H
457 1 H
542 4 H
4 1 H
230 2 H
127 2 M
391 2 H
384 2 H
562 4 H
384 2 H
559 2 H
14 2 H
64 2 M
89 3 H
389 3 H
195 3 M
67 4 M
275 4 H
375 3 H
241 1 M
148 2 M
121 1 H
25 4 M
183 1 H
405 2 H
298 4 M
471 1 H
136 4 H
320 3 H
54 3 H
451 1 M
294 2 H
507 4 H
496 2 H
561 2 M
246 2 M
167 3 M
578 4 M
13 2 H
547 1 H
55 2 H
93 4 H
318 1 M
86 4 H
191 1 H
406 2 H
514 4 H
149 4 H
480 4 M
487 4 M
534 4 H
191 1 H
461 3 M
522 3 H
489 3 M
527 1 H
253 2 M
302 1 H
401 1 H
215 3 H
470 1 H
102 3 H
237 2 H
439 3 H
568 2 M
227 4 H
351 1 H
393 1 H
364 2 H
261 4 H
129 4 H
275 4 H
353 1 M
542 4 H
536 3 H
337 2 M
39 4 M
325 4 H
41 3 M
6 2 H
190 1 H
248 1 M
478 1 H
568 2 M
460 3 H
159 3 H
384 3 M
104 2 H
417 4 M
55 2 H
237 3 M
72 4 H
257 3 H
313 3 H
373 4 H
39 4 M
218 1 H
346 1 M
190 2 M
309 1 H
218 2 M
503 2 H
461 2 H
433 3 M
456 1 H
303 4 H
178 1 M
529 3 H
269 4 H
274 2 M
379 2 M
540 2 M
472 4 H
409 4 H
389 3 H
103 3 H
164 4 H
213 1 M
22 2 M
183 1 H
298 3 H
323 1 H
286 2 H
164 4 H
51 1 H
578 3 H
540 1 H
121 1 H
482 3 M
41 2 H
309 2 M
121 4 H
203 2 H
300 2 H
457 4 H
259 2 H
312 4 M
225 2 M
150 1 M
494 4 M
569 4 H
227 1 M
329 2 H
422 4 H
6 3 M
66 4 H
384 3 M
500 1 M
263 3 H
433 2 H
578 3 H
541 1 H
566 3 M
176 2 M
511 2 H
426 3 M
107 1 H
267 2 M
187 3 H
31 4 H
492 4 H
305 4 M
491 1 H
78 1 H
566 3 M
97 3 M
300 2 H
528 1 M
45 1 M
253 1 H
249 4 M
207 3 H
35 2 H
110 3 H
263 3 H
316 2 M
0 3 M
282 4 H
183 2 M
349 3 M
314 2 H
444 4 H
300 3 M
508 4 M
246 1 H
6 3 M
334 3 H
265 2 H
111 3 M
411 3 H
171 1 M
342 2 H
254 4 H
97 3 M
498 2 M
167 3 M
222 3 H
293 3 M
410 3 H
55 2 H
526 1 H
531 2 H
286 2 H
361 4 M
1 4 H
86 4 H
519 1 H
525 2 H
188 3 M
568 1 H
361 3 H
129 1 M
170 1 H
37 4 H
97 2 H
214 3 H
226 4 H
550 4 M
74 3 H
209 3 M
338 4 H
225 2 M
225 1 H
192 4 H
573 3 M
560 2 H
438 3 H
451 1 M
235 3 H
171 4 H
200 4 M
49 2 H
136 4 H
145 3 H
292 3 H
451 1 M
492 1 H
108 1 M
181 2 H
206 1 M
458 1 M
94 1 M
161 2 H
295 2 M
276 4 H
83 2 H
456 1 H
120 2 M
261 1 H
393 2 M
380 1 H
27 2 H
26 3 H
428 2 M
16 1 H
525 2 H
520 4 H
283 4 H
422 1 H
409 1 M
575 2 M
118 3 M
271 3 H
394 1 H
316 1 H
186 4 M
1 2 M
95 3 H
90 3 M
41 2 H
171 1 M
474 3 H
393 2 M
104 3 M
548 4 H
550 4 M
335 2 H
171 1 M
342 2 H
317 1 H
576 1 H
471 1 H
86 4 H
494 4 M
549 1 M
458 4 H
101 4 H
34 3 M
198 4 H
296 4 H
114 4 H
563 1 M
390 3 H
50 2 M
181 2 H
437 1 M
343 2 H
426 3 M
275 1 H
177 1 H
440 2 H
132 2 H
90 3 M
521 1 M
127 2 M
117 3 H
395 1 M
277 4 M
70 2 H
464 1 H
24 1 M
61 3 H
193 4 M
Consulta 36:
16 22 M
33 25 H
30 33 M
39 36 M
65 43 M
40 87 M
19 80 M
3 13 H
13 43 M
69 68 H
43 21 H
13 48 M
69 77 H
20 51 M
33 3 M
10 50 M
59 1 M
62 75 M
55 73 M
43 8 M
29 34 H
40 87 M
0 17 M
43 20 M
20 15 H
46 7 M
46 21 M
39 22 M
26 36 M
42 34 M
69 86 M
79 19 H
9 58 H
69 76 M
41 58 M
10 3 H
77 50 H
68 7 M
60 14 M
20 14 M
63 72 M
56 91 M
16 67 H
10 18 M
33 11 M
0 70 H
63 20 M
52 34 M
33 21 M
56 82 M
0 73 H
16 22 M
30 60 H
69 60 M
69 33 H
36 61 M
52 92 H
16 12 M
26 29 M
20 29 H
60 78 M
20 65 M
3 91 M
62 62 M
30 65 M
10 47 M
10 72 M
36 84 M
76 65 M
76 18 M
49 12 M
20 56 H
41 58 M
43 52 M
45 50 M
33 10 H
23 43 H
36 9 H
3 4 H
76 6 H
72 84 H
0 8 M
35 67 H
72 38 M
10 29 M
62 16 M
71 58 M
0 77 M
0 35 M
22 4 M
51 67 M
45 26 M
0 32 M
3 19 M
13 79 M
26 22 H
53 52 M
52 22 H
69 68 H
29 22 M
39 55 H
9 58 H
0 25 H
61 67 M
69 3 M
20 32 M
0 49 H
10 39 H
0 15 M
29 2 M
70 47 M
36 23 M
38 67 M
0 71 M
43 3 H
39 25 M
43 30 H
22 31 H
0 24 M
3 70 M
73 35 M
76 5 M
29 43 M
13 84 M
30 14 M
66 77 H
36 48 M
75 36 M
49 75 M
23 25 M
65 4 M
20 41 M
46 76 M
26 66 M
72 10 M
20 45 M
0 18 M
0 25 H
10 89 H
76 61 H
43 8 M
52 92 H
43 82 M
0 78 M
62 10 M
53 91 H
56 7 H
29 26 M
10 74 M
42 85 M
3 22 H
63 65 M
53 82 H
13 61 H
29 22 M
36 92 M
53 15 H
0 65 M
36 39 M
10 68 M
75 16 M
35 31 M
52 46 M
62 84 M
32 85 M
30 74 M
13 61 H
10 15 M
43 15 M
13 46 H
78 84 M
72 89 M
53 69 H
43 21 H
10 11 M
46 51 M
0 79 H
13 1 M
6 49 M
42 85 M
0 1 H
30 20 H
13 26 H
33 55 H
26 61 M
59 24 M
20 24 M
28 58 H
30 27 M
16 7 M
46 61 M
53 87 M
55 92 M
39 83 H
55 73 M
23 10 M
26 70 M
36 71 H
16 34 M
73 35 M
63 20 M
26 2 H
72 77 M
38 67 M
23 8 M
58 50 H
0 23 M
40 5 M
40 68 H
3 55 M
0 16 H
56 69 M
0 14 M
31 58 M
26 36 M
13 48 M
62 36 H
33 3 M
20 77 H
30 38 M
13 26 H
71 58 M
20 69 H
53 20 M
69 29 M
13 35 M
42 17 M
26 63 H
43 68 H
40 14 M
16 12 M
36 36 H
72 16 H
76 82 H
43 57 H
23 37 M
13 89 M
26 36 M
33 64 M
43 21 H
19 85 M
0 84 M
49 22 H
0 16 H
16 76 M
43 15 M
66 60 H
10 44 H
76 91 M
66 61 M
49 29 M
43 51 H
73 35 M
10 69 M
10 47 M
10 80 H
36 16 M
20 87 M
59 40 M
0 65 M
0 9 M
0 59 M
65 17 M
3 58 H
66 32 M
66 30 M
76 91 M
39 40 M
19 85 M
39 43 H
65 17 M
10 41 M
53 20 M
43 86 H
32 73 M
61 67 M
10 30 H
19 85 M
20 86 M
20 23 H
76 21 H
76 61 H
10 35 H
29 80 M
10 11 M
30 41 H
76 18 M
13 35 M
26 7 M
0 70 H
72 75 M
53 54 M
20 50 H
43 75 H
63 5 H
20 32 M
56 68 H
23 43 H
49 38 M
78 7 M
33 62 H
72 55 M
76 82 H
46 92 H
40 86 H
0 5 M
63 33 H
36 76 M
62 71 M
30 65 M
46 10 H
20 20 M
42 2 H
0 48 M
62 10 M
29 50 H
49 79 M
10 78 M
30 24 M
16 39 M
12 58 H
46 61 M
3 43 M
13 19 H
53 37 H
0 87 M
13 19 H
39 62 M
69 69 M
9 85 M
10 32 M
22 67 M
72 77 M
0 78 M
59 63 M
46 66 H
6 49 M
29 53 M
26 2 H
20 33 M
55 13 M
3 4 H
20 9 H
43 15 M
29 50 H
0 31 H
23 15 M
55 26 M
0 26 M
13 82 M
26 46 M
13 26 H
73 72 M
20 86 M
20 78 M
42 43 M
53 69 H
29 12 M
68 26 M
0 52 H
33 48 H
10 71 H
23 36 H
0 78 M
61 67 M
46 1 H
36 9 H
70 47 M
26 22 H
20 2 H
29 2 M
79 21 M
23 17 M
33 42 M
36 36 H
22 4 M
0 91 H
6 40 M
42 55 M
26 49 M
10 11 M
42 43 M
53 65 M
62 83 H
3 37 M
69 63 M
61 50 H
76 21 H
46 70 M
75 66 H
36 62 H
36 39 M
13 71 M
10 32 M
13 37 M
10 39 H
69 79 M
13 37 M
13 84 M
30 5 M
76 65 M
72 62 M
13 61 H
53 35 M
59 90 M
56 70 M
53 64 M
59 19 M
10 87 M
62 7 H
53 42 M
13 16 M
52 36 M
43 44 M
52 43 H
36 71 H
65 66 M
49 36 H
39 79 M
12 58 H
23 23 H
20 14 M
39 79 M
20 23 H
36 92 M
73 87 M
52 17 M
0 2 M
40 47 M
59 1 M
10 66 H
62 10 M
49 66 H
13 19 H
76 27 M
78 44 H
48 31 M
13 73 H
76 5 M
69 45 M
10 15 M
77 50 H
42 43 M
0 55 H
13 1 M
56 3 M
49 62 M
29 50 H
50 47 M
33 84 H
3 16 M
52 83 M
46 84 H
20 6 M
46 92 H
50 87 H
63 81 M
40 87 M
22 67 M
13 70 M
20 41 M
46 56 H
36 84 M
39 62 M
10 29 M
56 69 M
29 53 M
49 84 M
43 57 H
49 22 H
30 20 H
30 78 M
43 60 M
Consulta 37:
36 10 M
156 14 M
180 18 M
125 22 H
197 7 H
201 23 M
63 28 H
213 17 H
0 23 M
56 3 M
33 9 M
10 11 M
20 24 M
85 18 M
93 11 M
95 18 H
146 31 M
53 30 H
56 5 M
239 17 M
10 15 M
119 24 M
191 30 M
182 8 H
145 21 M
20 30 M
10 17 M
0 14 M
50 8 M
92 19 M
109 28 H
165 2 M
128 14 M
93 29 M
200 7 M
223 18 M
43 30 M
148 4 M
76 10 M
43 1 M
67 7 H
0 5 M
222 26 M
84 20 H
223 18 M
180 18 M
148 24 H
51 27 M
82 14 M
10 27 H
228 11 H
195 21 M
Consulta 38:
89 29 M
173 13 H
155 29 H
20 12 H
75 16 M
99 10 H
125 20 M
20 33 H
102 33 M
66 12 H
33 20 M
109 25 M
26 27 M
85 16 M
23 5 M
122 20 H
184 19 H
112 30 M
121 28 H
210 14 M
132 2 H
211 26 H
23 18 M
3 10 M
99 10 H
212 35 H
158 33 H
161 6 H
30 2 M
111 5 M
212 34 M
30 15 H
96 3 M
40 21 H
73 35 M
15 13 M
119 3 M
91 9 M
33 6 H
153 34 H
141 31 H
85 31 M
125 4 H
63 25 M
78 9 H
151 6 M
0 4 H
36 6 H
39 16 M
109 3 M
3 4 H
207 15 M
92 6 H
187 16 H
174 32 M
43 26 M
56 4 H
197 24 H
158 29 M
128 4 M
151 14 H
36 24 M
89 29 M
20 17 M
3 28 M
109 11 M
65 7 H
82 4 M
59 14 H
68 9 M
175 8 M
46 15 H
26 4 M
165 3 M
33 18 M
33 26 M
97 34 M
22 34 M
163 13 M
171 4 H
36 32 M
165 11 H
168 20 H
92 4 M
115 15 M
88 23 M
13 1 M
0 6 M
10 3 M
140 9 M
30 30 M
33 24 H
178 11 M
3 28 M
101 9 H
33 35 M
107 13 M
59 4 M
89 30 M
10 17 M
214 2 M
106 3 H
132 3 M
115 19 H
33 33 M
189 22 M
122 20 H
124 7 H
105 4 M
46 23 M
102 30 M
128 4 M
60 17 M
111 23 M
0 34 H
178 11 M
158 20 M
109 18 H
126 8 H
115 1 M
32 7 M
214 18 M
171 33 M
147 5 M
23 10 M
121 28 H
213 31 M
38 34 M
92 12 M
151 4 M
125 4 H
119 11 H
86 18 H
210 16 H
0 6 M
153 22 M
38 13 H
10 33 M
173 7 M
89 20 M
66 3 M
126 8 H
16 4 M
125 4 H
76 26 M
214 11 M
33 5 M
46 5 H
158 10 M
59 24 M
53 18 M
113 35 M
119 17 M
36 1 M
13 16 M
114 9 H
76 30 H
148 1 M
194 12 M
161 4 M
26 27 M
184 4 M
178 26 M
112 18 M
102 27 H
184 33 M
161 19 H
0 3 M
143 34 M
138 21 M
106 3 H
148 30 M
158 30 M
121 28 H
181 2 M
177 24 M
213 16 M
73 35 M
177 23 H
33 32 H
36 16 H
39 28 M
0 14 M
66 3 M
135 33 H
180 23 M
178 3 M
197 15 M
152 25 H
43 20 M
82 24 H
52 16 M
95 19 M
144 16 M
88 23 M
184 1 M
36 15 M
161 33 M
96 26 H
158 21 H
142 26 H
56 20 M
122 20 H
50 11 H
187 6 M
129 8 M
118 31 H
160 5 M
63 35 M
40 17 M
165 11 H
66 10 M
26 23 M
29 19 M
177 24 M
102 4 H
73 26 H
20 11 M
145 11 M
176 22 M
30 21 M
167 28 H
141 14 M
85 14 M
89 30 M
117 9 M
155 29 H
53 10 H
128 27 M
59 24 M
206 5 M
16 7 H
93 35 M
197 14 H
145 26 M
62 14 M
190 31 M
76 3 M
33 35 M
148 15 H
165 17 M
23 16 H
102 10 M
110 34 M
109 25 M
Consulta 39:
9 20 M
29 24 M
62 23 M
15 3 M
92 7 H
52 11 M
89 20 H
41 23 M
74 2 H
0 3 M
24 12 H
43 21 H
89 13 H
2 20 H
50 14 H
12 8 H
44 4 H
36 18 H
45 19 H
43 21 H
28 20 M
27 2 M
55 13 H
46 5 H
51 1 H
61 13 H
46 15 M
6 15 H
76 6 H
52 15 H
94 22 H
13 23 H
35 17 H
60 2 H
28 21 H
62 2 M
45 4 M
20 24 H
64 14 H
0 2 H
32 16 H
46 22 M
6 11 H
81 23 H
44 15 H
93 8 H
10 12 M
1 11 H
59 19 H
71 3 M
51 11 H
8 22 H
42 10 H
51 4 H
39 5 H
9 2 H
34 9 M
38 18 M
42 7 H
0 1 H
37 14 M
79 7 M
51 1 H
81 16 H
28 7 H
22 7 H
6 1 M
20 24 H
62 10 H
51 1 H
14 21 H
64 10 M
36 3 M
92 3 M
81 9 H
95 1 M
13 1 M
83 3 H
8 3 H
14 3 H
16 17 H
87 15 H
41 2 M
68 23 H
63 24 H
33 9 H
49 20 M
61 23 H
58 21 M
13 14 H
11 24 M
60 9 H
46 8 M
87 11 M
94 5 H
58 4 H
75 13 H
60 23 H
81 19 H
28 21 H
94 19 H
6 14 H
22 14 H
9 22 H
16 7 M
0 17 H
11 17 M
19 20 H
39 9 H
16 24 H
35 14 H
11 9 M
50 21 H
26 12 M
85 21 H
84 6 M
76 16 M
58 21 M
80 1 H
60 15 M
83 3 H
16 12 H
26 23 H
53 8 M
2 14 H
54 5 M
50 14 H
1 17 M
85 17 M
2 5 H
75 6 H
92 24 M
16 24 H
44 4 H
47 23 H
88 22 M
0 16 H
39 12 H
58 14 M
80 8 H
39 23 H
6 1 M
51 21 M
73 8 H
66 5 H
17 12 M
19 24 H
0 8 H
0 20 H
63 13 M
1 8 M
3 5 H
13 23 H
81 22 M
34 17 H
89 20 H
1 1 H
82 19 M
0 3 M
42 3 H
62 23 M
53 16 H
79 11 H
75 6 H
6 1 M
48 24 H
84 10 H
63 17 H
43 21 H
67 16 H
89 13 H
91 20 M
85 10 M
69 13 H
74 19 H
68 13 H
29 17 M
3 7 M
Consulta 40:
14 47 M
19 78 M
17 42 H
8 77 H
9 36 M
0 59 H
21 79 M
13 47 H
12 26 M
22 30 H
19 26 H
5 81 M
3 50 H
1 58 M
22 26 M
6 26 H
14 23 H
5 36 H
27 4 H
18 5 H
0 49 H
19 39 H
10 81 M
18 79 H
19 69 H
25 51 H
15 65 H
19 71 M
11 33 M
22 19 M
21 47 H
4 41 M
21 79 M
12 64 H
16 21 H
15 70 H
19 38 M
0 60 M
3 64 H
12 39 M
0 36 M
7 49 H
22 61 M
22 6 H
22 30 H
25 76 M
16 6 H
16 62 H
3 1 H
5 50 H
17 41 M
25 4 H
13 68 H
3 64 H
3 74 H
12 8 M
1 22 M
8 53 M
5 48 M
17 55 M
5 43 H
0 47 H
10 11 M
24 69 H
21 26 H
4 41 M
7 60 H
18 79 H
8 16 H
25 9 H
22 26 M
25 25 H
5 18 H
4 50 H
0 47 H
6 43 H
21 50 M
19 47 H
8 24 H
22 1 H
6 24 H
18 63 M
5 54 M
8 19 M
19 11 H
2 50 H
17 42 H
16 22 M
9 73 H
21 5 H
8 43 H
2 46 M
21 36 M
20 32 M
6 75 H
10 48 H
24 59 M
8 31 H
8 68 M
26 71 H
9 41 H
22 67 M
6 26 H
0 54 M
14 16 H
0 15 M
23 63 M
24 64 H
15 5 H
23 70 M
16 74 H
18 21 M
0 26 H
15 36 H
1 74 H
12 17 H
7 60 H
1 49 M
16 67 H
7 1 H
10 31 H
18 24 H
16 65 M
24 76 H
23 52 H
1 13 M
5 43 H
19 4 H
0 22 H
10 5 M
15 57 H
4 64 H
20 37 H
24 78 H
8 49 H
23 14 M
21 72 M
22 35 H
3 37 M
24 52 M
18 72 H
9 18 M
20 30 H
13 53 H
15 28 H
19 12 H
8 11 H
25 25 H
7 71 H
17 49 H
17 5 H
26 36 H
6 14 H
12 78 H
0 78 M
13 37 H
8 49 H
4 20 H
22 66 H
19 17 M
1 28 H
3 20 H
21 30 H
18 45 H
14 13 H
6 1 H
3 70 H
15 63 H
13 38 M
0 66 M
21 5 H
23 52 H
1 11 H
6 80 H
1 67 M
13 57 H
14 69 M
26 39 H
23 48 H
22 13 H
0 15 M
25 4 H
10 42 M
14 60 M
18 17 H
5 42 M
11 16 H
0 43 H
27 18 H
20 4 M
5 48 M
0 66 M
0 57 M
14 3 M
20 4 M
11 67 M
24 6 H
9 11 H
7 51 M
25 68 H
5 66 M
5 12 H
0 53 H
13 35 H
1 64 H
15 1 M
7 32 M
5 20 H
25 78 H
10 34 M
17 79 H
14 6 H
24 30 H
20 54 H
9 43 M
22 23 H
0 54 M
0 26 H
25 64 H
11 66 H
12 32 M
20 69 H
0 12 M
5 6 H
14 59 H
0 55 H
24 51 H
26 79 M
12 54 M
17 19 H
6 18 H
18 77 M
9 11 H
6 39 M
16 42 H
5 61 M
11 50 H
27 12 M
7 43 H
21 72 M
15 49 H
12 3 H
10 81 M
22 27 H
0 63 M
8 52 H
19 4 H
0 51 M
17 28 H
9 59 M
0 50 H
17 42 H
27 11 H
0 14 H
20 81 M
15 13 H
21 23 H
7 46 H
11 57 H
18 58 H
18 49 M
1 70 H
7 45 M
11 61 H
1 35 M
2 25 M
2 28 H
23 6 H
0 67 H
15 13 H
15 65 H
3 29 H
19 31 M
8 43 H
21 43 M
16 56 H
11 31 H
26 29 H
18 64 H
4 20 H
24 62 H
5 9 M
20 5 H
9 23 H
3 2 H
24 45 M
9 25 M
6 53 H
1 5 H
7 19 H
1 8 M
10 42 M
14 69 M
18 46 H
1 32 H
8 71 H
6 27 M
8 76 M
23 73 H
21 7 M
10 31 H
16 15 M
18 51 H
25 6 M
23 6 H
25 75 H
19 64 M
1 49 M
18 79 H
9 11 H
17 11 H
21 26 H
22 66 H
7 53 H
15 63 H
12 8 M
9 7 H
11 4 H
4 55 M
7 73 H
6 63 H
19 54 H
25 46 H
23 2 H
0 19 H
12 64 H
0 69 M
18 19 H
3 56 M
0 12 M
19 78 M
9 59 M
6 12 M
22 37 H
14 44 H
24 51 H
25 34 M
26 7 H
17 42 H
15 19 H
5 63 H
0 46 H
23 48 H
11 50 H
10 15 H
12 45 H
19 26 H
5 61 M
0 23 H
27 18 H
12 2 M
0 37 H
10 79 H
0 55 H
0 76 H
25 69 M
12 17 H
25 75 H
7 69 M
24 51 H
11 61 H
17 27 M
13 30 H
8 64 H
19 53 H
24 76 H
13 58 M
14 57 H
13 19 H
16 5 H
12 79 M
10 66 H
9 46 H
0 25 H
17 41 M
22 47 M
0 51 M
12 51 H
16 27 H
18 56 M
5 30 H
17 42 H
15 6 H
0 81 M
17 49 H
3 37 M
22 62 H
21 16 H
17 11 H
25 55 M
0 26 H
25 18 H
26 81 H
5 48 M
25 37 H
21 23 H
15 36 H
6 40 H
11 23 H
24 44 H
5 54 M
26 11 H
10 55 H
6 50 M
22 54 M
9 1 M
1 77 H
25 32 H
1 1 H
23 49 M
1 73 H
26 51 M
13 58 M
26 58 M
1 35 M
1 50 H
22 30 H
26 4 H
7 65 H
12 78 H
21 40 H
9 56 H
25 62 M
3 20 H
13 76 H
0 14 H
12 16 H
7 63 M
22 66 H
12 4 H
7 52 H
12 44 H
14 50 H
24 51 H
0 32 H
19 45 M
19 31 M
25 60 H
5 14 H
23 6 H
0 39 M
23 21 M
17 5 H
2 14 H
0 73 H
13 37 H
20 32 M
0 63 M
13 60 H
13 63 H
15 42 H
16 27 H
25 76 M
23 44 H
14 52 H
14 70 H
Consulta 41:
145 56 H
80 28 M
0 40 M
145 47 H
140 46 M
155 29 M
60 32 M
155 41 H
55 34 M
135 3 H
20 54 M
95 23 M
90 21 M
150 40 M
90 46 H
90 14 M
180 42 M
45 28 M
170 55 M
15 57 M
100 3 M
180 38 M
95 23 M
45 14 M
205 27 M
75 23 H
195 32 M
35 58 M
60 7 M
85 41 H
155 37 M
170 7 H
85 39 M
165 45 H
20 58 M
175 57 M
20 54 M
110 4 H
60 32 M
110 51 M
Consulta 42:
175 12 H
79 16 M
104 28 M
138 22 M
26 8 M
16 22 H
105 33 M
132 6 H
63 20 H
196 28 M
82 35 M
13 13 M
10 12 M
114 28 M
43 9 M
191 25 H
40 32 M
10 6 H
187 1 M
197 21 M
190 23 H
141 18 M
125 22 M
79 21 H
0 11 M
43 20 M
39 27 H
178 12 M
92 21 M
108 26 H
181 34 M
93 30 M
184 22 M
145 34 M
171 35 H
13 16 M
148 35 H
161 10 M
181 25 M
43 9 M
98 7 M
52 2 M
99 25 H
112 34 M
105 18 H
30 36 M
134 2 M
72 29 M
88 23 M
63 30 M
23 27 H
178 32 M
181 6 M
40 5 H
131 14 M
145 24 M
29 27 M
72 7 M
194 36 M
96 17 M
49 33 M
66 21 H
56 8 H
177 29 M
30 9 H
206 7 H
95 33 M
46 34 M
155 20 H
105 5 H
91 28 M
26 35 H
164 2 M
141 19 M
99 34 M
99 6 M
118 18 M
184 35 M
96 12 M
203 2 M
177 26 H
106 32 H
194 35 H
204 22 H
99 6 M
191 25 H
178 24 M
132 12 M
10 12 M
45 28 M
115 21 M
98 23 H
193 28 H
101 28 H
40 5 H
167 27 M
72 35 M
20 14 H
0 9 M
84 1 H
53 16 H
89 3 H
46 4 M
45 28 M
189 11 M
39 11 H
155 6 H
178 12 M
106 12 H
50 26 H
190 27 M
145 16 H
0 4 H
3 19 H
130 11 M
119 12 M
118 19 M
186 11 H
93 17 H
23 4 M
0 27 M
3 13 M
194 22 M
125 16 M
140 7 M
29 10 M
58 15 M
50 12 M
174 33 M
157 5 H
203 23 M
85 7 H
200 14 M
138 3 M
69 33 M
Consulta 43:
30 32 M
15 72 M
20 52 M
20 6 M
90 20 H
5 45 M
45 66 H
125 9 M
120 85 M
15 95 M
50 94 M
35 3 M
110 80 M
50 13 M
90 9 H
0 25 H
30 20 M
80 76 M
0 18 M
0 20 M
80 25 H
90 21 M
0 94 M
90 2 M
55 12 M
125 24 M
45 48 M
70 71 M
15 19 M
95 48 M
105 26 M
15 43 M
60 48 M
40 26 M
50 49 M
5 37 H
95 65 M
85 25 M
65 86 M
90 81 M
15 36 H
95 55 M
65 95 M
0 56 M
0 62 M
40 5 M
115 93 M
20 77 M
65 49 M
50 66 M
85 35 M
0 5 H
10 37 M
105 14 M
110 94 M
35 13 M
65 59 M
105 23 M
90 51 M
65 63 H
30 62 H
115 13 M
0 84 M
105 82 H
5 49 M
20 31 M
35 28 M
115 46 M
70 80 H
60 14 M
15 82 M
110 8 H
85 34 M
125 5 M
120 67 H
90 60 H
5 61 M
125 12 H
30 32 M
90 93 M
35 33 M
90 93 M
15 47 H
90 9 H
30 90 M
105 2 H
45 27 H
65 31 M
0 54 M
Consulta 44:
115 33 M
100 61 M
140 13 H
45 71 H
35 25 M
125 64 M
25 37 M
35 13 H
90 26 H
15 8 M
15 40 M
75 68 M
100 69 M
125 78 M
40 13 M
125 74 M
35 7 M
145 6 M
140 7 M
15 15 M
55 47 H
50 46 M
75 28 M
110 64 M
45 56 M
130 16 M
0 8 M
35 45 M
90 2 M
0 68 M
80 22 M
115 39 M
60 3 M
50 71 M
0 81 H
105 49 M
115 39 M
115 6 M
60 4 H
105 24 M
115 66 M
85 39 M
0 71 M
60 58 H
60 28 M
65 8 M
125 51 M
95 75 H
0 52 M
100 51 M
110 74 M
15 63 M
25 73 H
140 71 H
100 43 M
95 22 H
10 25 H
60 11 M
45 63 M
35 64 M
45 34 M
25 9 M
0 21 H
120 79 M
60 17 M
0 16 M
80 72 M
15 79 M
70 9 M
75 60 H
95 3 H
0 28 M
140 13 H
140 64 M
20 49 M
80 60 M
125 78 M
80 61 H
65 70 M
35 14 M
10 57 M
85 7 H
110 5 H
135 65 H
105 76 M
95 75 H
10 9 M
135 24 H
65 14 M
90 68 M
20 70 M
15 56 M
75 5 M
0 60 M
120 38 M
90 20 M
90 56 M
40 66 M
110 45 M
20 7 M
130 67 M
0 16 M
100 51 M
70 39 M
145 22 M
45 17 M
100 9 M
55 2 H
75 5 M
115 1 M
105 77 H
0 65 H
50 24 M
140 54 M
50 33 M
100 75 M
135 65 H
110 80 H
75 82 M
85 33 M
100 51 M
75 3 H
20 43 M
40 21 M
40 77 M
115 41 H
85 9 M
15 80 H
115 58 M
50 70 M
15 16 M
10 57 M
90 59 M
30 56 M
130 75 H
75 11 M
30 58 H
35 6 M
55 23 M
0 3 M
75 52 M
125 17 M
105 24 M
115 21 H
35 43 M
120 63 M
100 31 M
110 44 H
135 65 H
35 29 M
140 42 H
90 35 H
100 71 M
35 54 M
85 65 H
80 32 M
20 27 H
110 72 H
100 9 M
0 48 M
85 37 M
110 60 M
80 7 H
125 17 M
15 12 H
70 23 H
125 37 H
140 55 M
25 59 M
130 72 M
50 47 H
110 74 M
30 47 M
20 27 H
40 31 M
65 22 M
125 20 M
65 72 H
50 7 M
30 4 M
95 8 M
35 12 M
120 73 M
65 1 H
35 51 M
40 66 M
30 82 M
5 13 M
0 1 H
15 60 M
100 51 M
85 6 M
35 23 M
120 20 H
80 50 M
Consulta 45:
210 20 M
115 24 M
50 3 M
200 16 M
60 6 M
0 3 M
55 47 M
0 12 M
0 25 H
60 4 M
120 37 H
0 11 M
15 31 M
60 34 M
225 19 M
20 28 M
30 43 M
50 24 M
220 18 M
130 16 H
195 54 H
55 1 M
70 28 M
135 53 M
170 41 M
95 20 M
15 38 M
40 53 H
65 13 M
120 28 M
35 32 M
65 20 M
35 13 M
105 21 M
75 4 M
140 11 H
180 13 M
150 18 M
75 11 M
70 9 M
95 32 M
45 16 H
90 1 H
30 2 M
215 44 M
220 21 M
210 49 M
15 43 M
215 24 M
130 36 H
0 17 H
50 38 M
120 4 M
130 44 M
35 45 H
75 42 M
170 47 H
80 39 M
140 4 M
20 34 M
70 36 M
60 22 M
15 22 M
20 34 M
115 52 M
120 12 M
50 39 M
175 48 M
80 13 M
155 9 H
15 15 M
210 14 H
35 29 M
20 49 M
90 21 M
115 41 H
180 15 M
95 13 M
95 48 M
150 34 M
85 9 H
115 2 M
210 23 H
125 11 M
95 23 M
215 52 M
220 33 M
5 53 M
150 46 M
210 42 H
175 37 M
0 53 H
70 54 M
210 40 M
65 3 M
80 50 M
0 37 H
80 50 M
145 31 M
40 44 M
130 54 M
Consulta 46:
1170 1 M
1585 1 M
2470 1 M
1380 3 H
2450 2 M
735 3 M
2365 3 M
800 2 M
1085 3 M
1550 2 M
1250 3 M
4050 1 H
2655 1 M
50 2 M
4085 3 M
2150 2 M
1155 1 M
2500 3 M
1335 1 M
2150 2 M
2385 1 M
1215 3 M
4035 1 M
1330 3 H
465 3 M
1420 1 M
3005 1 M
4005 1 M
4035 2 M
3200 1 H
1685 3 M
1500 1 H
555 1 M
4035 1 M
1700 1 H
3435 2 M
1550 1 H
3235 1 M
2655 1 M
2170 1 M
130 3 H
3265 2 H
3165 3 M
1300 2 M
3515 2 H
1235 3 M
550 1 H
2620 1 M
4115 2 H
2480 3 H
3115 2 H
4080 3 H
3185 1 M
305 1 M
1950 1 H
2285 3 M
2120 1 M
1485 1 M
335 3 M
4005 1 M
20 2 M
1250 2 M
2815 3 M
1585 3 M
1300 2 M
2650 1 H
3985 3 M
3185 1 M
3030 3 H
2515 3 M
1415 3 M
2170 1 M
3220 2 M
970 1 M
35 3 M
1550 1 H
1920 1 M
1420 2 M
250 1 H
835 3 M
65 3 M
685 2 M
1420 2 M
570 2 M
635 1 M
450 2 M
3705 1 M
3185 1 M
3200 3 M
2915 3 M
4120 1 M
1985 2 M
2305 1 M
850 1 H
2550 3 M
3100 3 M
2200 3 M
785 2 M
3600 3 M
850 2 M
1115 2 H
3355 1 M
1585 2 M
1620 1 M
2950 2 M
1935 2 M
3920 1 M
3135 2 M
2585 3 M
3720 2 M
1785 2 M
1230 3 H
1215 3 M
70 2 M
3535 1 M
3885 1 M
2115 2 H
1585 1 M
2065 2 H
1120 2 M
1570 2 M
1535 2 M
2515 3 M
1535 3 M
2880 3 H
55 1 M
3950 1 H
3405 1 M
3185 3 M
2600 3 M
465 2 H
685 1 M
1785 2 M
3680 3 H
2785 1 M
1435 1 M
2770 2 M
2450 2 M
750 1 H
465 3 M
2535 2 M
0 3 M
3385 1 M
2335 3 M
3400 1 H
2220 1 M
1815 2 H
3485 1 M
1730 3 H
185 3 M
3285 3 M
2270 2 M
465 3 M
1365 3 M
3785 2 M
1815 3 M
4055 1 M
450 1 H
1035 1 M
2535 3 M
2930 3 H
3935 1 M
635 2 M
350 3 M
170 2 M
2220 2 M
850 1 H
155 1 M
2800 1 H
1185 1 M
650 2 M
1580 3 H
2180 3 H
765 3 M
1800 1 H
2220 2 M
3615 3 M
2650 1 H
3500 3 M
1720 2 M
2985 2 M
3165 2 H
4000 1 H
3735 2 M
780 3 H
3470 1 M
720 2 M
2600 2 M
530 3 H
300 1 H
3165 3 M
805 1 M
3020 1 M
1320 1 M
1000 3 M
1700 1 H
2500 2 M
2565 2 H
1530 3 H
885 3 M
2480 3 H
4100 3 M
885 2 M
2720 1 M
3335 1 M
1500 2 M
3700 1 H
Consulta 47:
0 56 H
0 25 H
24 22 H
27 52 M
28 25 H
15 22 H
0 23 H
6 19 M
9 31 M
16 29 H
17 22 H
25 17 H
4 11 H
30 18 M
11 24 H
30 1 H
15 22 H
11 6 M
2 31 H
23 1 H
24 50 H
31 51 H
7 14 H
3 22 H
19 57 M
6 42 H
16 60 H
20 6 H
28 53 H
30 56 H
28 5 M
5 12 H
14 31 M
19 17 H
9 58 M
13 9 H
10 18 H
6 9 H
25 44 H
25 23 H
24 2 H
28 65 H
32 51 H
13 42 H
3 29 M
26 68 H
1 47 H
23 29 H
12 18 H
3 62 H
20 67 H
31 6 M
12 66 H
7 9 H
22 39 H
30 25 M
25 50 M
13 11 H
0 66 M
25 37 H
0 63 M
2 2 H
32 8 M
9 31 M
31 22 H
2 8 H
22 62 H
5 21 H
5 11 M
20 67 H
20 21 H
24 63 H
26 59 H
32 52 H
13 54 H
30 20 H
32 9 H
30 32 M
14 60 H
1 50 M
7 37 M
27 31 M
4 11 H
1 29 H
29 13 H
28 4 H
1 17 H
7 54 M
13 43 M
2 53 M
11 50 H
12 66 H
28 58 H
30 11 M
6 22 H
1 56 H
0 68 H
8 29 H
6 27 H
28 42 H
25 30 H
4 11 H
0 44 H
30 50 H
16 40 M
30 20 H
13 63 M
9 27 H
30 67 M
3 31 H
21 61 M
15 22 H
6 42 H
11 46 M
10 36 M
20 17 M
17 45 H
6 54 H
17 62 M
31 23 H
27 58 H
0 33 M
21 26 M
3 35 H
3 4 H
20 42 H
24 29 H
14 26 H
30 63 H
5 21 H
20 65 H
23 60 M
17 44 H
29 6 H
15 35 M
22 21 M
5 57 H
5 6 H
28 39 H
10 61 M
32 50 M
19 47 H
7 61 H
19 45 H
10 34 H
13 5 H
19 23 M
15 51 H
6 28 M
32 38 H
32 45 H
23 15 H
0 49 H
9 50 H
24 51 H
25 17 H
2 26 M
1 46 M
28 4 H
18 43 M
30 41 H
0 53 H
3 17 M
2 26 M
4 22 H
29 58 M
2 25 H
26 33 H
2 13 M
22 34 H
2 62 H
30 11 M
2 25 H
20 49 H
0 61 H
20 67 H
15 67 H
24 1 H
24 15 H
31 48 M
21 25 H
22 35 M
14 2 M
31 63 H
8 17 M
6 21 H
21 6 H
25 66 H
21 28 H
15 51 H
11 68 M
14 5 H
31 20 M
19 10 H
17 15 H
19 66 H
7 22 H
21 6 H
14 59 M
14 18 H
22 46 H
1 43 H
26 52 H
8 10 M
8 61 H
29 28 M
22 32 H
4 2 M
14 67 H
23 39 M
12 64 M
32 29 M
24 6 M
28 46 H
6 25 H
29 4 H
10 29 M
0 37 H
9 45 H
23 46 M
23 4 M
15 22 H
31 1 H
3 29 M
31 2 H
17 41 M
12 24 H
8 59 M
11 52 H
25 30 H
29 14 M
23 43 H
26 33 H
30 62 H
0 32 H
27 52 M
31 27 M
28 40 M
28 46 H
19 32 H
19 59 H
10 14 M
3 17 M
5 48 H
9 27 H
15 5 M
28 68 M
13 16 H
32 17 H
9 29 H
18 32 H
16 61 M
12 37 H
7 65 H
27 12 H
6 1 M
32 50 M
9 21 H
19 16 M
18 25 H
26 40 H
11 43 H
7 45 H
2 34 M
10 63 H
24 9 H
8 53 M
6 14 H
10 51 M
23 41 H
0 14 H
14 66 M
21 40 M
30 11 M
32 43 M
25 22 M
10 4 M
23 36 H
20 24 M
31 22 H
19 52 H
29 42 M
22 60 H
30 8 H
13 28 H
8 27 H
6 68 M
24 29 H
23 55 H
6 21 H
6 32 H
26 24 H
14 18 H
11 38 H
22 18 H
31 64 H
1 52 H
11 68 M
8 65 H
27 12 H
2 53 M
29 65 M
6 68 M
16 55 H
3 29 M
0 47 H
13 33 H
17 51 H
6 41 M
0 25 H
27 3 M
11 6 M
14 42 H
22 34 H
6 64 M
7 5 H
2 35 H
20 67 H
18 15 M
17 15 H
19 64 M
19 12 H
20 66 M
27 14 H
16 33 M
25 17 H
30 36 H
18 45 H
30 67 M
26 52 H
28 40 M
0 50 H
31 8 H
30 11 M
5 12 H
27 24 M
25 22 M
32 30 H
31 37 H
14 16 M
17 22 H
0 66 M
32 1 M
14 5 H
0 55 H
16 22 H
32 52 H
13 11 H
16 27 H
17 29 H
1 47 H
10 27 H
16 26 M
29 34 H
8 47 M
28 25 H
5 27 H
19 2 M
25 24 H
23 22 H
24 15 H
12 43 H
22 55 H
18 22 M
7 39 H
29 6 H
30 34 H
30 46 M
10 63 H
13 50 M
4 4 H
18 29 M
28 14 H
0 52 H
19 47 H
23 13 H
28 32 H
12 28 H
0 58 H
Consulta 48:
181 6 M
135 11 M
378 8 M
397 2 M
404 9 H
398 11 H
3 1 M
582 10 M
125 3 M
10 11 M
211 10 H
20 9 H
404 9 H
522 2 H
42 5 M
355 4 H
342 6 M
266 13 M
579 10 H
33 8 M
355 13 H
538 5 M
207 4 M
545 7 M
132 10 M
210 7 H
0 3 M
322 8 M
250 3 M
387 5 H
506 8 M
505 5 M
473 13 M
75 2 M
115 1 H
433 5 H
355 13 H
421 6 M
361 9 M
243 4 M
371 7 H
102 13 H
549 8 H
194 3 M
466 2 M
572 8 H
457 11 M
121 2 M
499 7 M
114 5 M
365 11 M
387 5 H
257 10 H
351 7 M
565 4 M
263 13 H
365 8 H
266 1 M
30 6 M
493 11 M
345 13 M
174 4 M
230 8 M
26 9 M
503 11 M
0 5 M
571 2 M
479 5 H
335 1 M
177 2 H
59 12 M
496 4 M
247 10 M
569 6 H
306 6 M
460 8 M
53 6 M
43 1 H
559 6 M
0 12 M
240 11 M
289 13 M
23 10 M
374 2 M
260 3 H
417 9 M
91 5 M
338 2 H
273 6 M
102 3 M
0 10 H
424 13 H
286 3 M
582 10 M
160 5 M
496 13 M
322 1 H
309 4 H
335 13 M
302 1 M
105 9 H
490 10 M
23 9 H
483 1 H
523 6 H
240 11 M
92 12 H
250 11 M
378 13 H
562 4 H
227 11 M
85 2 H
19 7 M
371 1 M
194 11 M
395 10 H
312 4 M
40 6 H
49 12 M
43 1 H
10 5 M
352 3 H
482 5 M
473 4 M
344 5 M
128 1 M
236 7 M
391 8 M
427 9 H
440 9 M
552 1 H
174 13 M
138 4 M
207 12 H
289 9 H
191 11 H
148 3 M
312 1 M
467 11 H
230 13 M
79 11 M
289 13 M
42 5 M
561 5 M
375 6 M
138 12 H
469 5 M
546 10 M
500 10 M
226 2 M
256 12 M
289 9 H
421 10 M
112 6 M
240 8 M
250 3 M
220 13 M
319 11 M
187 7 H
456 5 H
236 7 M
463 12 M
112 11 M
486 12 M
89 6 M
30 5 H
0 5 M
375 3 H
0 1 H
223 7 M
158 8 H
174 12 M
197 12 M
177 7 M
101 5 M
89 11 M
358 12 M
23 3 M
473 9 H
295 2 M
30 11 M
230 4 M
293 6 H
214 3 H
519 4 M
36 4 M
384 7 M
102 4 H
572 3 M
348 1 M
365 8 H
52 7 M
542 13 M
539 11 M
213 7 M
532 12 M
191 10 M
279 9 M
32 2 H
220 4 M
259 2 M
555 1 M
483 12 H
332 13 H
86 6 H
155 6 H
270 10 M
263 3 M
358 1 M
434 8 H
115 12 H
539 13 H
3 4 M
519 1 M
493 3 M
331 5 M
102 4 H
572 11 M
266 13 M
329 11 H
463 9 M
111 5 H
480 6 M
555 12 M
282 7 M
404 13 M
467 11 H
480 11 M
408 10 M
154 9 M
506 4 M
414 12 H
542 12 M
95 7 H
0 8 M
473 9 H
145 10 M
69 13 M
476 9 M
398 10 M
342 8 H
536 3 H
128 1 M
500 10 M
482 5 M
319 8 H
194 13 H
220 13 M
545 2 H
332 13 H
91 5 M
102 11 M
309 13 H
470 4 H
105 1 M
109 10 M
381 13 M
315 7 M
424 3 M
395 10 H
33 10 M
49 7 H
115 13 M
559 11 H
309 3 M
171 4 H
197 9 H
168 3 H
167 2 M
144 7 M
214 6 M
562 11 M
220 4 M
552 13 M
309 11 M
283 11 H
270 6 H
315 2 H
206 5 M
92 4 M
329 11 H
322 13 M
325 7 H
9 7 M
404 9 H
490 10 M
430 9 M
325 7 H
13 3 M
0 1 H
477 10 M
3 1 M
33 10 M
23 13 M
217 13 H
378 4 H
125 13 H
35 2 M
490 3 H
286 3 M
305 2 M
440 9 M
556 10 H
135 6 M
342 11 M
79 4 H
138 1 H
571 2 M
233 12 M
102 8 M
503 6 M
299 13 M
318 5 H
332 3 M
91 5 M
19 12 M
0 9 M
240 3 M
286 13 H
118 9 M
332 8 M
13 10 M
365 8 H
489 2 M
273 11 M
52 5 M
562 11 M
217 8 M
95 7 H
181 3 M
516 3 M
181 3 M
272 2 M
207 12 H
13 3 M
32 2 H
545 2 H
227 3 M
88 2 M
447 13 H
76 6 M
305 2 M
582 11 H
312 1 M
161 8 M
292 7 M
253 12 H
65 2 M
32 2 H
467 10 M
181 6 M
423 5 M
101 5 M
365 3 M
168 10 M
536 11 H
407 7 M
269 9 M
276 1 H
457 8 H
516 4 H
519 1 M
85 7 M
109 6 H
398 10 M
348 12 M
168 11 H
79 4 H
0 1 H
263 4 H
66 6 M
214 10 M
260 3 H
342 8 H
414 1 H
246 9 M
322 12 H
480 6 M
105 13 M
328 2 M
388 11 M
203 2 M
559 11 H
148 8 M
424 13 H
46 4 M
308 5 M
141 12 M
378 4 H
362 10 M
155 10 M
345 12 H
292 7 M
329 10 M
79 8 M
522 2 H
256 7 H
29 12 M
401 4 H
43 3 M
444 6 M
572 8 H
388 6 M
0 5 M
141 12 M
292 7 M
229 5 M
490 11 H
56 8 M
309 4 H
112 3 M
424 13 H
89 11 M
414 13 M
43 1 H
401 4 H
259 7 M
19 7 M
111 2 M
499 9 M
118 9 M
424 11 M
69 12 H
250 8 H
296 11 M
145 10 M
247 6 H
49 1 M
33 13 H
141 9 M
30 6 M
161 8 M
302 1 M
384 7 M
322 1 H
247 10 M
187 9 M
427 12 M
368 8 M
66 3 M
131 9 M
197 1 M
574 5 M
99 10 M
555 12 M
187 12 M
69 1 H
49 9 M
282 2 M
312 9 H
164 12 M
575 12 H
365 8 H
46 1 H
155 10 M
256 12 M
85 2 H
529 4 M
23 2 H
13 4 H
539 3 M
398 3 H
115 12 H
59 9 H
243 12 M
352 10 M
446 5 M
40 11 M
309 3 M
355 13 H
293 6 H
260 11 H
165 10 H
Consulta 49:
0 64 M
30 50 M
75 76 H
105 62 H
5 37 M
125 75 M
90 74 M
100 59 M
15 19 M
30 3 H
30 71 M
125 60 M
95 39 H
35 28 M
130 31 M
90 78 H
65 8 M
30 14 H
60 47 H
120 65 M
105 6 M
30 24 M
115 67 H
85 65 M
30 36 M
75 78 M
30 62 M
50 28 H
90 44 M
110 48 M
55 80 M
15 46 M
105 83 M
30 28 H
120 27 M
115 1 M
20 29 M
0 7 M
25 41 M
50 52 M
95 42 M
95 31 M
110 28 M
95 48 M
20 21 M
0 48 M
95 28 M
75 34 M
60 34 M
80 47 H
130 51 M
75 60 M
20 5 H
95 70 M
115 67 H
135 55 M
45 70 M
15 19 M
95 68 H
80 69 M
20 37 M
65 21 M
5 29 M
125 22 M
15 27 M
15 63 H
35 67 M
95 8 M
55 65 M
45 30 M
40 78 M
95 70 M
70 80 M
50 48 M
15 23 M
100 77 M
85 65 M
110 24 M
35 20 H
0 43 M
15 32 M
25 47 M
65 30 M
20 17 M
105 11 M
15 35 M
115 68 M
0 34 M
50 16 M
60 36 M
40 20 M
90 85 M
15 83 H
115 77 H
45 4 M
70 22 M
120 34 M
135 13 H
70 10 H
65 16 M
105 62 H
115 61 M
120 15 M
65 52 M
65 81 M
45 44 M
125 48 M
55 71 M
0 83 M
0 28 M
15 19 M
45 24 H
120 36 M
20 78 H
125 69 M
35 33 M
110 24 M
0 18 M
15 12 M
0 47 M
70 40 M
30 48 H
20 45 M
115 32 H
75 76 H
15 48 M
120 23 M
125 75 M
125 28 M
15 28 M
95 3 H
65 69 M
30 32 M
15 3 M
130 39 M
90 74 M
0 32 M
75 51 M
130 43 M
35 80 M
125 60 M
105 25 M
60 7 M
95 60 M
95 7 M
95 12 H
0 41 H
85 6 H
85 81 M
30 58 M
105 11 M
135 85 H
0 75 M
85 1 M
20 15 H
100 22 M
15 35 M
110 72 M
65 56 M
0 14 M
90 54 M
110 31 H
30 28 H
70 53 M
30 3 H
0 30 M
95 20 H
0 82 M
80 48 M
80 30 M
35 55 H
70 60 H
105 23 M
80 81 H
0 55 M
75 2 M
35 28 M
50 35 H
35 49 M
0 11 M
130 71 M
45 71 H
55 37 M
0 8 M
130 9 M
60 11 M
65 67 H
130 7 H
60 43 M
80 29 H
35 20 H
15 9 M
45 46 M
90 2 M
105 65 M
25 68 M
35 6 M
130 79 H
110 24 M
120 83 H
135 27 M
95 69 M
5 21 M
130 49 M
15 48 M
0 48 M
45 79 H
105 30 H
85 14 M
130 12 M
20 53 M
30 39 M
110 8 M
125 38 M
30 48 H
110 40 M
120 13 M
15 18 M
65 6 H
110 18 M
60 72 M
30 64 M
65 3 M
0 31 M
100 86 H
130 9 M
0 63 M
40 1 M
65 22 H
15 20 H
90 28 H
80 37 H
70 49 H
115 81 M
60 63 M
15 22 M
80 29 H
135 45 M
65 60 H
45 59 M
0 14 M
0 68 M
60 82 M
70 14 M
50 32 M
60 2 M
65 73 M
80 79 M
95 61 M
30 40 H
60 35 M
35 29 H
100 56 M
135 35 M
70 9 M
0 83 M
35 35 M
45 75 M
120 77 M
90 6 M
45 76 M
110 72 M
30 55 H
55 37 M
75 10 H
135 7 M
50 79 M
55 63 H
15 67 M
85 40 H
35 10 H
65 16 M
75 44 M
45 54 M
120 17 M
50 77 M
30 60 H
65 38 M
115 26 M
70 55 M
65 33 M
35 60 M
Consulta 50:
6 14 H
12 24 H
76 11 H
49 9 M
30 12 H
44 1 H
71 6 H
2 26 H
10 13 H
47 23 H
32 12 M
21 20 H
61 8 H
28 13 H
6 24 H
34 3 H
63 11 H
21 3 M
78 25 M
27 25 H
73 5 H
23 19 H
47 2 H
34 16 H
84 13 H
22 18 M
68 2 H
34 2 M
38 19 H
1 22 H
25 8 H
1 20 H
34 25 H
27 11 H
71 24 H
73 26 H
64 4 M
68 2 H
78 18 M
9 13 H
38 5 H
33 9 H
6 19 H
19 16 H
0 15 M
38 14 H
13 16 H
36 13 H
50 10 H
14 3 M
79 24 H
49 4 H
87 10 M
22 1 H
10 15 H
0 25 H
17 1 M
75 23 H
80 19 H
2 2 M
47 15 H
47 15 H
71 1 H
71 18 M
45 26 H
59 24 M
11 12 H
22 10 H
62 18 H
84 25 H
65 10 H
69 16 H
47 15 H
53 8 H
62 11 H
77 25 H
68 15 H
6 9 H
65 24 H
66 21 H
17 5 H
56 6 H
23 1 H
5 24 H
76 4 H
54 7 M
28 6 H
29 20 H
62 2 M
81 15 H
42 20 H
50 18 M
80 17 M
21 20 H
62 9 H
6 6 M
41 11 H
79 12 H
69 18 H
12 15 M
37 5 H
2 26 H
3 13 M
57 6 H
21 20 H
30 20 M
38 10 M
80 12 H
7 17 H
46 7 H
34 3 H
72 19 H
24 24 M
13 12 H
76 11 H
54 2 H
48 23 H
3 7 H
61 9 H
56 3 M
16 12 H
8 2 M
1 20 H
19 23 H
27 22 M
7 16 M
0 10 H
30 6 M
69 18 H
64 11 M
79 26 H
25 5 M
75 21 M
20 11 H
71 4 M
11 5 H
44 24 H
18 26 M
86 6 M
7 16 M
65 17 H
8 4 H
44 20 M
0 15 M
83 15 M
8 17 H
52 7 H
30 12 H
72 10 H
29 6 H
6 24 H
55 4 H
76 22 M
65 17 H
86 5 H
13 24 H
51 5 H
86 5 H
19 16 H
88 5 M
Consulta 51:
30 11 M
105 40 M
190 43 M
160 28 M
100 48 H
100 17 H
170 46 H
0 16 M
25 53 M
135 50 M
45 52 M
95 35 M
195 8 M
0 22 M
20 1 M
5 29 M
60 51 M
45 24 H
45 8 H
80 27 M
15 58 H
155 27 M
90 30 M
145 44 M
105 53 M
0 18 M
165 34 H
125 57 M
130 28 M
50 16 H
5 1 M
80 23 M
0 4 M
95 18 M
30 34 M
55 34 M
190 37 M
25 25 M
45 18 H
200 24 M
60 26 M
90 34 M
190 54 H
160 21 M
30 30 H
145 54 M
195 28 M
75 35 M
60 4 M
65 18 M
110 58 M
45 8 H
85 56 M
15 12 M
130 25 M
0 41 H
0 23 M
200 30 M
135 30 M
0 1 H
115 3 H
130 29 H
145 44 M
145 58 M
0 32 M
140 35 H
60 23 M
50 22 M
30 34 M
115 3 H
205 17 M
145 42 M
160 12 H
70 50 M
185 5 M
185 49 M
80 10 M
95 10 M
180 38 M
175 38 H
180 30 H
30 50 H
15 18 M
125 12 M
45 5 M
120 13 M
160 2 H
15 42 M
190 11 M
175 27 M
15 6 H
80 8 M
165 42 M
95 13 M
45 55 M
210 1 M
145 32 M
15 40 M
35 58 M
195 26 H
20 16 M
90 14 M
195 15 M
185 53 H
110 7 M
0 15 M
15 3 M
90 35 H
170 17 H
55 6 M
75 23 H
125 28 H
115 36 M
175 27 M
200 39 H
190 53 M
190 27 M
175 58 H
50 48 M
0 22 M
65 36 M
80 17 M
30 10 H
5 25 H
70 34 H
120 33 M
0 24 M
120 6 H
180 12 M
40 50 M
175 1 M
10 57 H
105 49 M
5 13 M
120 13 M
75 26 M
15 11 H
15 58 H
195 22 M
35 49 M
205 41 H
35 17 M
170 17 H
Consulta 52:
39 50 M
73 17 M
53 3 M
26 47 H
99 61 M
72 68 M
92 54 M
Consulta 53:
3155 1 M
10400 1 H
2905 1 M
3635 1 M
11905 1 M
4385 1 M
6850 1 H
755 1 M
6805 1 M
3120 1 M
2320 1 M
10935 1 M
8100 1 H
3400 1 H
2800 1 H
1870 1 M
70 1 M
7685 1 M
8400 1 H
3055 1 M
6650 1 H
9785 1 M
10585 1 M
11750 1 H
5020 1 M
12185 1 M
10635 1 M
10450 1 H
8970 1 M
7085 1 M
1200 1 H
8500 1 H
5285 1 M
935 1 M
6705 1 M
1700 1 H
11855 1 M
3620 1 M
7685 1 M
3070 1 M
8705 1 M
1935 1 M
4500 1 H
105 1 M
5250 1 H
2355 1 M
1000 1 H
6100 1 H
10285 1 M
4355 1 M
7855 1 M
11870 1 M
10770 1 M
6885 1 M
1100 1 H
3370 1 M
7535 1 M
6600 1 H
12000 1 H
9505 1 M
6905 1 M
8485 1 M
6000 1 H
11720 1 M
3870 1 M
12200 1 H
2955 1 M
10450 1 H
4835 1 M
4355 1 M
6450 1 H
4655 1 M
685 1 M
1370 1 M
9905 1 M
11755 1 M
850 1 H
4535 1 M
10800 1 H
9220 1 M
2520 1 M
12050 1 H
6485 1 M
4100 1 H
3970 1 M
1900 1 H
2205 1 M
1535 1 M
2005 1 M
5300 1 H
1485 1 M
2820 1 M
5985 1 M
1370 1 M
7405 1 M
9035 1 M
11355 1 M
3335 1 M
1470 1 M
7820 1 M
6285 1 M
6850 1 H
5255 1 M
6405 1 M
12220 1 M
11150 1 H
5100 1 H
9900 1 H
6485 1 M
5150 1 H
7900 1 H
4670 1 M
8955 1 M
10155 1 M
11170 1 M
5500 1 H
6055 1 M
685 1 M
5105 1 M
2385 1 M
5570 1 M
