Caso 1
70 + 155 = 225
155 + 70 = 225
143 + 40 = 183
123 + 60 = 183
40 + 143 = 183
60 + 123 = 183
Caso 2
6 + 11 = 17
11 + 6 = 17
18 + 8 = 26
24 + 4 = 28
Caso 3
7 + 7 = 14
16 + 4 = 20
15 + 4 = 19
8 + 11 = 19
9 + 11 = 20
Caso 4
7 + 7 = 14
9 + 9 = 18
20 + 20 = 40
20 + 20 = 40
11 + 11 = 22
Caso 5
6 + 16 = 22
8 + 4 = 12
4 + 13 = 17
6 + 3 = 9
Caso 6
9 + 434 = 443
109 + 434 = 543
332 + 7 = 339
Caso 7
105 + 139 = 244
26 + 183 = 209
99 + 110 = 209
38 + 186 = 224
73 + 171 = 244
151 + 58 = 209
60 + 149 = 209
121 + 94 = 215
29 + 186 = 215
174 + 67 = 241
183 + 32 = 215
81 + 134 = 215
155 + 60 = 215
73 + 92 = 165
98 + 168 = 266
62 + 153 = 215
125 + 40 = 165
34 + 131 = 165
145 + 76 = 221
154 + 61 = 215
52 + 113 = 165
126 + 39 = 165
35 + 36 = 71
128 + 93 = 221
37 + 64 = 101
113 + 102 = 215
27 + 28 = 55
74 + 91 = 165
Caso 8
16 + 16 = 32
6 + 6 = 12
14 + 14 = 28
11 + 11 = 22
23 + 23 = 46
