1 Mario Garcia
2 Astrogildo Maldivio
3 Simao Rocha
4 Kamilla Flores
5 Marcelo Tasca
6 Andre Gomes
7 Marli Calleras
8 Tarcomando Tequerose
9 Juliana Lima
10 Wendy Mendes
11 Edson de Freitas
12 ADALBERTO CUNHA
12 Caroline Carraro
12 Catarina de Camargo
13 Juscecantio Pirovelho
13 Marcomello dos Santos
13 Vivalcino Mortolote
14 Serita Rebecca
15 Tungstenio Esperanto
16 Oscar de Souza
17 Vilma Piazetta
18 Fabiana Amorim
19 Anne Silva
20 Amanda Macedo
21 Kelly Zapata
22 Fanny Cathie
23 Bracovaldo Plonobira
24 Voronavio Tretobora
25 Ronovidio Wlacanova
26 Mandivencio Uncobarco
26 Zarcandio Esmigar
27 Lilian Suares
28 Evelin Rodrigues
29 Fabiana Oliveira
30 Claudia Rossi
31 Vitor Limeira
32 Debby Jonanny
33 Lucas Queiroga
34 Ricardo Telles
35 Sabrina Santos
36 Solange Lemos
37 Raquel Santos
38 Maria Oliveira
39 Maris Lobo
40 Pedro Henrique Passos
41 Vanderson Cunha
42 Nair Taylor
43 Agnaldo Fonseca
44 Vera Pagani
45 Vera Lucia Silva Camargo
46 Solange Gomes
47 Elaine Rocha
48 Vanessa Pereira
49 CARLEY FELISHA
50 Denita Trena
51 Alexandre Santos
52 Carolina Martin
53 Cida Morais
53 Flavia Sanches
53 Gerson Junqueira
53 Luciene Alvarez
53 Valkiria Rezende
54 Delfa Frankenberg
55 Robson S. Queiroz
56 Maria da Silva
57 Casandra Genny
58 Edirlene Nascimento
59 Adriano Freire
60 Roberto Goncalves
61 Sara Santos
62 Carlos Farias
63 Janaina Pedroso
64 Carlos Castro
65 Eliane Palermo
66 Chantal Shannan
67 Eduardo Souza
68 Moacir Cordeiro
69 Manoela Sobral
70 Gentil de Paula
71 Joao Fernandes
72 Rodrigo Pereira
73 Ethel Mir
74 Tracey Lidzy Adam
75 Ardelle Emilia
76 Amauri Bernardes
77 Cleverson Nascimento
78 Nicole Mendonca
79 Emerson Vieira
80 Graziela Lira
81 Maicon Silva
82 Sandra P. Andrade
83 Roberval Cunha
84 Jair Souza
85 Daniel Portilione
86 Adriano Santiago
87 Sandra Campos
88 Renata Freitas
89 Fernanda Mello
90 Fernanda Lima
91 Marlene Dalloglio
92 Cleverson Mendes Martins
93 Ruth Silva Nascimento
94 Maggie Fisher
95 Mariana Silva
96 Luciane Amaral
97 Zenobia Virgie
98 Paulo Pimenta
99 Julio Castro
100 Flavia Campos
101 Denis Alves
102 Juliano Gomes
103 Marcelo Evangelista Rondon
104 Leo Dias
105 Luciano Alves
106 Janete Pinheiro
107 Flavia Santos
108 Gisela Lima
109 Natalia Veiga
110 Rosaldo Lima
111 Fernanda Paiva
112 Marcos Leite
113 Fernando Bernardino
114 Katia Romero
115 Adriana Picaso
116 Gilda Maia
117 FELISHA ANGELICA
118 Paulo Fernandes
119 Kely Silveira
120 Natalia Escobar
121 Christina Antunes
122 Micheli Wolf
123 Sara Freitas
124 Ana Marlene Dalloglio
125 Evellyn Dias
126 Luiza Passos
127 Elizandra Couto
128 Carlos Santos
129 Wanderley Franco da Rocha
130 Reginaldo Meira
131 Renata Garcia Leal
132 Brunna Carolina
133 Freda Eilene
134 Lais Martini
135 Isabela Ribeiro
136 angela Freitas
137 Fabio de Souza Limeira
138 Rosa Sa
139 Jorge E. Martins
140 Luiza Goulart
141 Conceicao Franca
142 JACQUETTA HERLINDA
143 Fabiano Peixoto
144 Zahid Morgan Saleem
145 AURELIA JULISSA
146 Jose Mandes
147 Ivna Evangelho
148 Jonas Ferreira Pontes
149 Lisete Lemos
150 Leticia Nascimento
151 Daniel de Jesus Nascimento
152 Regis Lourenco
153 Bartira Martins
154 Mariana Lima
155 Bruna Araujo
156 Lucas Viana
157 Marjore Pedroso
158 Ticiane Santos
159 Josafa Dias
160 Eliane Silva
161 Marcio Pietro
162 Ana Santos
163 Lucia Souza
164 Walter Tibes
165 Jose Rocha
166 Celia Marinho
167 Tadeu Lontras
168 Jussara Lima
169 Edmir Soares
170 Mariano Lira
171 Roberta Merli
172 Gabriel Boleta
173 Yara Magalhaes
174 Bruna Ramos
175 Violeta Mecenas
176 Vivian Foe
177 Ana Valverde
178 Fabiana L. Queiroz
179 Chris Sheridan
180 Isaias Portela
181 Mafalda Donato
182 Sueli Lima
183 Cesar Luciano Rangel
184 Kimbery Suzie
185 Alexandre Meirelles
186 Walquiria Oliveira
187 Katia Tavares
188 Valeria Soares
189 Patricia Medeiros
190 Marcos Chavaski
191 Alberto Freire
192 Cornelio Moniz
193 Paula Evangelista
194 Wendy Palo
195 Melda Maurita
196 Eduarda Caroline
197 Romario Limeira
198 Janete Ferreira
199 Lara Viana
200 Jacox Philbert
201 Cassia Reis
202 Vitoria Salvador Munhoz
203 Juliana Fernandes
204 Augustus Kebby
205 Cecile Gorgulho
206 Euripedes Rija
207 Caroline Pietro
208 Roberto Araujo
209 Milta Castro
210 Tomasv Stenio
211 FERNANDA FERNANDES
212 Lettie Dotty
213 Salvador Batista
214 Milton Nahas
215 Ricardo Machado
216 Ezequias Rossi Silva
217 Janet Craig
218 Amauri Balieiro
219 Dablia Ferreira
220 Gina Costa
221 Robson Souza Jr
222 Sergio Inacio
223 Francine Malpeli
224 Fernando Ferreira
225 Abigail Heidi
226 Reginaldo Farias
227 Rafaela Gomes
228 Anflocarnio Umbarcacio
229 Inguiblolio Boracari
230 Antenor Pereira
231 Samella Marthins
232 Florisberto Ignorio
232 Marcogenio Coralino
233 Juvencinio Sepetubo
233 Xirconaldo Preconato
234 Marcelo Duarte
235 Gabriel  Favarin
236 Robson Maia
237 Dorthea Raquel
238 Amanda Duarte
239 Priscila Borges Severo
240 Eduardo Andrade
241 Viviane Goncalves
242 Michelle Gomide
243 Teresa George
244 Roberto Abreu
245 Bernarda Severino
246 Alessandra Estrada
247 Lien Ashton
248 Marina Cunha
249 Adilson Silva
250 Fernanda Silva
251 Gabriela Ferrari
252 Ramon Roche Dutra
253 Priscila Ramos
254 Manoel Regente
255 Gabriela Felber
256 Miguel Saraiva
257 Britta Louann
258 Waldir Freitas
259 Eduardo Francisco de Almeida
260 Lenita Valska
261 Vitor Andrade
262 ALMEDA DANIELL
263 Vanderleia Gomes
264 Edgard Souza Leme
265 Diogo Moniz
266 Tadeu Medeiros
267 Eden Veiga
268 Maria Aline
269 Bernardo Pereira
270 Eduardo Palhares
271 Fernando Queiroz Martins
272 Claudia Galdine
273 Carlos Vieira
274 Monica Santos
275 RAVEN HERMINIA
276 Gisele Mainard
277 Deise Velasquez
278 Marcos Dutra
279 Carlos Luis Dias
280 Aline Martins
281 Hilton Koehnke
282 Juliana Oliveira
283 Manuel Gaiteiro
284 Roberta Abreu
285 Leila Santos
286 Gabriela Coelho
287 Laisa Tavares
288 Gentil Dias
289 Mauricio Castro
290 Larissa Rique
291 Jessica Rodrigues
292 Roberto Rodrigues
293 Luiza Dias
294 Nita Han
295 Jerry Anglea
296 Cristiano Dantas
297 Carlos Rocha
298 Vitor Nogueira
299 Valquiria Gotardo
300 Sandro Leao
301 Wagner Guimaraes
302 Vania Lobo
303 Jenessa Maxwell
304 Antonio Jacqui
305 Ana Sampaio
306 Matheus Soares
307 Douglas Fogaca
308 Lavette Nedra
309 Reginaldo Dias
310 Paula Borges
311 Carolina Madureira
312 Wellington Freire
313 Debora Rocha Mendes
314 Roberta Vieira Lopes
315 Moises Evangelista Rocha
316 Felipe Perli
317 Cristina Leitte
318 Roberto B. Vacari
319 Fabiano Otavio
320 Maria Neiva
321 Aline Barros
322 Flavio Escobar
323 Delila Yevette
324 Samir Ferreira
325 Jessica Franco
326 Claudia Ferraz
327 Marcelo Antunes
328 Marcelo Augusto
329 Regiane Linhares
330 Gil Lima
331 Marta de Souza
332 Lucia Mendes
333 Carmem Evangelista
334 Denise Facchetti
335 Neymar Cunha
336 Luana Rodrigues
337 Laila Mendes
338 Fernando Mendes
339 Silvia Ferraz
340 Jorge Nunes
341 Beatriz dos Santos
342 Reinaldo Franco
343 Maria Cristina
344 Abigail da Costa
345 Mara Borges
346 Filippo Portemam
347 Odair Silva
348 Andre Novello
349 Renata Zanatta
350 Orlando Russo
351 Marcos Faria
352 Yasmin Magalhaes
353 Liege Viana
354 Heitor Neto
355 Ana Paula Santos
356 Monica Paes
357 Silas Evangelista
358 Bruna Alves
359 Paula Oliveira
360 Andreia Matos
361 Gustavo Vardo Siqueira
362 Marcia Portolotto
363 Luisa Barbero
364 Andressa Diana
365 Jennifer Mota
366 Jamilli Moura
367 Santina Valeri
368 Carlos Augusto Soares da Silva
369 Marcelo Machado
370 Wesley Rodrigues
371 Dalia Mendonca
372 Felicia Daniel
373 Alcides Rodrigues
374 Sueli Marques
375 Fannie Lelia
376 Paula Souza
377 Fernando Edvaldo Magalhaes
378 Amie Cecile
379 Laura Torres
380 Clovis Dourado
381 Maryjo Kecia
382 Daniel Fernandes
383 Gabriel Dorthea
384 Neide Dias
385 Gabrielle Ivey
386 Wagner Moreira
387 Marta Costa
388 Samella Batista
389 Edvaldo Cunha
390 Rosa da Silva
391 Eliane Balieiro
392 Jose Silveira
393 Rodrigo Fontes
394 Joanna Leslie
395 Ricardo Meirelles
396 Angelina Portela
397 Alice Antunes
398 Henritta Serrina
399 Fabiana Rodrigues
400 Silvestre Orlandes
401 Tadeu Mendes
402 Guilherme Campos
403 Adriana Garcia
404 Rodrigo Sotto-Mayor
405 Vania Silva
406 Izabelle Romeira
407 Edinelson Santos da Fonseca
408 Moises Sampaio
409 Eduardo Monaco
410 Pedro Eugenio
411 Luana Miller
412 Jason Genevie
413 Suzi Almeida
414 Eduardo Franco Gomes
415 Milena Molina
416 Daniel Silva
417 Carol Carraro
418 Giovane-Tavares
419 Valter de Souza Junior
420 Kasey Karren
421 Hermes Fontes
422 Fabiana Dietrich
423 Luiza Abreu
424 Giuliana Flores
425 Juliana Leal
426 Karleen Sonya
427 Rosana Martins
428 Guilherme Rodrigues
429 Henrique Costa
430 Dayse Andrade
431 Edson Pereira
432 Denise Freitas
433 Nome Com 30 Trinta Characteres
