2 2
3 3
3 5
3 7
3 97
erro
5 7
erro
37 608903
erro
3 70297
erro
erro
erro
erro
erro
erro
erro
19 462373
erro
13 530093
7 429161
erro
13 938827
17 73907
erro
erro
erro
erro
erro
erro
29 46957
erro
43 555853
17 918989
erro
17 400481
89 288527
7 266647
erro
erro
erro
erro
11 203039
erro
erro
erro
erro
43 626443
erro
erro
19 873427
erro
erro
5 524063
erro
43 693437
13 450503
erro
erro
19 569269
erro
37 813121
73 165721
erro
erro
erro
erro
5 503563
23 178973
erro
erro
31 190669
17 969049
erro
erro
erro
erro
11 117643
erro
23 860143
erro
7 160033
41 335207
19 155087
13 391537
erro
erro
erro
3 133963
erro
erro
19 615679
erro
erro
erro
19 777041
13 490309
erro
erro
erro
3 275963
erro
erro
3 455513
7 760933
3 783151
47 586073
erro
37 758671
59 268661
erro
erro
erro
erro
17 142123
erro
7 1193
erro
7 712847
3 174533
13 352951
erro
erro
erro
erro
5 156421
erro
3 381943
17 666829
erro
3 193811
erro
erro
erro
5 569659
13 932593
erro
37 396427
erro
5 284153
erro
11 531571
erro
5 406481
5 81671
erro
41 263759
13 58111
erro
5 319259
erro
erro
erro
erro
erro
erro
5 138571
43 800801
erro
erro
erro
3 989059
29 216289
erro
47 326369
erro
13 81953
erro
5 511549
erro
erro
erro
89 161627
erro
erro
erro
erro
7 488897
erro
7 941167
erro
erro
19 867121
erro
erro
7 659881
5 235793
3 708979
erro
erro
13 279047
erro
47 106031
11 33827
erro
erro
5 672323
erro
erro
erro
3 375043
13 198097
erro
11 432391
erro
erro
67 840841
