1
3
6
10
15
21
28
36
45
55
66
78
91
105
120
136
153
171
190
210
231
253
276
300
325
351
378
406
435
465
496
528
561
595
630
666
703
741
780
820
861
903
946
990
1035
1081
1128
1176
1225
1275
1326
1378
1431
1485
1540
1596
1653
1711
1770
1830
1891
1953
2016
2080
2145
2211
2278
2346
2415
2485
2556
2628
2701
2775
2850
2926
3003
3081
3160
3240
3321
3403
3486
3570
3655
3741
3828
3916
4005
4095
4186
4278
4371
4465
4560
4656
4753
4851
4950
5050
288372120
3782625
117022051
936211356
148393378
422081985
135408196
426655866
71634465
2463090
70312011
292759503
429376860
142695171
941237578
17793595
179011581
442248670
966790378
221445
4498500
737491215
342552225
321907251
713872005
33525766
428205480
28641096
437177665
116716281
590700006
471045471
342212041
409995930
954692056
185233128
16962400
801580780
90951
389916775
29687365
759700710
585589753
51445296
243112275
32389176
3491403
728951653
17049880
253271271
361307521
422866821
891707565
27569025
361630171
19099290
189297153
521241328
1371996
190954653
9757153
209172831
418155
184022520
655926090
40567528
6442255
23822253
139653828
494881530
382911301
306714528
310440903
377616421
207132481
9894576
7724415
156070278
146521521
427415703
872805090
1638955
14598906
706071831
9067411
18225703
748980456
824200300
25329403
5536128
220993776
68731950
36205795
112387528
388215180
454767561
135506953
385544796
218122941
326107491
1012522500
800020000
