CASO 1:
999983 e 1000003
CASO 2:
primo
primo
primo
491 e 499
97 e 101
797 e 809
337 e 347
787 e 797
853 e 857
571 e 577
523 e 541
467 e 479
887 e 907
653 e 659
199 e 211
359 e 367
359 e 367
367 e 373
89 e 97
683 e 691
953 e 967
7 e 11
863 e 877
523 e 541
257 e 263
primo
631 e 641
277 e 281
887 e 907
primo
3 e 5
53 e 59
23 e 29
683 e 691
primo
337 e 347
467 e 479
683 e 691
293 e 307
571 e 577
277 e 281
383 e 389
751 e 757
7 e 11
577 e 587
241 e 251
163 e 167
607 e 613
primo
primo
317 e 331
631 e 641
primo
449 e 457
797 e 809
601 e 607
467 e 479
887 e 907
83 e 89
421 e 431
479 e 487
733 e 739
primo
727 e 733
523 e 541
251 e 257
137 e 139
971 e 977
primo
241 e 251
241 e 251
337 e 347
primo
293 e 307
primo
421 e 431
353 e 359
467 e 479
677 e 683
103 e 107
839 e 853
241 e 251
863 e 877
487 e 491
683 e 691
953 e 967
431 e 433
157 e 163
211 e 223
683 e 691
primo
193 e 197
primo
863 e 877
53 e 59
449 e 457
41 e 43
373 e 379
173 e 179
primo
CASO 3:
5669 e 5683
9803 e 9811
7309 e 7321
6451 e 6469
8597 e 8599
7489 e 7499
2221 e 2237
5119 e 5147
5387 e 5393
5171 e 5179
5483 e 5501
4603 e 4621
6373 e 6379
8389 e 8419
7499 e 7507
2179 e 2203
6581 e 6599
5749 e 5779
4733 e 4751
7001 e 7013
2647 e 2657
primo
8941 e 8951
3833 e 3847
9973 e 10007
primo
2819 e 2833
8849 e 8861
8941 e 8951
3373 e 3389
1367 e 1373
2389 e 2393
8867 e 8887
primo
3089 e 3109
8233 e 8237
primo
5783 e 5791
2917 e 2927
primo
2447 e 2459
1381 e 1399
4159 e 4177
9257 e 9277
7759 e 7789
8629 e 8641
5827 e 5839
9803 e 9811
8527 e 8537
3011 e 3019
3023 e 3037
3109 e 3119
5059 e 5077
1069 e 1087
5237 e 5261
1553 e 1559
2273 e 2281
primo
8849 e 8861
8963 e 8969
5209 e 5227
8117 e 8123
8389 e 8419
9601 e 9613
9109 e 9127
3301 e 3307
primo
primo
7417 e 7433
1039 e 1049
6449 e 6451
9137 e 9151
2909 e 2917
7283 e 7297
9817 e 9829
9013 e 9029
primo
8819 e 8821
7079 e 7103
6709 e 6719
5623 e 5639
3931 e 3943
3517 e 3527
5449 e 5471
1117 e 1123
5749 e 5779
3181 e 3187
9907 e 9923
4243 e 4253
7703 e 7717
8329 e 8353
4139 e 4153
1093 e 1097
8377 e 8387
7703 e 7717
7759 e 7789
6043 e 6047
2579 e 2591
9173 e 9181
9491 e 9497
CASO 4:
89521 e 89527
26927 e 26947
47207 e 47221
30029 e 30047
24203 e 24223
30971 e 30977
56053 e 56081
30529 e 30539
35141 e 35149
39047 e 39079
98323 e 98327
10891 e 10903
40289 e 40343
46523 e 46549
primo
24733 e 24749
26267 e 26293
primo
72577 e 72613
44281 e 44293
36007 e 36011
60223 e 60251
39461 e 39499
22973 e 22993
47317 e 47339
71293 e 71317
13883 e 13901
23473 e 23497
98317 e 98321
primo
36497 e 36523
35923 e 35933
89689 e 89753
73387 e 73417
38639 e 38651
59707 e 59723
15331 e 15349
38677 e 38693
95239 e 95257
56269 e 56299
37649 e 37657
80557 e 80567
32621 e 32633
54941 e 54949
primo
81773 e 81799
99497 e 99523
29917 e 29921
76091 e 76099
95111 e 95131
98459 e 98467
38201 e 38219
93529 e 93553
59929 e 59951
32563 e 32569
59183 e 59197
63031 e 63059
62989 e 63029
59797 e 59809
23929 e 23957
72959 e 72973
13921 e 13931
38119 e 38149
76303 e 76333
63499 e 63521
40709 e 40739
98849 e 98867
90217 e 90227
96557 e 96581
50873 e 50891
91591 e 91621
81463 e 81509
40883 e 40897
99563 e 99571
40459 e 40471
31397 e 31469
35257 e 35267
primo
95633 e 95651
11471 e 11483
19183 e 19207
92791 e 92801
41729 e 41737
71741 e 71761
56473 e 56477
41813 e 41843
22511 e 22531
57853 e 57859
14347 e 14369
97463 e 97499
32443 e 32467
96911 e 96931
25933 e 25939
41161 e 41177
77933 e 77951
92227 e 92233
59729 e 59743
14939 e 14947
35461 e 35491
75289 e 75307
CASO 5:
464047 e 464069
227951 e 227977
207191 e 207197
299287 e 299311
241169 e 241177
215087 e 215123
287867 e 287873
491059 e 491081
171937 e 171947
156683 e 156691
320647 e 320657
473227 e 473257
469031 e 469037
473659 e 473719
417931 e 417941
496313 e 496333
125131 e 125141
356621 e 356647
437011 e 437033
345551 e 345571
325271 e 325301
189271 e 189307
396719 e 396733
352619 e 352633
232753 e 232777
247201 e 247223
490393 e 490417
360461 e 360497
335477 e 335507
104107 e 104113
455717 e 455737
181303 e 181361
336463 e 336491
165041 e 165047
primo
337411 e 337427
198733 e 198761
457559 e 457571
479327 e 479357
102503 e 102523
336463 e 336491
369673 e 369703
288931 e 288947
159119 e 159157
302851 e 302857
269561 e 269573
348287 e 348307
330347 e 330359
295129 e 295153
401593 e 401627
207743 e 207763
496919 e 496949
328439 e 328481
433787 e 433813
436013 e 436027
167221 e 167249
173273 e 173291
166319 e 166349
202219 e 202231
309251 e 309259
479081 e 479131
381103 e 381167
primo
primo
214913 e 214939
490741 e 490769
424343 e 424351
primo
488171 e 488197
491219 e 491251
387281 e 387307
180907 e 180949
430723 e 430739
421207 e 421241
341323 e 341333
363977 e 363989
276961 e 276977
134741 e 134753
155119 e 155137
449363 e 449381
353179 e 353201
158581 e 158591
249317 e 249329
113417 e 113437
285673 e 285697
438091 e 438131
341273 e 341281
226013 e 226027
211063 e 211067
250451 e 250489
primo
289897 e 289937
389699 e 389713
441079 e 441101
401629 e 401651
278087 e 278111
147011 e 147029
103573 e 103577
186481 e 186551
469993 e 470021
CASO 6:
893609 e 893653
primo
746737 e 746743
852037 e 852079
582457 e 582469
576791 e 576881
678407 e 678409
839731 e 839767
838969 e 838991
799507 e 799523
606833 e 606839
797773 e 797813
655157 e 655181
891061 e 891067
525731 e 525739
742289 e 742307
728173 e 728191
525913 e 525923
612349 e 612371
630941 e 630967
822949 e 822971
882551 e 882571
579529 e 579533
686209 e 686267
846589 e 846647
557779 e 557789
634397 e 634421
643661 e 643681
837203 e 837257
primo
747463 e 747493
834311 e 834341
733489 e 733511
647057 e 647069
883889 e 883921
534211 e 534229
897983 e 898013
643751 e 643781
832519 e 832583
654191 e 654209
701837 e 701863
793699 e 793711
629429 e 629449
763369 e 763381
646687 e 646721
715049 e 715063
585691 e 585721
571453 e 571471
834259 e 834269
795829 e 795871
660181 e 660197
751447 e 751453
810503 e 810517
primo
718759 e 718801
838249 e 838349
746563 e 746597
502217 e 502237
837533 e 837583
519947 e 519971
576319 e 576341
574507 e 574529
592693 e 592723
680749 e 680759
537547 e 537569
786833 e 786859
652019 e 652033
819187 e 819229
732373 e 732439
568033 e 568049
542401 e 542441
808853 e 808867
803417 e 803441
780211 e 780223
primo
753439 e 753461
628127 e 628139
831899 e 831911
590669 e 590713
587737 e 587747
721891 e 721909
547681 e 547709
793103 e 793123
623641 e 623653
601093 e 601127
616313 e 616321
855229 e 855241
888541 e 888557
789473 e 789491
579763 e 579773
primo
890609 e 890653
808853 e 808867
867037 e 867059
882631 e 882653
740681 e 740687
822599 e 822607
primo
721577 e 721597
665387 e 665419
CASO 7:
957433 e 957499
960121 e 960131
975901 e 975907
983491 e 983513
940931 e 940949
986767 e 986779
941329 e 941351
primo
974359 e 974383
952169 e 952183
942017 e 942031
911507 e 911527
992903 e 992917
910711 e 910747
964753 e 964757
997573 e 997583
932003 e 932021
970861 e 970867
976501 e 976513
955457 e 955469
924241 e 924269
908711 e 908723
979757 e 979787
921841 e 921871
primo
primo
942049 e 942061
931097 e 931123
949129 e 949147
947659 e 947707
930667 e 930689
primo
902723 e 902753
941971 e 941981
969679 e 969713
924403 e 924419
934277 e 934291
942541 e 942569
966041 e 966109
976951 e 976957
927727 e 927743
primo
927089 e 927097
910031 e 910051
998561 e 998617
945293 e 945331
903197 e 903211
917849 e 917869
958897 e 958901
primo
920519 e 920539
941537 e 941557
949147 e 949153
920399 e 920407
primo
917831 e 917837
926467 e 926489
937991 e 938017
944731 e 944773
949733 e 949759
932951 e 932963
955613 e 955649
977521 e 977539
908527 e 908533
926707 e 926741
959579 e 959597
974401 e 974411
972229 e 972259
979261 e 979273
908249 e 908287
primo
primo
982759 e 982769
primo
973177 e 973187
primo
912533 e 912539
900763 e 900773
940403 e 940421
920021 e 920039
956633 e 956689
986659 e 986693
968831 e 968857
927587 e 927629
923471 e 923501
986351 e 986369
918209 e 918223
921331 e 921353
994817 e 994831
907513 e 907549
primo
902389 e 902401
907141 e 907163
985979 e 985981
918587 e 918613
primo
997111 e 997121
961777 e 961783
997897 e 997933
primo
