DEZ REAIS E NOVENTA CENTAVOS
UM MIL REAIS
UM MILHAO DE REAIS
OITOCENTOS E TRINTA E SETE MIL E CINQUENTA E DOIS REAIS E VINTE CENTAVOS
OITOCENTOS E QUARENTA E OITO MIL E CENTO E VINTE E TRES REAIS E QUARENTA E SETE CENTAVOS
CEM MIL E UM REAIS E UM CENTAVO
UM CENTAVO
DOIS CENTAVOS
TRES CENTAVOS
QUATRO CENTAVOS
CINCO CENTAVOS
SEIS CENTAVOS
SETE CENTAVOS
OITO CENTAVOS
NOVE CENTAVOS
DEZ CENTAVOS
ONZE CENTAVOS
DOZE CENTAVOS
TREZE CENTAVOS
QUATORZE CENTAVOS
QUINZE CENTAVOS
DEZESSEIS CENTAVOS
DEZESSETE CENTAVOS
DEZOITO CENTAVOS
DEZENOVE CENTAVOS
VINTE CENTAVOS
VINTE E UM CENTAVOS
VINTE E DOIS CENTAVOS
VINTE E TRES CENTAVOS
VINTE E QUATRO CENTAVOS
VINTE E CINCO CENTAVOS
VINTE E SEIS CENTAVOS
VINTE E SETE CENTAVOS
VINTE E OITO CENTAVOS
VINTE E NOVE CENTAVOS
TRINTA CENTAVOS
TRINTA E UM CENTAVOS
TRINTA E DOIS CENTAVOS
TRINTA E TRES CENTAVOS
TRINTA E QUATRO CENTAVOS
TRINTA E CINCO CENTAVOS
TRINTA E SEIS CENTAVOS
TRINTA E SETE CENTAVOS
TRINTA E OITO CENTAVOS
TRINTA E NOVE CENTAVOS
QUARENTA CENTAVOS
QUARENTA E UM CENTAVOS
QUARENTA E DOIS CENTAVOS
QUARENTA E TRES CENTAVOS
QUARENTA E QUATRO CENTAVOS
QUARENTA E CINCO CENTAVOS
QUARENTA E SEIS CENTAVOS
QUARENTA E SETE CENTAVOS
QUARENTA E OITO CENTAVOS
QUARENTA E NOVE CENTAVOS
CINQUENTA CENTAVOS
CINQUENTA E UM CENTAVOS
CINQUENTA E DOIS CENTAVOS
CINQUENTA E TRES CENTAVOS
CINQUENTA E QUATRO CENTAVOS
CINQUENTA E CINCO CENTAVOS
CINQUENTA E SEIS CENTAVOS
CINQUENTA E SETE CENTAVOS
CINQUENTA E OITO CENTAVOS
CINQUENTA E NOVE CENTAVOS
SESSENTA CENTAVOS
SESSENTA E UM CENTAVOS
SESSENTA E DOIS CENTAVOS
SESSENTA E TRES CENTAVOS
SESSENTA E QUATRO CENTAVOS
SESSENTA E CINCO CENTAVOS
SESSENTA E SEIS CENTAVOS
SESSENTA E SETE CENTAVOS
SESSENTA E OITO CENTAVOS
SESSENTA E NOVE CENTAVOS
SETENTA CENTAVOS
SETENTA E UM CENTAVOS
SETENTA E DOIS CENTAVOS
SETENTA E TRES CENTAVOS
SETENTA E QUATRO CENTAVOS
SETENTA E CINCO CENTAVOS
SETENTA E SEIS CENTAVOS
SETENTA E SETE CENTAVOS
SETENTA E OITO CENTAVOS
SETENTA E NOVE CENTAVOS
OITENTA CENTAVOS
OITENTA E UM CENTAVOS
OITENTA E DOIS CENTAVOS
OITENTA E TRES CENTAVOS
OITENTA E QUATRO CENTAVOS
OITENTA E CINCO CENTAVOS
OITENTA E SEIS CENTAVOS
OITENTA E SETE CENTAVOS
OITENTA E OITO CENTAVOS
OITENTA E NOVE CENTAVOS
NOVENTA CENTAVOS
NOVENTA E UM CENTAVOS
NOVENTA E DOIS CENTAVOS
NOVENTA E TRES CENTAVOS
NOVENTA E QUATRO CENTAVOS
NOVENTA E CINCO CENTAVOS
NOVENTA E SEIS CENTAVOS
NOVENTA E SETE CENTAVOS
NOVENTA E OITO CENTAVOS
NOVENTA E NOVE CENTAVOS
UM REAL
UM REAL E UM CENTAVO
UM REAL E DOIS CENTAVOS
UM REAL E TRES CENTAVOS
UM REAL E QUATRO CENTAVOS
UM REAL E CINCO CENTAVOS
UM REAL E SEIS CENTAVOS
UM REAL E SETE CENTAVOS
UM REAL E OITO CENTAVOS
UM REAL E NOVE CENTAVOS
UM REAL E DEZ CENTAVOS
UM REAL E ONZE CENTAVOS
UM REAL E DOZE CENTAVOS
UM REAL E TREZE CENTAVOS
UM REAL E QUATORZE CENTAVOS
UM REAL E QUINZE CENTAVOS
UM REAL E DEZESSEIS CENTAVOS
UM REAL E DEZESSETE CENTAVOS
UM REAL E DEZOITO CENTAVOS
UM REAL E DEZENOVE CENTAVOS
UM REAL E VINTE CENTAVOS
UM REAL E VINTE E UM CENTAVOS
UM REAL E VINTE E DOIS CENTAVOS
UM REAL E VINTE E TRES CENTAVOS
UM REAL E VINTE E QUATRO CENTAVOS
UM REAL E VINTE E CINCO CENTAVOS
UM REAL E VINTE E SEIS CENTAVOS
UM REAL E VINTE E SETE CENTAVOS
UM REAL E VINTE E OITO CENTAVOS
UM REAL E VINTE E NOVE CENTAVOS
UM REAL E TRINTA CENTAVOS
UM REAL E TRINTA E UM CENTAVOS
UM REAL E TRINTA E DOIS CENTAVOS
UM REAL E TRINTA E TRES CENTAVOS
UM REAL E TRINTA E QUATRO CENTAVOS
UM REAL E TRINTA E CINCO CENTAVOS
UM REAL E TRINTA E SEIS CENTAVOS
UM REAL E TRINTA E SETE CENTAVOS
UM REAL E TRINTA E OITO CENTAVOS
UM REAL E TRINTA E NOVE CENTAVOS
UM REAL E QUARENTA CENTAVOS
UM REAL E QUARENTA E UM CENTAVOS
UM REAL E QUARENTA E DOIS CENTAVOS
UM REAL E QUARENTA E TRES CENTAVOS
UM REAL E QUARENTA E QUATRO CENTAVOS
UM REAL E QUARENTA E CINCO CENTAVOS
UM REAL E QUARENTA E SEIS CENTAVOS
UM REAL E QUARENTA E SETE CENTAVOS
UM REAL E QUARENTA E OITO CENTAVOS
UM REAL E QUARENTA E NOVE CENTAVOS
UM REAL E CINQUENTA CENTAVOS
UM REAL E CINQUENTA E UM CENTAVOS
UM REAL E CINQUENTA E DOIS CENTAVOS
UM REAL E CINQUENTA E TRES CENTAVOS
UM REAL E CINQUENTA E QUATRO CENTAVOS
UM REAL E CINQUENTA E CINCO CENTAVOS
UM REAL E CINQUENTA E SEIS CENTAVOS
UM REAL E CINQUENTA E SETE CENTAVOS
UM REAL E CINQUENTA E OITO CENTAVOS
UM REAL E CINQUENTA E NOVE CENTAVOS
UM REAL E SESSENTA CENTAVOS
UM REAL E SESSENTA E UM CENTAVOS
UM REAL E SESSENTA E DOIS CENTAVOS
UM REAL E SESSENTA E TRES CENTAVOS
UM REAL E SESSENTA E QUATRO CENTAVOS
UM REAL E SESSENTA E CINCO CENTAVOS
UM REAL E SESSENTA E SEIS CENTAVOS
UM REAL E SESSENTA E SETE CENTAVOS
UM REAL E SESSENTA E OITO CENTAVOS
UM REAL E SESSENTA E NOVE CENTAVOS
UM REAL E SETENTA CENTAVOS
UM REAL E SETENTA E UM CENTAVOS
UM REAL E SETENTA E DOIS CENTAVOS
UM REAL E SETENTA E TRES CENTAVOS
UM REAL E SETENTA E QUATRO CENTAVOS
UM REAL E SETENTA E CINCO CENTAVOS
UM REAL E SETENTA E SEIS CENTAVOS
UM REAL E SETENTA E SETE CENTAVOS
UM REAL E SETENTA E OITO CENTAVOS
UM REAL E SETENTA E NOVE CENTAVOS
UM REAL E OITENTA CENTAVOS
UM REAL E OITENTA E UM CENTAVOS
UM REAL E OITENTA E DOIS CENTAVOS
UM REAL E OITENTA E TRES CENTAVOS
UM REAL E OITENTA E QUATRO CENTAVOS
UM REAL E OITENTA E CINCO CENTAVOS
UM REAL E OITENTA E SEIS CENTAVOS
UM REAL E OITENTA E SETE CENTAVOS
UM REAL E OITENTA E OITO CENTAVOS
UM REAL E OITENTA E NOVE CENTAVOS
UM REAL E NOVENTA CENTAVOS
UM REAL E NOVENTA E UM CENTAVOS
UM REAL E NOVENTA E DOIS CENTAVOS
UM REAL E NOVENTA E TRES CENTAVOS
UM REAL E NOVENTA E QUATRO CENTAVOS
UM REAL E NOVENTA E CINCO CENTAVOS
UM REAL E NOVENTA E SEIS CENTAVOS
UM REAL E NOVENTA E SETE CENTAVOS
UM REAL E NOVENTA E OITO CENTAVOS
UM REAL E NOVENTA E NOVE CENTAVOS
DOIS REAIS
DOIS REAIS E UM CENTAVO
DOIS REAIS E DOIS CENTAVOS
DOIS REAIS E TRES CENTAVOS
DOIS REAIS E QUATRO CENTAVOS
DOIS REAIS E CINCO CENTAVOS
DOIS REAIS E SEIS CENTAVOS
DOIS REAIS E SETE CENTAVOS
DOIS REAIS E OITO CENTAVOS
DOIS REAIS E NOVE CENTAVOS
DOIS REAIS E DEZ CENTAVOS
DOIS REAIS E ONZE CENTAVOS
DOIS REAIS E DOZE CENTAVOS
DOIS REAIS E TREZE CENTAVOS
DOIS REAIS E QUATORZE CENTAVOS
DOIS REAIS E QUINZE CENTAVOS
DOIS REAIS E DEZESSEIS CENTAVOS
DOIS REAIS E DEZESSETE CENTAVOS
DOIS REAIS E DEZOITO CENTAVOS
DOIS REAIS E DEZENOVE CENTAVOS
DOIS REAIS E VINTE CENTAVOS
DOIS REAIS E VINTE E UM CENTAVOS
DOIS REAIS E VINTE E DOIS CENTAVOS
DOIS REAIS E VINTE E TRES CENTAVOS
DOIS REAIS E VINTE E QUATRO CENTAVOS
DOIS REAIS E VINTE E CINCO CENTAVOS
DOIS REAIS E VINTE E SEIS CENTAVOS
DOIS REAIS E VINTE E SETE CENTAVOS
DOIS REAIS E VINTE E OITO CENTAVOS
DOIS REAIS E VINTE E NOVE CENTAVOS
DOIS REAIS E TRINTA CENTAVOS
DOIS REAIS E TRINTA E UM CENTAVOS
DOIS REAIS E TRINTA E DOIS CENTAVOS
DOIS REAIS E TRINTA E TRES CENTAVOS
DOIS REAIS E TRINTA E QUATRO CENTAVOS
DOIS REAIS E TRINTA E CINCO CENTAVOS
DOIS REAIS E TRINTA E SEIS CENTAVOS
DOIS REAIS E TRINTA E SETE CENTAVOS
DOIS REAIS E TRINTA E OITO CENTAVOS
DOIS REAIS E TRINTA E NOVE CENTAVOS
DOIS REAIS E QUARENTA CENTAVOS
DOIS REAIS E QUARENTA E UM CENTAVOS
DOIS REAIS E QUARENTA E DOIS CENTAVOS
DOIS REAIS E QUARENTA E TRES CENTAVOS
DOIS REAIS E QUARENTA E QUATRO CENTAVOS
DOIS REAIS E QUARENTA E CINCO CENTAVOS
DOIS REAIS E QUARENTA E SEIS CENTAVOS
DOIS REAIS E QUARENTA E SETE CENTAVOS
DOIS REAIS E QUARENTA E OITO CENTAVOS
DOIS REAIS E QUARENTA E NOVE CENTAVOS
DOIS REAIS E CINQUENTA CENTAVOS
DOIS REAIS E CINQUENTA E UM CENTAVOS
DOIS REAIS E CINQUENTA E DOIS CENTAVOS
DOIS REAIS E CINQUENTA E TRES CENTAVOS
DOIS REAIS E CINQUENTA E QUATRO CENTAVOS
DOIS REAIS E CINQUENTA E CINCO CENTAVOS
DOIS REAIS E CINQUENTA E SEIS CENTAVOS
DOIS REAIS E CINQUENTA E SETE CENTAVOS
DOIS REAIS E CINQUENTA E OITO CENTAVOS
DOIS REAIS E CINQUENTA E NOVE CENTAVOS
DOIS REAIS E SESSENTA CENTAVOS
DOIS REAIS E SESSENTA E UM CENTAVOS
DOIS REAIS E SESSENTA E DOIS CENTAVOS
DOIS REAIS E SESSENTA E TRES CENTAVOS
DOIS REAIS E SESSENTA E QUATRO CENTAVOS
DOIS REAIS E SESSENTA E CINCO CENTAVOS
DOIS REAIS E SESSENTA E SEIS CENTAVOS
DOIS REAIS E SESSENTA E SETE CENTAVOS
DOIS REAIS E SESSENTA E OITO CENTAVOS
DOIS REAIS E SESSENTA E NOVE CENTAVOS
DOIS REAIS E SETENTA CENTAVOS
DOIS REAIS E SETENTA E UM CENTAVOS
DOIS REAIS E SETENTA E DOIS CENTAVOS
DOIS REAIS E SETENTA E TRES CENTAVOS
DOIS REAIS E SETENTA E QUATRO CENTAVOS
DOIS REAIS E SETENTA E CINCO CENTAVOS
DOIS REAIS E SETENTA E SEIS CENTAVOS
DOIS REAIS E SETENTA E SETE CENTAVOS
DOIS REAIS E SETENTA E OITO CENTAVOS
DOIS REAIS E SETENTA E NOVE CENTAVOS
DOIS REAIS E OITENTA CENTAVOS
DOIS REAIS E OITENTA E UM CENTAVOS
DOIS REAIS E OITENTA E DOIS CENTAVOS
DOIS REAIS E OITENTA E TRES CENTAVOS
NOVE REAIS E UM CENTAVO
DEZ REAIS E DOZE CENTAVOS
ONZE REAIS E VINTE E TRES CENTAVOS
DOZE REAIS E TRINTA E QUATRO CENTAVOS
TREZE REAIS E QUARENTA E CINCO CENTAVOS
QUATORZE REAIS E CINQUENTA E SEIS CENTAVOS
QUINZE REAIS E SESSENTA E SETE CENTAVOS
DEZESSEIS REAIS E SETENTA E OITO CENTAVOS
DEZESSETE REAIS E OITENTA E NOVE CENTAVOS
DEZENOVE REAIS
VINTE REAIS E ONZE CENTAVOS
VINTE E UM REAIS E VINTE E DOIS CENTAVOS
VINTE E DOIS REAIS E TRINTA E TRES CENTAVOS
VINTE E TRES REAIS E QUARENTA E QUATRO CENTAVOS
VINTE E QUATRO REAIS E CINQUENTA E CINCO CENTAVOS
VINTE E CINCO REAIS E SESSENTA E SEIS CENTAVOS
VINTE E SEIS REAIS E SETENTA E SETE CENTAVOS
VINTE E SETE REAIS E OITENTA E OITO CENTAVOS
VINTE E OITO REAIS E NOVENTA E NOVE CENTAVOS
TRINTA REAIS E DEZ CENTAVOS
TRINTA E UM REAIS E VINTE E UM CENTAVOS
TRINTA E DOIS REAIS E TRINTA E DOIS CENTAVOS
TRINTA E TRES REAIS E QUARENTA E TRES CENTAVOS
TRINTA E QUATRO REAIS E CINQUENTA E QUATRO CENTAVOS
TRINTA E CINCO REAIS E SESSENTA E CINCO CENTAVOS
TRINTA E SEIS REAIS E SETENTA E SEIS CENTAVOS
TRINTA E SETE REAIS E OITENTA E SETE CENTAVOS
TRINTA E OITO REAIS E NOVENTA E OITO CENTAVOS
QUARENTA REAIS E NOVE CENTAVOS
QUARENTA E UM REAIS E VINTE CENTAVOS
QUARENTA E DOIS REAIS E TRINTA E UM CENTAVOS
QUARENTA E TRES REAIS E QUARENTA E DOIS CENTAVOS
QUARENTA E QUATRO REAIS E CINQUENTA E TRES CENTAVOS
QUARENTA E CINCO REAIS E SESSENTA E QUATRO CENTAVOS
QUARENTA E SEIS REAIS E SETENTA E CINCO CENTAVOS
QUARENTA E SETE REAIS E OITENTA E SEIS CENTAVOS
QUARENTA E OITO REAIS E NOVENTA E SETE CENTAVOS
CINQUENTA REAIS E OITO CENTAVOS
CINQUENTA E UM REAIS E DEZENOVE CENTAVOS
CINQUENTA E DOIS REAIS E TRINTA CENTAVOS
CINQUENTA E TRES REAIS E QUARENTA E UM CENTAVOS
CINQUENTA E QUATRO REAIS E CINQUENTA E DOIS CENTAVOS
CINQUENTA E CINCO REAIS E SESSENTA E TRES CENTAVOS
CINQUENTA E SEIS REAIS E SETENTA E QUATRO CENTAVOS
CINQUENTA E SETE REAIS E OITENTA E CINCO CENTAVOS
CINQUENTA E OITO REAIS E NOVENTA E SEIS CENTAVOS
SESSENTA REAIS E SETE CENTAVOS
SESSENTA E UM REAIS E DEZOITO CENTAVOS
SESSENTA E DOIS REAIS E VINTE E NOVE CENTAVOS
SESSENTA E TRES REAIS E QUARENTA CENTAVOS
SESSENTA E QUATRO REAIS E CINQUENTA E UM CENTAVOS
SESSENTA E CINCO REAIS E SESSENTA E DOIS CENTAVOS
SESSENTA E SEIS REAIS E SETENTA E TRES CENTAVOS
SESSENTA E SETE REAIS E OITENTA E QUATRO CENTAVOS
SESSENTA E OITO REAIS E NOVENTA E CINCO CENTAVOS
SETENTA REAIS E SEIS CENTAVOS
SETENTA E UM REAIS E DEZESSETE CENTAVOS
CENTO E TRES REAIS E TRINTA E SEIS CENTAVOS
CENTO E SEIS REAIS E QUARENTA E SETE CENTAVOS
CENTO E NOVE REAIS E CINQUENTA E OITO CENTAVOS
CENTO E DOZE REAIS E SESSENTA E NOVE CENTAVOS
CENTO E QUINZE REAIS E OITENTA CENTAVOS
CENTO E DEZOITO REAIS E NOVENTA E UM CENTAVOS
CENTO E VINTE E DOIS REAIS E DOIS CENTAVOS
CENTO E VINTE E CINCO REAIS E TREZE CENTAVOS
CENTO E VINTE E OITO REAIS E VINTE E QUATRO CENTAVOS
CENTO E TRINTA E UM REAIS E TRINTA E CINCO CENTAVOS
CENTO E TRINTA E QUATRO REAIS E QUARENTA E SEIS CENTAVOS
CENTO E TRINTA E SETE REAIS E CINQUENTA E SETE CENTAVOS
CENTO E QUARENTA REAIS E SESSENTA E OITO CENTAVOS
CENTO E QUARENTA E TRES REAIS E SETENTA E NOVE CENTAVOS
CENTO E QUARENTA E SEIS REAIS E NOVENTA CENTAVOS
CENTO E CINQUENTA REAIS E UM CENTAVO
CENTO E CINQUENTA E TRES REAIS E DOZE CENTAVOS
CENTO E CINQUENTA E SEIS REAIS E VINTE E TRES CENTAVOS
CENTO E CINQUENTA E NOVE REAIS E TRINTA E QUATRO CENTAVOS
CENTO E SESSENTA E DOIS REAIS E QUARENTA E CINCO CENTAVOS
CENTO E SESSENTA E CINCO REAIS E CINQUENTA E SEIS CENTAVOS
CENTO E SESSENTA E OITO REAIS E SESSENTA E SETE CENTAVOS
CENTO E SETENTA E UM REAIS E SETENTA E OITO CENTAVOS
CENTO E SETENTA E QUATRO REAIS E OITENTA E NOVE CENTAVOS
CENTO E SETENTA E OITO REAIS
CENTO E OITENTA E UM REAIS E ONZE CENTAVOS
CENTO E OITENTA E QUATRO REAIS E VINTE E DOIS CENTAVOS
CENTO E OITENTA E SETE REAIS E TRINTA E TRES CENTAVOS
CENTO E NOVENTA REAIS E QUARENTA E QUATRO CENTAVOS
CENTO E NOVENTA E TRES REAIS E CINQUENTA E CINCO CENTAVOS
CENTO E NOVENTA E SEIS REAIS E SESSENTA E SEIS CENTAVOS
CENTO E NOVENTA E NOVE REAIS E SETENTA E SETE CENTAVOS
DUZENTOS E DOIS REAIS E OITENTA E OITO CENTAVOS
DUZENTOS E CINCO REAIS E NOVENTA E NOVE CENTAVOS
DUZENTOS E NOVE REAIS E DEZ CENTAVOS
DUZENTOS E DOZE REAIS E VINTE E UM CENTAVOS
DUZENTOS E QUINZE REAIS E TRINTA E DOIS CENTAVOS
DUZENTOS E DEZOITO REAIS E QUARENTA E TRES CENTAVOS
DUZENTOS E VINTE E UM REAIS E CINQUENTA E QUATRO CENTAVOS
DUZENTOS E VINTE E QUATRO REAIS E SESSENTA E CINCO CENTAVOS
DUZENTOS E VINTE E SETE REAIS E SETENTA E SEIS CENTAVOS
DUZENTOS E TRINTA REAIS E OITENTA E SETE CENTAVOS
DUZENTOS E TRINTA E TRES REAIS E NOVENTA E OITO CENTAVOS
DUZENTOS E TRINTA E SETE REAIS E NOVE CENTAVOS
DUZENTOS E QUARENTA REAIS E VINTE CENTAVOS
DUZENTOS E QUARENTA E TRES REAIS E TRINTA E UM CENTAVOS
DUZENTOS E QUARENTA E SEIS REAIS E QUARENTA E DOIS CENTAVOS
DUZENTOS E QUARENTA E NOVE REAIS E CINQUENTA E TRES CENTAVOS
DUZENTOS E CINQUENTA E DOIS REAIS E SESSENTA E QUATRO CENTAVOS
DUZENTOS E CINQUENTA E CINCO REAIS E SETENTA E CINCO CENTAVOS
DUZENTOS E CINQUENTA E OITO REAIS E OITENTA E SEIS CENTAVOS
DUZENTOS E SESSENTA E UM REAIS E NOVENTA E SETE CENTAVOS
DUZENTOS E SESSENTA E CINCO REAIS E OITO CENTAVOS
DUZENTOS E SESSENTA E OITO REAIS E DEZENOVE CENTAVOS
DUZENTOS E SETENTA E UM REAIS E TRINTA CENTAVOS
DUZENTOS E SETENTA E QUATRO REAIS E QUARENTA E UM CENTAVOS
DUZENTOS E SETENTA E SETE REAIS E CINQUENTA E DOIS CENTAVOS
DUZENTOS E OITENTA REAIS E SESSENTA E TRES CENTAVOS
DUZENTOS E OITENTA E TRES REAIS E SETENTA E QUATRO CENTAVOS
DUZENTOS E OITENTA E SEIS REAIS E OITENTA E CINCO CENTAVOS
DUZENTOS E OITENTA E NOVE REAIS E NOVENTA E SEIS CENTAVOS
DUZENTOS E NOVENTA E TRES REAIS E SETE CENTAVOS
DUZENTOS E NOVENTA E SEIS REAIS E DEZOITO CENTAVOS
DUZENTOS E NOVENTA E NOVE REAIS E VINTE E NOVE CENTAVOS
TREZENTOS E DOIS REAIS E QUARENTA CENTAVOS
TREZENTOS E CINCO REAIS E CINQUENTA E UM CENTAVOS
TREZENTOS E OITO REAIS E SESSENTA E DOIS CENTAVOS
TREZENTOS E ONZE REAIS E SETENTA E TRES CENTAVOS
TREZENTOS E QUATORZE REAIS E OITENTA E QUATRO CENTAVOS
TREZENTOS E DEZESSETE REAIS E NOVENTA E CINCO CENTAVOS
TREZENTOS E VINTE E UM REAIS E SEIS CENTAVOS
TREZENTOS E VINTE E QUATRO REAIS E DEZESSETE CENTAVOS
TREZENTOS E VINTE E SETE REAIS E VINTE E OITO CENTAVOS
TREZENTOS E TRINTA REAIS E TRINTA E NOVE CENTAVOS
TREZENTOS E TRINTA E TRES REAIS E CINQUENTA CENTAVOS
TREZENTOS E TRINTA E SEIS REAIS E SESSENTA E UM CENTAVOS
TREZENTOS E TRINTA E NOVE REAIS E SETENTA E DOIS CENTAVOS
TREZENTOS E QUARENTA E DOIS REAIS E OITENTA E TRES CENTAVOS
TREZENTOS E QUARENTA E CINCO REAIS E NOVENTA E QUATRO CENTAVOS
TREZENTOS E QUARENTA E NOVE REAIS E CINCO CENTAVOS
TREZENTOS E CINQUENTA E DOIS REAIS E DEZESSEIS CENTAVOS
TREZENTOS E CINQUENTA E CINCO REAIS E VINTE E SETE CENTAVOS
TREZENTOS E CINQUENTA E OITO REAIS E TRINTA E OITO CENTAVOS
TREZENTOS E SESSENTA E UM REAIS E QUARENTA E NOVE CENTAVOS
TREZENTOS E SESSENTA E QUATRO REAIS E SESSENTA CENTAVOS
TREZENTOS E SESSENTA E SETE REAIS E SETENTA E UM CENTAVOS
TREZENTOS E SETENTA REAIS E OITENTA E DOIS CENTAVOS
TREZENTOS E SETENTA E TRES REAIS E NOVENTA E TRES CENTAVOS
TREZENTOS E SETENTA E SETE REAIS E QUATRO CENTAVOS
TREZENTOS E OITENTA REAIS E QUINZE CENTAVOS
TREZENTOS E OITENTA E TRES REAIS E VINTE E SEIS CENTAVOS
TREZENTOS E OITENTA E SEIS REAIS E TRINTA E SETE CENTAVOS
TREZENTOS E OITENTA E NOVE REAIS E QUARENTA E OITO CENTAVOS
TREZENTOS E NOVENTA E DOIS REAIS E CINQUENTA E NOVE CENTAVOS
TREZENTOS E NOVENTA E CINCO REAIS E SETENTA CENTAVOS
TREZENTOS E NOVENTA E OITO REAIS E OITENTA E UM CENTAVOS
QUATROCENTOS E UM REAIS E NOVENTA E DOIS CENTAVOS
QUATROCENTOS E CINCO REAIS E TRES CENTAVOS
QUATROCENTOS E OITO REAIS E QUATORZE CENTAVOS
QUATROCENTOS E ONZE REAIS E VINTE E CINCO CENTAVOS
QUATROCENTOS E QUATORZE REAIS E TRINTA E SEIS CENTAVOS
QUATROCENTOS E DEZESSETE REAIS E QUARENTA E SETE CENTAVOS
QUATROCENTOS E VINTE REAIS E CINQUENTA E OITO CENTAVOS
QUATROCENTOS E VINTE E TRES REAIS E SESSENTA E NOVE CENTAVOS
QUATROCENTOS E VINTE E SEIS REAIS E OITENTA CENTAVOS
NOVECENTOS E NOVENTA E OITO REAIS E SESSENTA E DOIS CENTAVOS
NOVECENTOS E NOVENTA E NOVE REAIS E NOVENTA CENTAVOS
NOVECENTOS E NOVENTA E NOVE REAIS E NOVENTA E UM CENTAVOS
NOVECENTOS E NOVENTA E NOVE REAIS E NOVENTA E DOIS CENTAVOS
NOVECENTOS E NOVENTA E NOVE REAIS E NOVENTA E TRES CENTAVOS
NOVECENTOS E NOVENTA E NOVE REAIS E NOVENTA E QUATRO CENTAVOS
NOVECENTOS E NOVENTA E NOVE REAIS E NOVENTA E CINCO CENTAVOS
NOVECENTOS E NOVENTA E NOVE REAIS E NOVENTA E SEIS CENTAVOS
NOVECENTOS E NOVENTA E NOVE REAIS E NOVENTA E SETE CENTAVOS
NOVECENTOS E NOVENTA E NOVE REAIS E NOVENTA E OITO CENTAVOS
NOVECENTOS E NOVENTA E NOVE REAIS E NOVENTA E NOVE CENTAVOS
UM MIL REAIS E UM CENTAVO
UM MIL REAIS E DEZ CENTAVOS
UM MIL REAIS E ONZE CENTAVOS
UM MIL REAIS E DOZE CENTAVOS
UM MIL E NOVE REAIS E SESSENTA E TRES CENTAVOS
UM MIL E VINTE REAIS E SESSENTA E QUATRO CENTAVOS
UM MIL E TRINTA E UM REAIS E SESSENTA E CINCO CENTAVOS
UM MIL E QUARENTA E DOIS REAIS E SESSENTA E SEIS CENTAVOS
UM MIL E CINQUENTA E TRES REAIS E SESSENTA E SETE CENTAVOS
UM MIL E SESSENTA E QUATRO REAIS E SESSENTA E OITO CENTAVOS
UM MIL E SETENTA E CINCO REAIS E SESSENTA E NOVE CENTAVOS
UM MIL E OITENTA E SEIS REAIS E SETENTA CENTAVOS
UM MIL E NOVENTA E SETE REAIS E SETENTA E UM CENTAVOS
UM MIL E CENTO E OITO REAIS E SETENTA E DOIS CENTAVOS
UM MIL E DUZENTOS E ONZE REAIS E SETENTA E NOVE CENTAVOS
UM MIL E TREZENTOS E QUATORZE REAIS E OITENTA E SEIS CENTAVOS
UM MIL E QUATROCENTOS E DEZESSETE REAIS E NOVENTA E TRES CENTAVOS
UM MIL E QUINHENTOS E VINTE E UM REAIS
UM MIL E SEISCENTOS E VINTE E QUATRO REAIS E SETE CENTAVOS
UM MIL E SETECENTOS E VINTE E SETE REAIS E QUATORZE CENTAVOS
UM MIL E OITOCENTOS E TRINTA REAIS E VINTE E UM CENTAVOS
UM MIL E NOVECENTOS E TRINTA E TRES REAIS E VINTE E OITO CENTAVOS
DOIS MIL E TRINTA E SEIS REAIS E TRINTA E CINCO CENTAVOS
DOIS MIL E CENTO E TRINTA E NOVE REAIS E QUARENTA E DOIS CENTAVOS
DOIS MIL E DUZENTOS E QUARENTA E DOIS REAIS E QUARENTA E NOVE CENTAVOS
DOIS MIL E TREZENTOS E QUARENTA E CINCO REAIS E CINQUENTA E SEIS CENTAVOS
DOIS MIL E QUATROCENTOS E QUARENTA E OITO REAIS E SESSENTA E TRES CENTAVOS
TRES MIL E QUATROCENTOS E SETENTA E DOIS REAIS E CINQUENTA E DOIS CENTAVOS
QUATRO MIL E QUATROCENTOS E NOVENTA E SEIS REAIS E QUARENTA E UM CENTAVOS
CINCO MIL E QUINHENTOS E VINTE REAIS E TRINTA CENTAVOS
SEIS MIL E QUINHENTOS E QUARENTA E QUATRO REAIS E DEZENOVE CENTAVOS
SETE MIL E QUINHENTOS E SESSENTA E OITO REAIS E OITO CENTAVOS
OITO MIL E QUINHENTOS E NOVENTA E UM REAIS E NOVENTA E SETE CENTAVOS
NOVE MIL E SEISCENTOS E QUINZE REAIS E OITENTA E SEIS CENTAVOS
DEZ MIL E SEISCENTOS E TRINTA E NOVE REAIS E SETENTA E CINCO CENTAVOS
ONZE MIL E SEISCENTOS E SESSENTA E TRES REAIS E SESSENTA E QUATRO CENTAVOS
DOZE MIL E SEISCENTOS E OITENTA E SETE REAIS E CINQUENTA E TRES CENTAVOS
TREZE MIL E SETECENTOS E ONZE REAIS E QUARENTA E DOIS CENTAVOS
QUATORZE MIL E SETECENTOS E TRINTA E CINCO REAIS E TRINTA E UM CENTAVOS
QUINZE MIL E SETECENTOS E CINQUENTA E NOVE REAIS E DOIS CENTAVOS
DEZESSEIS MIL E SETECENTOS E OITENTA E TRES REAIS E NOVE CENTAVOS
DEZESSETE MIL E OITOCENTOS E SEIS REAIS E NOVENTA E OITO CENTAVOS
DEZOITO MIL E OITOCENTOS E TRINTA REAIS E OITENTA E SETE CENTAVOS
DEZENOVE MIL E OITOCENTOS E CINQUENTA E QUATRO REAIS E SETENTA E SEIS CENTAVOS
VINTE MIL E OITOCENTOS E SETENTA E OITO REAIS E SESSENTA E CINCO CENTAVOS
VINTE E UM MIL E NOVECENTOS E DOIS REAIS E CINQUENTA E QUATRO CENTAVOS
VINTE E DOIS MIL E NOVECENTOS E VINTE E SEIS REAIS E QUARENTA E TRES CENTAVOS
VINTE E TRES MIL E NOVECENTOS E CINQUENTA REAIS E TRINTA E DOIS CENTAVOS
VINTE E QUATRO MIL E NOVECENTOS E SETENTA E QUATRO REAIS E VINTE E UM CENTAVOS
VINTE E CINCO MIL E NOVECENTOS E NOVENTA E OITO REAIS E DEZ CENTAVOS
VINTE E SETE MIL E VINTE E UM REAIS E NOVENTA E NOVE CENTAVOS
VINTE E OITO MIL E QUARENTA E CINCO REAIS E OITENTA E OITO CENTAVOS
VINTE E NOVE MIL E SESSENTA E NOVE REAIS E SETENTA E SETE CENTAVOS
TRINTA MIL E NOVENTA E TRES REAIS E SESSENTA E SEIS CENTAVOS
CENTO E CINCO MIL E CENTO E DEZESSETE REAIS E SESSENTA CENTAVOS
CENTO E OITENTA MIL E CENTO E QUARENTA E UM REAIS E QUARENTA CENTAVOS
DUZENTOS E CINQUENTA E CINCO MIL E CENTO E SESSENTA E CINCO REAIS E TRINTA CENTAVOS
TREZENTOS E TRINTA MIL E CENTO E OITENTA E NOVE REAIS E VINTE CENTAVOS
QUATROCENTOS E CINCO MIL E DUZENTOS E TREZE REAIS E DEZ CENTAVOS
QUATROCENTOS E OITENTA MIL E DUZENTOS E TRINTA E SETE REAIS
QUINHENTOS E CINQUENTA E CINCO MIL E DUZENTOS E SESSENTA REAIS E NOVENTA CENTAVOS
SEISCENTOS E TRINTA MIL E DUZENTOS E OITENTA E QUATRO REAIS E OITENTA CENTAVOS
SETECENTOS E CINCO MIL E TREZENTOS E OITO REAIS E SETENTA CENTAVOS
SETECENTOS E OITENTA MIL E TREZENTOS E TRINTA E DOIS REAIS E SESSENTA CENTAVOS
OITOCENTOS E CINQUENTA E CINCO MIL E TREZENTOS E CINQUENTA E SEIS REAIS E CINQUENTA CENTAVOS
NOVECENTOS E TRINTA MIL E TREZENTOS E OITENTA REAIS E TRINTA CENTAVOS
