2418 2423 3334.9
2632 2623 3125.6
2663 2407 2925.7
2704 2439 2978.3
2570 2499 3269.6
2230 2275 2686.5
2797 2595 3036.7
2546 2353 3313.4
2836 2987 2601.0
3989 1988 1955.5
2579 2625 3118.4
2238 2295 3092.5
2772 2421 2832.8
2420 2521 3254.3
2406 2331 3267.9
2617 2682 2499.7
2764 2330 2895.6
2643 2282 3214.3
2505 2340 3107.1
2440 2649 3023.9
2426 2312 2581.9
2505 2763 2845.4
2963 2878 2715.3
2603 2270 3259.4
2393 1779 2827.5
2130 2425 2331.6
2486 2506 2657.6
2568 2612 3272.1
2821 2493 2374.4
2679 2402 3156.6
2377 2589 1916.3
2360 2227 3048.5
2304 2284 3090.9
2419 2744 2897.3
2907 2588 2719.7
2410 2451 3196.3
2513 2413 3352.1
1960 2811 2819.7
2743 2474 3013.6
2637 2462 2871.9
2210 2275 2180.4
2817 2676 2434.2
2676 2551 3242.7
2566 2487 3211.6
2422 2485 3175.1
2289 2460 3163.7
2578 2489 3173.6
2560 2557 3221.7
2707 2533 3159.7
2232 2907 2605.3
2535 2375 3373.6
2563 2663 3095.1
2230 2410 3222.6
2403 2638 3346.2
2446 2515 3211.8
2534 2400 2602.3
2566 2471 3127.6
2386 2863 2912.2
2139 2506 2906.7
2393 2404 2978.7
2590 2703 3155.2
2697 2187 3053.4
2547 2830 3120.2
2590 2416 3242.9
2237 2279 2925.8
2494 2501 3364.0
2802 2544 3009.6
2036 2630 2865.6
2693 2464 2969.0
2477 2543 3195.9
2775 2326 3115.1
2457 2480 3265.6
2466 2572 2860.3
2576 2465 3156.4
2584 2217 3042.8
2565 2522 3383.8
2696 2450 2496.4
2699 2489 3261.6
2711 2487 3296.0
2330 2721 2943.5
2254 2242 2667.2
2603 2781 2901.2
2418 2544 3140.7
2532 2521 3206.0
2185 2412 2809.7
2857 2683 3122.4
2180 2774 3024.5
2256 2532 2928.4
2584 2573 3362.7
2566 2796 2788.9
2430 2682 2817.1
2403 2610 3184.1
2542 2473 3158.1
2322 2601 3114.8
2711 2543 3076.5
2606 2323 3064.5
2205 2547 3160.6
2348 2127 3037.9
2374 2202 2818.3
2470 2664 2581.0
