0
12456
23456867153
111
0
0
1
12
123
1234
12345
123456
1234567
12345678
123456789
234567890
1345678901
12456789012
123567890123
1234678901234
12345789012345
123456890123456
1234567901234567
12345678012345678
123456789123456789
234567890234567890
1345678901345678901
12456789012456789012
123567890123567890123
1234678901234678901234
12345789012345789012345
123456890123456890123456
1234567901234567901234567
12345678012345678012345678
123456789123456789123456789
234567890234567890234567890
1345678901345678901345678901
12456789012456789012456789012
123567890123567890123567890123
1234678901234678901234678901234
12345789012345789012345789012345
123456890123456890123456890123456
1234567901234567901234567901234567
12345678012345678012345678012345678
123456789123456789123456789123456789
234567890234567890234567890234567890
1345678901345678901345678901345678901
12456789012456789012456789012456789012
123567890123567890123567890123567890123
1234678901234678901234678901234678901234
12345789012345789012345789012345789012345
123456890123456890123456890123456890123456
1234567901234567901234567901234567901234567
12345678012345678012345678012345678012345678
123456789123456789123456789123456789123456789
234567890234567890234567890234567890234567890
1345678901345678901345678901345678901345678901
12456789012456789012456789012456789012456789012
123567890123567890123567890123567890123567890123
1234678901234678901234678901234678901234678901234
12345789012345789012345789012345789012345789012345
123456890123456890123456890123456890123456890123456
1234567901234567901234567901234567901234567901234567
12345678012345678012345678012345678012345678012345678
123456789123456789123456789123456789123456789123456789
234567890234567890234567890234567890234567890234567890
1345678901345678901345678901345678901345678901345678901
12456789012456789012456789012456789012456789012456789012
123567890123567890123567890123567890123567890123567890123
1234678901234678901234678901234678901234678901234678901234
12345789012345789012345789012345789012345789012345789012345
123456890123456890123456890123456890123456890123456890123456
1234567901234567901234567901234567901234567901234567901234567
12345678012345678012345678012345678012345678012345678012345678
123456789123456789123456789123456789123456789123456789123456789
234567890234567890234567890234567890234567890234567890234567890
1345678901345678901345678901345678901345678901345678901345678901
12456789012456789012456789012456789012456789012456789012456789012
123567890123567890123567890123567890123567890123567890123567890123
1234678901234678901234678901234678901234678901234678901234678901234
12345789012345789012345789012345789012345789012345789012345789012345
123456890123456890123456890123456890123456890123456890123456890123456
1234567901234567901234567901234567901234567901234567901234567901234567
12345678012345678012345678012345678012345678012345678012345678012345678
123456789123456789123456789123456789123456789123456789123456789123456789
234567890234567890234567890234567890234567890234567890234567890234567890
1345678901345678901345678901345678901345678901345678901345678901345678901
12456789012456789012456789012456789012456789012456789012456789012456789012
123567890123567890123567890123567890123567890123567890123567890123567890123
1234678901234678901234678901234678901234678901234678901234678901234678901234
12345789012345789012345789012345789012345789012345789012345789012345789012345
123456890123456890123456890123456890123456890123456890123456890123456890123456
1234567901234567901234567901234567901234567901234567901234567901234567901234567
12345678012345678012345678012345678012345678012345678012345678012345678012345678
123456789123456789123456789123456789123456789123456789123456789123456789123456789
234567890234567890234567890234567890234567890234567890234567890234567890234567890
1345678901345678901345678901345678901345678901345678901345678901345678901345678901
12456789012456789012456789012456789012456789012456789012456789012456789012456789012
123567890123567890123567890123567890123567890123567890123567890123567890123567890123
1234678901234678901234678901234678901234678901234678901234678901234678901234678901234
12345789012345789012345789012345789012345789012345789012345789012345789012345789012345
123456890123456890123456890123456890123456890123456890123456890123456890123456890123456
1234567901234567901234567901234567901234567901234567901234567901234567901234567901234567
12345678012345678012345678012345678012345678012345678012345678012345678012345678012345678
0
0
11
11
1122
1122
112233
112233
11223344
11223344
22334455
11334455
1122445566
1122335566
112233446677
112233445577
11223344556688
11223344556677
1122334455667788
112233445566778899
223344556677889900
113344556677889900
11224455667788990011
11223355667788990011
1122334466778899001122
1122334455778899001122
112233445566889900112233
112233445566779900112233
11223344556677880011223344
11223344556677889911223344
22334455667788990022334455
11334455667788990011334455
1122445566778899001122445566
1122335566778899001122335566
112233446677889900112233446677
112233445577889900112233445577
11223344556688990011223344556688
11223344556677990011223344556677
1122334455667788001122334455667788
112233445566778899112233445566778899
223344556677889900223344556677889900
113344556677889900113344556677889900
11224455667788990011224455667788990011
11223355667788990011223355667788990011
1122334466778899001122334466778899001122
1122334455778899001122334455778899001122
112233445566889900112233445566889900112233
112233445566779900112233445566779900112233
11223344556677880011223344556677880011223344
11223344556677889911223344556677889911223344
22334455667788990022334455667788990022334455
11334455667788990011334455667788990011334455
1122445566778899001122445566778899001122445566
1122335566778899001122335566778899001122335566
112233446677889900112233446677889900112233446677
112233445577889900112233445577889900112233445577
11223344556688990011223344556688990011223344556688
11223344556677990011223344556677990011223344556677
1122334455667788001122334455667788001122334455667788
112233445566778899112233445566778899112233445566778899
223344556677889900223344556677889900223344556677889900
113344556677889900113344556677889900113344556677889900
11224455667788990011224455667788990011224455667788990011
11223355667788990011223355667788990011223355667788990011
1122334466778899001122334466778899001122334466778899001122
1122334455778899001122334455778899001122334455778899001122
112233445566889900112233445566889900112233445566889900112233
112233445566779900112233445566779900112233445566779900112233
11223344556677880011223344556677880011223344556677880011223344
11223344556677889911223344556677889911223344556677889911223344
22334455667788990022334455667788990022334455667788990022334455
11334455667788990011334455667788990011334455667788990011334455
1122445566778899001122445566778899001122445566778899001122445566
1122335566778899001122335566778899001122335566778899001122335566
112233446677889900112233446677889900112233446677889900112233446677
112233445577889900112233445577889900112233445577889900112233445577
11223344556688990011223344556688990011223344556688990011223344556688
11223344556677990011223344556677990011223344556677990011223344556677
1122334455667788001122334455667788001122334455667788001122334455667788
112233445566778899112233445566778899112233445566778899112233445566778899
223344556677889900223344556677889900223344556677889900223344556677889900
113344556677889900113344556677889900113344556677889900113344556677889900
11224455667788990011224455667788990011224455667788990011224455667788990011
11223355667788990011223355667788990011223355667788990011223355667788990011
1122334466778899001122334466778899001122334466778899001122334466778899001122
1122334455778899001122334455778899001122334455778899001122334455778899001122
112233445566889900112233445566889900112233445566889900112233445566889900112233
112233445566779900112233445566779900112233445566779900112233445566779900112233
11223344556677880011223344556677880011223344556677880011223344556677880011223344
11223344556677889911223344556677889911223344556677889911223344556677889911223344
22334455667788990022334455667788990022334455667788990022334455667788990022334455
11334455667788990011334455667788990011334455667788990011334455667788990011334455
1122445566778899001122445566778899001122445566778899001122445566778899001122445566
1122335566778899001122335566778899001122335566778899001122335566778899001122335566
112233446677889900112233446677889900112233446677889900112233446677889900112233446677
112233445577889900112233445577889900112233445577889900112233445577889900112233445577
11223344556688990011223344556688990011223344556688990011223344556688990011223344556688
11223344556677990011223344556677990011223344556677990011223344556677990011223344556677
1122334455667788001122334455667788001122334455667788001122334455667788001122334455667788
0
0
0
0
1111
1111
1111
1111
11112222
11112222
2222
1111
11112222
111122223333
111122223333
111122223333
1111222233334444
1111222233334444
1111222233334444
1111222233334444
2222333344445555
1111333344445555
1111222244445555
1111222233335555
11112222333344446666
11112222333344445555
111122223333444455556666
111122223333444455556666
1111222233334444555566667777
1111222233334444555566667777
222233334444555566667777
111133334444555566667777
1111222244445555666677778888
1111222233335555666677778888
1111222233334444666677778888
1111222233334444555577778888
11112222333344445555666688889999
11112222333344445555666677779999
11112222333344445555666677778888
111122223333444455556666777788889999
222233334444555566667777888899990000
111133334444555566667777888899990000
111122224444555566667777888899990000
111122223333555566667777888899990000
1111222233334444666677778888999900001111
1111222233334444555577778888999900001111
1111222233334444555566668888999900001111
1111222233334444555566667777999900001111
11112222333344445555666677778888000011112222
11112222333344445555666677778888999911112222
2222333344445555666677778888999900002222
1111333344445555666677778888999900001111
11112222444455556666777788889999000011112222
111122223333555566667777888899990000111122223333
111122223333444466667777888899990000111122223333
111122223333444455557777888899990000111122223333
1111222233334444555566668888999900001111222233334444
1111222233334444555566667777999900001111222233334444
1111222233334444555566667777888800001111222233334444
1111222233334444555566667777888899991111222233334444
2222333344445555666677778888999900002222333344445555
1111333344445555666677778888999900001111333344445555
1111222244445555666677778888999900001111222244445555
1111222233335555666677778888999900001111222233335555
11112222333344446666777788889999000011112222333344446666
11112222333344445555777788889999000011112222333344445555
111122223333444455556666888899990000111122223333444455556666
111122223333444455556666777799990000111122223333444455556666
1111222233334444555566667777888800001111222233334444555566667777
1111222233334444555566667777888899991111222233334444555566667777
222233334444555566667777888899990000222233334444555566667777
111133334444555566667777888899990000111133334444555566667777
1111222244445555666677778888999900001111222244445555666677778888
1111222233335555666677778888999900001111222233335555666677778888
1111222233334444666677778888999900001111222233334444666677778888
1111222233334444555577778888999900001111222233334444555577778888
11112222333344445555666688889999000011112222333344445555666688889999
11112222333344445555666677779999000011112222333344445555666677779999
11112222333344445555666677778888000011112222333344445555666677778888
111122223333444455556666777788889999111122223333444455556666777788889999
222233334444555566667777888899990000222233334444555566667777888899990000
111133334444555566667777888899990000111133334444555566667777888899990000
111122224444555566667777888899990000111122224444555566667777888899990000
111122223333555566667777888899990000111122223333555566667777888899990000
1111222233334444666677778888999900001111222233334444666677778888999900001111
1111222233334444555577778888999900001111222233334444555577778888999900001111
1111222233334444555566668888999900001111222233334444555566668888999900001111
1111222233334444555566667777999900001111222233334444555566667777999900001111
11112222333344445555666677778888000011112222333344445555666677778888000011112222
11112222333344445555666677778888999911112222333344445555666677778888999911112222
2222333344445555666677778888999900002222333344445555666677778888999900002222
1111333344445555666677778888999900001111333344445555666677778888999900001111
11112222444455556666777788889999000011112222444455556666777788889999000011112222
111122223333555566667777888899990000111122223333555566667777888899990000111122223333
111122223333444466667777888899990000111122223333444466667777888899990000111122223333
111122223333444455557777888899990000111122223333444455557777888899990000111122223333
1111222233334444555566668888999900001111222233334444555566668888999900001111222233334444
1111222233334444555566667777999900001111222233334444555566667777999900001111222233334444
1111222233334444555566667777888800001111222233334444555566667777888800001111222233334444
