E F B
OUT OF RANGE
OUT OF RANGE
OUT OF RANGE
Q K N I V C H D L
OUT OF RANGE
H T N R L I V Q B E C W J G U
OUT OF RANGE
G M L K H F N O P B D I
OUT OF RANGE
OUT OF RANGE
E B T Z C D S P V W J R U H O G N X K L I M Y Q F
G W Q L K E F J X B R M O V N S U T H I P C D
B R M V N X Z Y C G U P Q I W T O H K L J S F
P X E H B U C J
J
OUT OF RANGE
H G L E I
S F P H E M B W G V R Q D K I J L U
H K L F I E J G D C B
D L F O I B G R H J N C Q S P
O L K C G D N P F H J B I M
OUT OF RANGE
C D E B H F G
B D C
O R K B S F Q T E M P N H G C U I
E L N O Q H
H I C B E K
OUT OF RANGE
F D P J
D I B E J F C H G
E F P I O B N C K G
H K G I B E J C F D
M E C F G I K R L H
OUT OF RANGE
O R E D K P I M J C B G L F N
S G W C T V P J
OUT OF RANGE
R P I L B G K O M Q E D C
F R J Q C D K
B L I H E K G N C D F
F
E G M P L D K O H J B I C N F
O C V U K L H T X
Q J O K F P C
E G C D L B F H J K I
D G H B F
I E K
OUT OF RANGE
T M
E C O V F D L W T N G K J P R H B I Q M U S
M K N D B E G F L C J I
OUT OF RANGE
F E H M R J L G O I B P Q S N D C K
OUT OF RANGE
OUT OF RANGE
E D C
I B
G B D E C F
K H D N
F J H E C K B G D N I O
E R C V X D I
N I K F C
L C E R Q S I O H N B M D K P J F
E I
OUT OF RANGE
C D B F E
Q L
J M N B H C L D F E
W H S J Q R I E N C T L U F M B K G O D X P V
E L H
C G
