voce quis dizer MAS 2
voce quis dizer CCE 3
voce quis dizer CEZINHO 1
voce quis dizer JAVINHA 1
voce quis dizer PICOLINO 2
voce quis dizer JIBOIA 2
voce quis dizer FRONTEIRA 1
voce quis dizer CAGADO 1
voce quis dizer PICOLE 2
voce quis dizer ALGURES 2
voce quis dizer NENHURES 2
voce quis dizer JEFFERSON 2
voce quis dizer MARATONA 1
voce quis dizer INTERFATECS 1
voce quis dizer FATEC 1
voce quis dizer CENTRO 1
voce quis dizer JAVINHA 3
voce quis dizer SOUZA 3
voce quis dizer TERA 1
voce quis dizer INTERROGACAO 3
voce quis dizer MICARETA 2
voce quis dizer CARNAVAL 4
voce quis dizer BOMBOM 5
voce quis dizer CHOCOLATE 2
voce quis dizer CEZINHO 3
