01111
01111
01111
01111
01111
11111
11111
11111
11111
11111
11110
11110
11110
11110
11110
11111
11111
11111
11111
11111
11111
11111
11111
11111
11111
10000
10000
00000
01000
00001
10011
00011
00011
00011
10011
11111
11111
11111
11111
11111
11111
11111
11111
11111
11111
11111
11111
11111
11111
11111
11111
11111
11111
11111
00000
11111
11111
11111
11111
11111
11111
11111
11111
11111
11111
01111
01111
01111
01111
01111
11110
11110
11110
11110
00000
11111
11111
11111
11111
11111
11111
11111
11111
11111
11111
11111
11111
11111
11111
11111
11111
11111
11111
11111
11111
11111
11111
11111
11111
11111
11111
11111
11111
11111
11111
00011
00011
00011
10000
00000
11111
11111
11111
11111
11111
11111
11111
11111
11111
11111
01111
01111
01111
01111
01111
00000
11110
11110
11110
11110
11111
11111
11111
11111
11111
01111
01111
01111
00000
00000
11110
11110
11110
11110
00000
11111
11111
11111
11111
00000
11111
11111
11111
11111
11111
