3 5
3 75
52 194
43 99
13 59
52 179
6 10
5 61
28 138
30 109
13 28
10 146
98 145
47 53
12 42
22 31
14 30
7 14
72 99
42 85
19 30
35 43
1 159
9 10
50 156
29 59
21 82
96 157
4 64
27 74
1 8
1 18
1 33
83 95
12 172
43 99
39 103
160 195
1 13
35 115
82 118
72 92
9 89
43 58
1 90
1 63
58 119
4 26
28 153
8 140
4 33
6 16
73 81
7 7
9 11
2 5
28 122
14 37
69 120
32 45
5 58
17 19
32 51
34 57
110 147
66 73
53 105
44 93
23 23
2 84
8 116
88 120
1 49
2 19
1 40
6 42
39 45
29 94
27 36
110 128
18 66
1 103
1 2
21 21
70 171
1 21
83 149
50 56
2 2
31 116
29 34
36 105
1 26
22 47
11 18
6 34
35 59
3 25
25 126
3 40
39 91
59 194
19 34
22 106
1 18
2 10
2 14
8 13
89 106
5 27
26 33
49 57
43 75
10 26
9 21
16 18
2 4
21 39
1 18
3 7
46 59
4 106
22 112
21 38
1 8
4 18
26 49
15 46
15 68
119 182
54 73
55 141
65 72
48 118
15 104
13 50
1 112
6 53
59 100
8 8
31 55
4 13
61 86
1 157
3 130
126 145
1 1
1 1
77 105
38 57
88 117
3 8
34 137
5 81
1 17
16 27
17 118
47 168
37 57
33 38
17 93
20 144
4 4
15 47
2 20
15 23
4 59
78 176
6 28
9 31
58 149
16 29
10 12
12 38
1 53
34 130
57 142
6 26
42 156
1 161
26 55
12 122
58 69
6 39
127 145
5 48
11 17
3 59
50 68
6 7
9 21
87 151
8 48
7 27
2 33
31 45
27 85
2 7
1 28
1 49
6 18
87 172
14 15
16 41
3 95
1 61
10 16
136 166
2 2
45 76
108 128
42 89
7 12
107 120
2 25
31 41
1 34
40 107
8 150
28 79
10 30
1 22
2 185
2 4
90 118
32 88
16 161
27 36
27 31
46 185
14 31
58 87
37 64
17 51
57 91
26 72
96 114
7 31
42 83
6 81
32 62
1 3
2 20
2 169
32 55
1 1
4 9
30 44
29 59
112 132
34 141
5 80
59 109
38 84
48 79
8 19
19 47
3 25
3 12
16 32
1 14
1 44
13 21
1 70
75 86
42 58
76 132
4 17
91 118
46 62
52 59
36 61
21 55
5 61
2 25
3 34
1 30
2 5
11 102
36 38
10 24
16 31
2 21
87 137
113 166
29 191
9 137
49 108
36 107
22 44
16 54
11 57
1 1
2 23
9 34
11 20
4 5
46 71
119 143
18 82
1 57
24 55
62 88
10 172
63 103
12 18
103 155
4 22
3 132
19 52
8 43
24 121
17 159
3 9
7 17
46 61
3 57
8 132
8 53
47 68
112 151
24 33
23 110
16 29
101 135
1 1
2 9
1 39
32 37
21 33
22 134
49 127
2 38
1 79
23 122
31 57
23 79
3 122
1 94
77 101
1 3
8 129
58 94
3 3
49 155
76 178
9 32
11 44
3 3
83 100
68 108
12 76
15 16
25 48
8 19
12 18
1 93
5 66
4 11
55 66
13 35
51 104
11 13
18 62
4 4
13 136
95 114
48 89
22 28
52 185
4 14
24 36
25 49
59 79
1 70
6 116
6 109
4 20
47 77
1 5
1 1
158 185
1 146
20 35
20 60
13 37
20 93
41 47
12 19
84 115
8 18
1 7
1 103
67 120
42 72
31 167
72 121
33 44
13 29
2 39
7 46
70 142
1 1
82 124
1 72
68 129
1 104
55 116
28 47
37 58
3 29
14 16
8 54
22 114
78 169
22 82
2 12
10 29
2 44
31 141
1 88
1 131
3 15
1 37
64 113
4 16
4 30
14 32
67 79
4 33
40 56
3 131
2 5
6 9
1 57
51 79
101 113
16 84
5 9
1 36
1 12
76 80
5 17
39 116
4 15
61 133
3 39
103 119
34 83
83 114
19 65
15 99
120 148
24 69
1 22
31 46
5 102
11 110
51 73
10 33
4 23
25 53
6 134
28 87
32 117
12 15
49 57
7 10
11 98
3 11
35 55
40 43
11 54
44 141
4 20
57 69
80 113
11 14
4 11
19 65
6 105
2 28
23 109
1 50
16 54
16 103
8 29
18 69
41 120
4 18
52 141
8 111
60 74
16 78
99 104
47 73
18 28
16 33
129 145
5 77
