N 0
N 2
N 6
N 12
S 20
S 30
S 42
S 56
S 99930012
S 99950006
S 99970002
S 21462
S 1180482
S 1759602
S 32884490
S 103362
S 9919350
S 93190062
S 1922382
S 5033292
S 22028942
S 22245372
S 1180482
S 10288056
S 46002306
S 17019750
S 85497762
S 17804180
S 1101450
S 1983872
S 55197470
S 88219056
S 77765942
S 78455306
S 60427302
S 41621852
S 2878112
S 36863112
S 5361540
S 392502
S 3782
S 15182712
S 79878906
S 60163292
S 766500
S 92284842
S 721650
S 30800
S 46724060
S 7110222
S 304152
S 32575556
S 27431406
S 3461460
S 54280056
S 34686210
S 53238912
S 12949202
S 60972672
S 18987806
S 44482230
S 38993780
S 16691310
S 16945572
S 97980302
S 92650250
S 119370
S 46751406
S 19346802
S 11441306
S 21991410
S 1639680
S 13568172
S 92939240
S 12281520
S 47306
S 78154440
S 60988290
S 75299006
S 13649330
S 73676472
S 53428790
S 3134670
S 4374372
S 12267506
S 70015056
S 8546852
S 1717410
S 18831260
S 21358262
S 71123922
S 10630860
S 91747662
S 87431850
S 38781756
S 1722
S 37964082
S 1426830
S 7826006
S 50630340
