4
7
0
8169
8168
8134
8165
6945
1098
7827
7162
8167
8167
8167
8166
8165
8165
8164
8161
8154
8087
8062
8040
8025
8007
7992
7977
7977
1098
7827
7162
8167
8167
8167
8166
8165
8165
8164
1081
7358
7264
8164
8164
8150
8149
8149
8149
8149
1098
5840
5334
8165
8165
8154
8154
8154
8154
8153
804
5506
5416
8165
8165
8154
8154
8154
8154
8153
816
5840
5334
8166
8165
8159
8159
8159
8159
8159
940
6368
6287
8166
8165
8159
8159
8159
8159
8159
4
0
8163
8163
7455
8145
2838
469
3457
2991
8163
8163
8145
8145
8145
8144
8144
8040
8040
7432
7421
7413
7401
7389
7380
7366
7366
469
3457
2991
8163
8163
8145
8145
8145
8144
8144
458
3151
3078
8144
8144
8038
8038
8038
8038
8038
469
3457
2991
8144
8144
8040
8040
8040
8040
8040
804
3457
3456
8033
8144
8040
8040
8040
8040
8040
492
7439
7435
8145
8145
8040
8040
8040
8040
8040
3494
7446
7446
8145
8145
8040
8040
8040
8040
8040
