3 4 0
5 4 0
8 0 7 0 8 8 0 0 7 0 0 8 0 8 8 0 0 6 0 0 0 8 8 0 0 0 0 0
0 0 0 0 0 0 0 0 0 0 0 0 0 0 0 0 0 0 0 0 0 0 0 0 0 0 0 0 0 0 0 0 0 0 0 0 0
0 0 0 0 0 0 0 0 0 0 0 0
0 0 8 8 0 0 7 0 0 8 0 0 0 6 8 0
6 5 5 5 6 6 6 6 5 6 6 6 6 6 6 6 6 6 4 3 6 6 6 6
4 5 5 5 6 5 6 6 6 2 5 5 5 6 5 6 5 6 5 5 6 6 6 6 5 5 5 6
0 0 0 0 0 0 0 0 0 0 0 0 0 0 0 0 0 0 0 0 0 0 0 0 0 0 0 0 0 3 0 0 0 0 0 0 0 0 0 0 4 0 0 0
9 9
0 0 0 0 0 0 0 0 0 0 0 0 0 0 0 0 0 0 0 0 0 0 0 0 0 0 0 0 0
6 6 5 6 5 5 5 4 6 6 6 5 5 6 5 5 6 5 6 6 5 6 6 6 6 5 5 6 5 5 4 6 6 5 6 5 6 5 5 6 5 4 5 6 6 5 6 6 6 6 6 6 5 6 5 5 5 6 6 6 5 5 5 6 5 6 6 6
0 0 0 0 0 0 0 0 0 0 0 0 0 0 0 0 0 0 0 0 0 0 0 0 0 0 0 0 0 0 0 0 0 0 0 0 0 0 0 0 0 0 0 0
0 0 0 0 0 0 0 0 0 0 6 0 0 0 0 0 0 0 0 6 0 0 0 0 0 0 0 0 0 0 0 0 0 0 0 0 0 0 0 0 0 0 0 0 0 0 0 0 0 0 0 0 0 0 0 0 0
0 0 0
0 0 0 0 0 0 0 0 0 0 0 0 5 0 0 5 0 0 5 0 0 0 5 0 0 0 0 0 0 0 0 0 0
6 6 7 6 5 6 6 6 6 5 6 6 5 6 6 6 6 6 5 5 6 6 6 5 6 4 6 6
6 4 6 7 7 7 7 6 7 7 7 7 6 7 7 7 7 7 6 7 7 6 7 5 7 7 6 7 6 7 6 7 6 7 7 7 6 7 7 6 7 4 7 7 7 6 6 7 6 7 7 6 7 7 7 7 7 6 7 6 7 7 7 7 7 7 6 7 7 7 7 7 6 7 6 5 7 6 6 5 6 6 6 7
0 0 0 0 0 0 0 0 0 0 0 0 0 0 0 0 0
0 0 0 0 0 0 0 0 0 0 0 0 0 0 0 0 0 0 0 0 0 0 0 0 0 0 0 0 0 0 0 0 0 0 0 0 0 0 0 0
0 0 0 0 0 0 0 0 0 0 0 0 0 0 0 0 0 0 0 0
0 0 0 0 0 0 0 0 0 0 0 0 0 0 0 0 0 0 0 0 0 0 0 0 0 0 0 0 0 0 0 0 0 0 0 0 0 0 0 0 0 0 0 0 0 0 0 0 0 0 0 0 0 0 0 0 0 0 0 0
0 0 0 0 0 0 0 0 0 0 0 0 0 0 0 0 0 0 0 0 0 0 0 0 0 0 0 0 0
0 0 0 0
0 0 0 0 0 0 0 0
0 0 0 0 0 0 0 0 0 0 0 0 0 0 0 0 0 0 0 0 0 0 0 0 0 0 0 0 0 0 0 0 0 0 0 0 0 0 0 0 0 0 0 0 0 0 0 0 0 0 0 0 0 0 0 0 0 0 0 0 0 0 0 0 0 0 0 0 0 0 0 0 0 0 0 0 0 0 0 0 0 0 0
0 0 0 0 0 0 0 0 0 0 0 0 0 0 0 0 0 0 0 0 0 0 0 0 0 0 0 0 0 0 0 0 0 0 0 0 0 0 0 0 0 0 0 0 0 0 0 0 0 0 0 0 0 0 0 0 0 0 0 0 0 0 0 0 0 0 0 0 0 0 0 0
7 7 6 7 7 5 7 7 7 7 6 7 7 6 7 7 6 5 7 7 5 7 6 5 6 7 6 7 7 7 6 6 7 7 7 7 6 7 6 7 6 6 6 7 6 7 7 6 7 7 7 7 7 7 7 6 7 6 7 5 7 6 7 6 7 7 7 7 7 6 6 6 6 7 6 7 6 6 7 6 6 7 7 7 5 6 7 7 6 6 6 7 6 7
5
0 0 0 0 0 0 0 0 0 0 0 0 0 0 0 0 0 0 0 0 0 0 0 0 0 0 0 0 0 0 0 0 0 0
0 0 0 0 0 0 0 0 0 0 0 0 0 0 0 0 0 0 0 0 0 0 0 0 0 0 0 0
0 0 0 0 0 0 0 0 0 0 0 0 0 0 0 0 0 0 0 0 0 0 0 0 0 0 0 0 0 0 0 0 0 0 0 0 0 0
6 5 6 6 6 5 6 6 5 5 6 6 6 6 5 6 5 6 5 5 6 6 6 4 5 6 6 6 6 5 6 6 6 6 5 5 6
0 0 0 0 0 0 0 0 0 0 0 0 0 0 0 0 0 0 0 0 0 0 0 0 0 0 0
0 0 0 0 0 0 0 0 0 0 0 0 0 0 0 0 0 0 0 0 0 0 0 0 0 0 0 0 0 0 0 0 0 0 0 0 0 0 0 0 0 0 0 0 0 0 0 0 0 0 0 0 0 0 0 0 0 0 0 0 0 0 0 0 0 0 0 0 0 0 0 0 0 0 0 0 0 0 0 0 0 0 0 0 0
4 4 5 5 4 4 4 4 4 4 5 4 4 5 4 4 4 4 4 4 4 4 4 4 4 5 4 4 5 4 5 4 4 4 4 4 3 4 4 5 5 4 4 4 4 5 5 4 4 4 4 4 4 4 4 4 4 4 4 5 4 4 5 4 4 4 4 4 4 4
5 4 4 5 4 4 5 5 4 5 5 5 5 4 4 4 3 5 4 5 4 4 4 4 4 5 4 4 5 5 5 4 3 3 5 5 5 5 5 4 4 5 3 4 4 4 5 5 5 4 4 4 5 4 5 5 5
6 5 5 5 5 5 6 4 5 4 5 6 5 5 6 5 5 5 5 5 6 5 5 5 5 6 5 6 6 5 6 5 5 3 5 4 5 5 4 6 5 6 5 5 5 4 5 4 5 6 6 5 6 5 6 6 5 5 5 6 5 5 4 5 5 5 5 5 5 5 5
0 0 0 0 0 0 0 0 0 0 0 0 0 0 0 0 0 0 0 0 0 0 0 0 0 0 0 0 0 0 0 0 0 0 0 0 0 0 0 0 0 0 0 0 0 0 0 0 0 0 0 0 0 0 0 0 0 0
0 0 0 0 0 0 0 0 4 0 0 0 0 0 0 0 0 0 0 0 0 4 4 0 0 4 4 0 0 0 0 0 0 0 0 0 0 0 0 0 0 0 0 0 4 0 0 0 0 0 0 0 0 0 0 0 0 0 0 0 0 0 0 0
0 0 0 0 0 0
0 0 0 0 0 0 0 0 0 0 0 0 0 0 0 0 0 7 0 7 7 0 0 0 8 7 0 8 8 0 0 0 0 0 0 8 8 0 0 0 0 8 0 6 0 0 0 0 0 7 0 0 8 0 0 0 0 8 0 0 6 8 0 0 7 0 0 0 0 0 0 0 0 0
0 0 0 0 0 0 0 0 0 0 0 0 0 0 0 0 0 0 0 0 0
0 0 0 0 0 0 0 0 0 0 0 0 0 0 0 0 0 0 0 0 0 0 0 0 0 0 0 0 0 0 0 0 0 0 0 0 0 0 0 0 0 0 0 0 0 0 0 0 0 0 0 0 0 0 0 0 0 0 0 0 0 0 0 0 0 0 0 0 0 0 0 0 0 0 0 0 0 0 0 0 0 0 0 0 0 0 0 0 0 0 0 0 0
5 4 5 4 5 5 4 4 5 5 5 3 4 5 5 5 4 5 5 4 4 4 5 5 4 4 3 5 5 5 5 3 4 4 5 5 5 5 5 5 5 5 5 5 5 5 5
0 0 0 0 0 0 0 0 0 0 0 0 0 0 0 0 0 0 0 0 0 0 0 0 0 0 0 0 0 0 0 0 0 0 0 0 0 0 0 0 0 0 0 0 0 0 0 0 0 0 0 0 0 0 0 0 0 0 0 0 0 0 0 0 0
6 6 5 6 6 5 6 6 6 6 6
0 0 0 0 4 4 0 0 0 0 0 0 0 0 0 0 0 0 0 0 0 0 0 0 0 0 0 0 0 0 0 0 0 0 0 0 0 0 0 0 0 0 0 0 4 0 0 0 0 0 0 0 0
0 0 0 0 0 0 0 0 0 0 0 0 0 0 0 0 0 0 0 0 0 0 0 0 0 0 0 0 0 0 0 0 0
4 4 0 0 0 0 4 4 0 0 4 0 3 4 0
0 0 0 0 0 0 0 0 0 0 0 0 0 0 0 0 0 0 0 0 0 0 0 0 0 0 0 0 0 0 0 0 0 0 0 0 0 0 0 0 0 0 0 0 0 0 0 0 0 0 0 0 0 0 0 0 0 0 0 0 0 0 0 0 0 0 0 0 0 0
0 0 0 0 0 0 0 0 0 0 0 0 0 0 0 0 0 0
0 0 0 0 0 0 0 0 0 0 0 0 0 0 0 0 0 0 0 0 0 0 0 0 0 0 0 0 0 0 0 0 0 0 0 0 0 0 0 0 0 0 0 0 0 0 0 0 0 0 0 0 0 0 0 0 0 0 0 0 0 0 0 0 0 0 0 0 0 0 0 0 0 0 0 0 0 0 0 0
4 5 4 5 5 5 5 4 4 5 5 5 5 5 4 4 4 5 5 5 5 3 5 5 5 5 5 5 4 4 5 5 5 5 5 5 5 5 4 4 5 4 5 5 5 3 5 5 4 4 5 5
0 4 4 0 3 0 0 4 4 0 0 0 3 0 0 0 0 4 3 0 0 0 3 4 0 0 0 4 0 0 0 4 0 4 4 4 0 4 4 4 0 0 0 0 4 0 0 3 0 0 0 4 0 0 4 0 0 0 0 4 0 4 0 0 4 0 0 0 4 4 4 0 4 0 2 0 3 0 0 4 0 4 0 4 0 0 0 4 4 0 0 0 3 4 0
4 2 4 4 3 5 4 5 5 5 5 5 4 5 5 5 4 5 4 5 4 5 5 4 4 5 4 5 3 4 4 5 5 5 4 4 3 5 5 5 3 4 5 4 5 5 5 5 5 5 5 5 5 4 5 5 4 4 5 4 5 4 3 5 5 4 5 5 5 4 5 5 3 4 5 4 5 4 5 5 5 5 4 4 4 4 5 4 5
5 6 6 6 6 5 6 5 6 6 6 6 6 6 6 5 3 5 5 6 6 6 6 6 6 5 6 6 6 6 6 5 6 4 6 5 5 6 6 5 6 6 5 6 6 6 6 6 5 6 6 6 6 5 6 6 6 6 4 5 6 3 6 6 6 5 6 6 5 6 6 6 6 6 6 5 6 6 6 6 5 6
4 5 4
4 4 5 5 5 4 5 5 5 4 5 5 5 5 5 5 5 5 5 5 5 5 3 5 5 5 5 4 5 5 4 5 4 5 5 5 5 5 4 5 5 4 3 5 2 5 5 5 5 5 5 5 5 3 5 4 5 5 5 5 5 5
0 4 0 4 4
5 5 4 5 4 5
5 5 4 2 4 4 5 4 4 4 3 5 4 4 4 4 5 5 4 4 3 4 4 4 4 4 4 5 4 4 4 4 4 3 4 4 4 4 4 3 4 3 4 4 4 4 4 5 4 4 4 4 4 5 4 4 5 4 5 4 4 4 4 4 4 4 4 2 4 4 4 5 4 5 4 4 2 5 5
5 5 5 4 5 4 5 5 5 4 4 5 4 5 4 4 4 4 5 5 5 5 5 5 3 4 4 5 4 5 4 5 5 5 4 5 4 4 4 3 4 4 5 4 5 5 4 5 5 5 5 5 3 4 5 5 5 5 5 5 5 4 5 5 5 5 5 5 5 5 5 4 4 5 4 5 4 5 5
0 0 0 0 0 0 0 0 0 0 0 0 0 0 0 0 0 0 0 0 0 0 0 0 0 0 0 0 0 0 0 0 0 0 0 0 0 0 0 0 0 0 0 0 0 0 0 0 0 0 0 0 0 0 0 0 0 0 0 0 0 0 0 0 0 0 0 0 0 0 0 0 0 0 0 0 0 0 0 0 0 0 0 0 0 0 0
0 0 0 0 0 0 0 0 0 0 0 0 0 0 0 0 0 0 0 0 0 0 0 0 0 0 0 0 0 0 0 0 0 0 0 0 0 0
5 5 5 4 3 5 5 5 5 5 5 5 5 5 5 5 5 4 5 5 5 5 5 5 5 4 5 5 5 5 4 5 3 4 4 5 5 5 5 5 4 5 5 5 5 5 4 5 5 5 5 5 4 5 3 5 5 5 5 5 5 4 5 5 5 5 5 5 5 5 5 5 5 5 4 5 5
0 0 0 0 0 0 0 0 0 0 0 0 0 0 0 0 0 0 0 0 0 0 0 0 0
0 0 0 0 0 0 0 0 0 0 0 0 0 0 0 0 0 0 0 0 0 0 0 0 0 0
0
0 0 0 0 0 0 0 0 0 0 0 0 0 0 0 0 0 0 0 0 0 0 4 0 0 0 0 0 0 0 4 0 0 0 0 0 0 0 0 0 0 0
3 3 2 3 3 3 3 3 3
0 0 0 0 0 0 0 0 0 0 0 0 0 0 0 0 0 0 0 0 0 0 0 0 0 0 0 0 0 0 0 0 0 0 0 0 0 0 0 0 0 0 0 0 0 0 0 0 0 0 0 0 0 0 0 0 0 0 0 0 0 0 0 0 0 0 0 0 0 0 0 0 0 0 0 0 0 0 0 0 0 0 0 0 0 0
3 3 3 3 3 3 3 3 2 3 3 3 3 3 2 4 3 3 3 3 3 4 2 3 3 3 3 3 3 3 4 4 3 3 3 2 3 3 3 3 3 3 2 3 3 3 3 3 4 3 4 3 3 4 4
0 0 2 0 0 0 0 2 0 0 0 0 0 0 2 0 0 0 0 0 0 0 0 0 0 0 0 0 0 0 0 0 0 2 0 0 0 0 0 0 0 2 0 0 0 0 0 0 0 0 0 0 0 0 0 0 0 0 0 0 0 0 0 0 0 0 0 0 0 0 0 0 0 0 0 0 0 2 0 0 0 2 0 0 0 0 0 0 0 0 0
3 3 3 4 3 4 4 4 3 4 4 3 3 3 4 3 3 3 2 3 3 3 4 4 3 2 4 3 3 4 4 4 4 4 3 4 3 4 4 3 4 3 3 3 4 3 4 4 4 3 3
3 3 3 3 3 3 3 3 3 2 3 3 3 3 3 3 3 3 4 3 4
0 0 0 0 0 0 0 0 0 0 0 0 2 0 0 0 0 0 0 0 0 0 0 0 0 0 0 0 0 0 0 0 0 0 0 0 0 0 0 0 0 0 0 0 0 0 0 0 0 0 0 0 0 0
4 4 3 4 4 3 4 4 3 3 3 3 3 4 3 3 3
0 0 0 0 0 0 0 3 0 0 0 0 0 0 0 0 2 0 0 3 0 0 0 0 0 0 0 0 0 3 3 0 0 0 3 0 0 0 0 3 3 3 0 0 0 0 0 0 2 0 3 0 0 0
0 2 0 0 0 3 0 4 0 0 0 0 0 0 0 5 0 0 0
3 0
0 0 0 0 0 0 0 0 0 0 0 0 0 0 0 0 0 0 0 0 0 0 0 0 0 0 0 0 0 0 0 0 0 0 0 0 0 0 0 0 0 0 0 0 0 0 0 0 0 0 0 0 0 0 0 0 0 0 0 0 0 0 0 0 0 0 0 0 0 0 0 0 0 0 0 0 0 0 0 0 0 0 0 0 0 0 0 0 0 0 0 0 0 0 0 0 0 0
3 4 4 4 4 4 3 4 3 3 3 4 4 3 4 3 3 4 4 4 4 3 4 4 3 3 4 2 4 4 3 4 4 4 4 4 3 4 3 4 4 4 3 4 3 3 4 4 3 3 3 4 4 2 3 4 3 4 4 2
0 0 0 0 0 0 0 0 0 0 0 0 0 0 0 0 0 0 0 0 0 0 0 0 0 0 0 0 0
5 5 5
3 4 3 2 4 4 3 4 4 4 4 3 4 4 3 3 4
2 3 3 3 4 3 3 4 2 3 3 3 3 3 3 3 3 3 3 3 3 3 3 4 3 3 4 3 3 3 3 3 3 3 2 3 3 3 3 3
3 3 2
4 3 3 4 3 4 3 3 3 3 3 4 3 4 4 4 3 3 3 3 4 4 4 3 4 4 4 4 4 4 4 3 4 3 4 4 4 3 4 3 4 4 3 4 3 4 2 4
4 4 4 4 3 4 3 4 3 4 4 3 4 4 3 4 3 3 4 3 4 4 4 4 4 4 3 4 3 4 4 4 4 4 4 4 4 4 4 4 4 4 4 4 4 4 4 4 4 4 4 4 3 4 4 3 4 3 4 4 4 4 4 4 4 4 4 4 4 4 4 4 3 4 4 4 4
0 0 0 0 0 0 0 0 0 0 0 0 0 0 0 0
3 3 4 2 3 3 3 3 2 3 4 3 2 3 3 3 3 4 4 3 2 3 3 4 4 4 3 3 3 3 3 3 3 4 4 3 3 3 3 3 4 2 3 3 4 3 3 3 3 3 4 4 2 3 4 3 3 4 3 3 4 3 4 3 3 4 3 4 3 3 3 3 3 4 3 4 2 3 3 3 3 3 3 3 2 2 4 3
7 5 7 6 6 7 7 6 6 7 7 7 7 7 5 7 7 6 7 5 7 7 6 7 7 2 6 6 4 6 7 7 3 7 7 5 7 7 6 6 6 7 6 7 7 7 3 7 7
3 4 3 3 4 3 3 3 3 3 3 3 3 3 3 3 3 4
0 0 0
5 5 4 3 5
0 0 0 0 0 0 0 0 0 0 0 0 0 0 0 0 0 0 0 0 0 0 0 0
4 4 5 4 4 5 4 5 5 4 5 5 2 5 5 5 5 5 5 5 5 5 5 5 5 5 5 5 4 5 5 5 4 5 5 4 4 4 3 4 5 5
0 0 0 0 0 0 0 0 0 0 0 0 0
