0030481011001
0030481223035
0030611111111
0030741212221
0030800912252
0030990821124
0030990713255
0031001211022
0031001213212
0031000811122
0031000723082
0031000713365
0030990711079
0030990623003
0030488821047
0030480513180
0030610521180
0030480923360
0030610411220
0030740922300
0030800912250
0030999911099
0031005211123
0031000923084
0030990911040
0030990923555
0030480911001
0030480823001
0030480811001
0030610021001
0030740812001
0030800822000
0030749522624
0030990321844
0031009021458
0030990513144
0030999811862
0030990121804
0030489221173
0030990723839
0030480913255
0030991111690
0030619911922
0030800812144
0030619211236
0030610821270
0030489711894
0030480013482
0031009111753
0031000113585
0030619121202
0030990921581
0031009413691
0030740822753
0030999813292
0030480113569
0030999513406
0030990921207
0031009613114
0030990523057
0030990423343
0030990911307
0030480411565
0030800412926
0030990213693
0030481113104
0030480023684
0030480121484
0030741012573
0030481013508
0030610321914
0031000813775
0030480713677
0031000623988
0030480111649
0030801112819
0031001321124
0030990121112
0030991113715
0030800312631
0030480223826
0030610711638
