CINZA 4
Azul 2
verde 2

Roxo 4
roxo 3

Verde_PrimaveraMedio 1
ameixa 0
amarelo 0
ambar 0
azul 0
bege 0
bordo 0
branco 0
bronze 0
daramelo 0
daqui 0
dardo 0
darmesim 0
dainise 0
dourado 0
dourado_escuro 0
dourado_palido 0
lavanda_avermelhada 0
lilas 0
lima 0

verde_primavera_medi 99
lima 1
ameixa 0
amarelo 0
ambar 0
azul 0
bege 0
bordo 0
branco 0
bronze 0
daramelo 0
daqui 0
dardo 0
darmesim 0
dainise 0
dourado 0
dourado_escuro 0
dourado_palido 0
lavanda_avermelhada 0
lilas 0

Terracota 99
Urucum 99
Verde 99
Xanadu 99
Bege 0
Caramelo 0
Dainise 0
Escarlate 0
Feldspato 0
Grena 0
Herbal 0
Jade 0
Laranja 0
Madeira 0
Naval 0
Ocre 0
Pardo 0
Quantum 0
Renda_antiga 0
Salmao 0

TERRACOTA 99
URUCUM 99
VERDE 99
XANADU 99
BEGE 0
CARAMELO 0
DAINISE 0
ESCARLATE 0
FELDSPATO 0
GRENA 0
HERBAL 0
JADE 0
LARANJA 0
MADEIRA 0
NAVAL 0
OCRE 0
PARDO 0
QUANTUM 0
RENDA_ANTIGA 0
SALMAO 0

terracota 99
urucum 99
verde 99
xanadu 99
bege 0
caramelo 0
dainise 0
escarlate 0
feldspato 0
grena 0
herbal 0
jade 0
laranja 0
madeira 0
naval 0
ocre 0
pardo 0
quantum 0
renda_antiga 0
salmao 0

Madeira 99
Naval 0
Ocre 0
Pardo 0
Quantum 0
Renda_antiga 0
Salmao 0
Terracota 0
Urucum 0
Verde 0
Xanadu 0
Bege 0
Caramelo 0
Dainise 0
Escarlate 0
Feldspato 0
Grena 0
Herbal 0
Jade 0
Laranja 0

tttttttttttttttttttt 197
aaaaaaaaaaaaaaaaaaaa 0
bbbbbbbbbbbbbbbbbbbb 0
cccccccccccccccccccc 0
dddddddddddddddddddd 0
eeeeeeeeeeeeeeeeeeee 0
ffffffffffffffffffff 0
gggggggggggggggggggg 0
hhhhhhhhhhhhhhhhhhhh 0
iiiiiiiiiiiiiiiiiiii 0
jjjjjjjjjjjjjjjjjjjj 0
kkkkkkkkkkkkkkkkkkkk 0
llllllllllllllllllll 0
mmmmmmmmmmmmmmmmmmmm 0
nnnnnnnnnnnnnnnnnnnn 0
oooooooooooooooooooo 0
pppppppppppppppppppp 0
qqqqqqqqqqqqqqqqqqqq 0
rrrrrrrrrrrrrrrrrrrr 0
ssssssssssssssssssss 0

tttttttttttttttttttt 99
aaaaaaaaaaaaaaaaaaaa 0
bbbbbbbbbbbbbbbbbbbb 0
cccccccccccccccccccc 0
dddddddddddddddddddd 0
eeeeeeeeeeeeeeeeeeee 0
ffffffffffffffffffff 0
gggggggggggggggggggg 0
hhhhhhhhhhhhhhhhhhhh 0
iiiiiiiiiiiiiiiiiiii 0
jjjjjjjjjjjjjjjjjjjj 0
kkkkkkkkkkkkkkkkkkkk 0
llllllllllllllllllll 0
mmmmmmmmmmmmmmmmmmmm 0
nnnnnnnnnnnnnnnnnnnn 0
oooooooooooooooooooo 0
pppppppppppppppppppp 0
qqqqqqqqqqqqqqqqqqqq 0
rrrrrrrrrrrrrrrrrrrr 0
ssssssssssssssssssss 0

tttttttttttttttttttt 1
aaaaaaaaaaaaaaaaaaaa 0
bbbbbbbbbbbbbbbbbbbb 0
cccccccccccccccccccc 0
dddddddddddddddddddd 0
eeeeeeeeeeeeeeeeeeee 0
ffffffffffffffffffff 0
gggggggggggggggggggg 0
hhhhhhhhhhhhhhhhhhhh 0
iiiiiiiiiiiiiiiiiiii 0
jjjjjjjjjjjjjjjjjjjj 0
kkkkkkkkkkkkkkkkkkkk 0
llllllllllllllllllll 0
mmmmmmmmmmmmmmmmmmmm 0
nnnnnnnnnnnnnnnnnnnn 0
oooooooooooooooooooo 0
pppppppppppppppppppp 0
qqqqqqqqqqqqqqqqqqqq 0
rrrrrrrrrrrrrrrrrrrr 0
ssssssssssssssssssss 0

AAAAAAAAAAAAAAAAAAAA 2
TTTTTTTTTTTTTTTTTTTT 1
BBBBBBBBBBBBBBBBBBBB 0
CCCCCCCCCCCCCCCCCCCC 0
DDDDDDDDDDDDDDDDDDDD 0
EEEEEEEEEEEEEEEEEEEE 0
FFFFFFFFFFFFFFFFFFFF 0
GGGGGGGGGGGGGGGGGGGG 0
HHHHHHHHHHHHHHHHHHHH 0
IIIIIIIIIIIIIIIIIIII 0
JJJJJJJJJJJJJJJJJJJJ 0
KKKKKKKKKKKKKKKKKKKK 0
LLLLLLLLLLLLLLLLLLLL 0
MMMMMMMMMMMMMMMMMMMM 0
NNNNNNNNNNNNNNNNNNNN 0
OOOOOOOOOOOOOOOOOOOO 0
PPPPPPPPPPPPPPPPPPPP 0
QQQQQQQQQQQQQQQQQQQQ 0
RRRRRRRRRRRRRRRRRRRR 0
SSSSSSSSSSSSSSSSSSSS 0

a 1
v 0
