Escalas 1:
7200
2304000
5760000

Escalas 2:
900000000
92000

Escalas 3:
2786932939
7336079894
4176199932
158086921
2155765668
11433835470
272673464
928380510
1752378145
12749138381
1524565127
1943961892

Escalas 4:
6776871231
70432164
646185375
4992261863
49828897
1066967489
864095977
4081821926
761657763
24359637
7434360698
4444211995
202164002
3233287011
517768454
6754494935
586779949
299036678
2724643152
119995141
4132233914
91625738
592997254
5009624743
505390812
405147749
421964291
3318087032
6652487556
2339252042
9966181971
5682203258
7545569378
2397082026
4712657301
1646644571
137635443
12512558001
2641506714
82160694
187055352
104976333
3528708480
4569359603
3117044700
3731167193
1070171190
7821015048
453675222
36979173
82938240
3854096235
1027499270
8353861932
3043034082
5677399407
1257355929
3524504940
3708105440
1576472201
709005566
1079295921
2464980903
6430757696
1173735771
3826984219
288786465
830671776
1919454589
1744009338
3203938325
6082469836
2222926627
505566209
517263838
4713382031
1088610683
74979012

Escalas 5:
965940332
901861248
5247023790
3362419922
2499138946
320437282
108678772
4780443994
395401353
367693144
3832125329
254342838
3490469421
9554960220
1191622160
531662646
3276964762
4750071603
1084516069
3304343782
517411868
182588201
4147682569
2653789043
1618987151
8589288464
9214701522
1193594564

Escalas 6:
615888357
1913724010
5635561036
2526731820
60492224
306138978
44919948
1456318012
266460648
763834758
289471411
2313085625
544389994
8549796008
5514894702
305900139
4847857920
2384587291
3360562543
1290201902
6800004895
426263987
2532578283
630302138
4950567404
366406338
1241461363
731402511
4928531876
1380146544
1219169847
2446762056
793495588
2309810487
3470032430

Escalas 7:
238188422
38065778
172041541
130537079
21586266
91876302
2201945
60819415
73214670
228264585
12740814
679236
110720440
503315182
276448699
241296221
264525702
159666976
504382645
433576291
169960442
1157522
24852253
30458261
16653374
81650709
504687193
1192319
238129070
534551360
45319905
4867863
8900084
82858422
75720710
8207587
14228159
459851623
252109529
251670884
50886098
2020635
11981443
230623811
99703791
210322673
114411121
237053570
333267238
71709921
12018703
1045653886
1067728359

Escalas 8:
33024524
20124474
132121785
75795453
14945220
386832312
106370661
227506718
17394159
110299974
101107100
260458075
186047556
34803504
33855861
282860158
39661897
6699447
22105461
48084462
82992032
157221695
191103173
145304411
24018032
234904066
213284804
9595458
173453217
61117247
107137637
81501759
353422958
29933235
103310013
104222047
209826927
28421037
50566241
463695555
226992902
2734421
53915724
573051564
168561970
28913193
81614655
9478621
120083731
41359964
20994674
109560564
69196815
125185165
16676231
29241648
18115930
171953395
936135
59333
8081980
137392518
23690137
48409941
212957051
266995
42887306
87448521
13692540
64772135
235903026
101123741
99077893
33053724
382165
198127406
247749149
6667351
36511681
57817052

Escalas 9:
897606263
59370863
1332452112
148024308
890232857
15075505
9575466
31747075
71508770
1812470390
50460495
138180740
1581940488
874257144
2418586
10678727
30841011
662945827
5058344

Escalas 10:
2855624
124250
400060
1248885
3204816
1079138
3401602
1268523
630397
1152213
2200004
161716
1154778
42664
1588456
3029070
526803
2834894
2127709
1057116
819757
1001127
553673
1760399
625494
285066
1376612
77530
340269
590288
1332460
3394697
52618
373152
6103642
863522

Escalas 11:
1425615
381578
7309513
37040728
13686919
39853
4809849
171620
1060770
2891345
314599
931510
14516474
3060219
29849162
5502438
2041221
7926227
42170592
7407097
3144673
3814413
877341
3419223
7411126
13516186
987153
1758570
24140012
18941910
11354019
33364
28436504
2183850
242933
6504282
1002705
28574934
3058591
1877386
381131
17708660
21962500
1728643
3810845

Escalas 12:
115988885
2060929247
665869773
67537545
194044172
1337833458

Escalas 13:
128482338
2163175713
424000027
510858864
199226091
423740435
2325032512
33190673
116019798
1722392654
1146073450
3388289020
2461774758
296921503
883788775
1623876196
112527634
131980932
1563187649
271090621
53358062
1010754625
339800514
2277362241
35110118
933742944
292476472

Escalas 14:
550720800
80991591
3158673720
1250160912
610975371
417861401
127170571
1354798923
1232255325
2717272374
143013690
1574900
1705605109
5858456
1750017831
88976725
1500059736
203416013
182913888
124500721
2106500710
806693853
1675499697
259705959
693531841
2821146573
2265782360
173080152

Escalas 15:
52012455
11973067
33348044
119031187
6768463
432474738
117261597
280450850
182911732
17750391
2901545
25442988
2146199
89118094
39178382
10498304
114475611
25456067
12234676
71771484
58217449
20054908
4423797
37161378
16726111
8004900
253404678
262667610
158811361
178112240
19691505
25243378
308237414
99247469
49779683
16476
358980025
91481695
100228000
202240620
46752024
90855721
204327582
226368544
230664210
41870787
3976064
89954907
24348419
1063518
114990868
66667065
194774932
28690800
278958610
170870545
198119165
43757189
13045571
6809678
125559890

Escalas 16:
797362615
2714257477
2608769049
690360828
2365577999

Escalas 17:
19262960
534475739
94431139
168066726
49373140
23190078
518738528
1421614
282528146
769509
338587913
16966867
15086019
185115485
48739626
28189564
427653098
34928316
205438725
14188690
55390933
5646308
218767116
156965271
125440853
22165612
8160822
6193328

Escalas 18:
791187267
119517260
385920674
31510061
170734994
123961981
11725644
235030710
68147783
17000236
600272104
109524759
224379360
467479163
124366896
264657144
292007954
130989556
608012374
397680452
706023403
4309056
490798428
320016796
547683175
552786562
18916327
62361741
148870259
469332787
23793313
86184414
33888263
408243923

Escalas 19:
73509292
185414031
35702119
55794112
32214980
254226472
274581745
62080246
447199458
77743150
309543933
337453493
74027802
1300749533
1017606293
1211746355
1831709923
13502279
1941945042
91966120
29255742
1405630837
1238806025
1524282100
13864436
67045152
1564574437
3307124587
350054632
2417427513
158674471
1416863819
2003631522
25660898
60152660
1639542499
354737208
258394081
2940185882
1317819018
62733722
240870430
809352336
139952540
145660006
339907719
979987081
1275279548
13426933
135302914
1324640189
121591558
230493832
487220305
120069624
88771239
1346296673
504374526
597712962
48402403
1522098050
220433533
424856441
126693792
692427041
642983460
75148671
1332402212
501048489
319535246
229429685
1879617992
667129025
95965381
726876032
228939833
515877496
656692938
725801394
674402108
2582321305
1356858174
714085832
330481255
476964371
2435607001
288913950
50077631
1104625725
311926650
1409047541
39046777

Escalas 20:
74412032
7523950
31629677
13877167
743267
19058315
17475347
111224578
30386726
49011798
65371575
5703708
40762157
95742065
2025475
13942101
32061370
4128984
16854904
66655138
100237223
45859261
135339003
27558056
4522556
69673998
5644767
33300378
34397752
18699831
29685221
5083983
6709088
86113064
11695587
132385108
4397772
23240908
54296730
25435236
522283
61804124
28481040
20072639
206996
54177962
19937576
28253553
112954442
18099700
78451460
16273713
28581032
1780318
544504
2140565
236497214
1451453
6831027
11279849
94548837
82358641
140635580
473577
812492
7993354
49705923
2531971
110741944
53309023
6191025
6422348
25468333
12492741
14638184
23960222
11020924
30190513
14300463
120131863
134650983
83639964
82814360
5222930

Escalas 21:
733500
25662700
394033725
182790400
774980600
273196800
283452000
1076922000
881575500
2836005900
676975675
296921625
1650511725
670647025
37697000
151370625
2587010400
521420000
182492175
482301375
105990750
237041625
621063300
218225700
359108750
454728150
2288880000
1840300
201457100
1287224600
137387250
1919334300
253199700
135880000
324253800
1206203700
1274695500
490449300
274397625
109263000
233044500
497233800
380844750
184161600
1339633800
20077525
559993500
440186950
655832100
1824081700
48894300
20793500
1107064000
190032600
107175300
2162376150
145981000
342169400
596024000
138437600
51105600
3077181800
312984000
144937650

Escalas 22:
67063925
1284030895
1374071907
2919378418
3188089002
9767157640
1815600774
9071740158
242961316
3374823093
516259845
3589608850
531279058
1448174191
324363155
3685048212
2210306324
909773
951225525
1846491783
812217533
1627985449
326964568
2435000384
740597067
48442698
59992042
997337689
7084420839
3948281537
805194589
3507445657
285731859
2758600582
10603919435
1608449406
245824440
3495309167
12916858319
2783959146
1904995215
2863686307
19180352
1915658110
1419430913
1488431284
107167499
33988912
1038872109
1347525182
1892856318
1818592090
4672336684
573212893
8420552489
409033036
122404642
5560743030
19452493

Escalas 23:
491227517
4228691
162424745

Escalas 24:
507819447
565925860
81888755
165833248
126577417
17133103
118442244
2171772058
811303246
555881662
2165481022
146850026
2248763602
222435385
12712299
1372063916
693729517
41991741
890669350
270243778
96177014
68792972
114346469
15162533
41553425
42981745
171996194
143335799
619413714
443939417
386602109
31519172
225063373
94527120
3759117
649666
1542132911
439211870
769451168
191148237
49813233
113669444
11627687
803412484
43720709
642109816
26177605
120030144
547040391
543233915
755291617
1011528541
13420054
3040759354
398152155
41679268
175381376
479465963
1498253184
1736683352
926059884
627606865
1554389139
112084718
199965126
321129038
33711708
315671207
40086228
302255592
7946830
263046586
42031433
719823104
1245734759
42245169
1395387604
61706427
45505800
185178269
267731633
24787628

Escalas 25:
601973419
3624605873
3208235316
8861101357
3527234025
1903136290
7700942258
2284690337
905256855
10585071898
13097408942
1104259485
1822167825
791422350
1258116353
2508509462
724604557
231169118
4673827565
1087467592
765977315
7288958
2431355962
1719114170
881250831
6993840589
1178434313
75009948
12739706571
194940005
3866871284
5711849086
112966520
17662602280
7476757
3356236076
11569104074
635352972
2368710540
27838889
148332050
16268784550
327596981
531497943
15309737300
309102865
2154383493
7369453138
278496872
4267617826
1588950523
182097178
3911640860
10281726254
57635585
4105179706

Escalas 26:
720590671
1163219663
8991423
632663570
4865603
262242041
37165384
25327756
664296148
15313616
96236005
182274629
526037929
212254358
398477207
2358090596
1418247122
404996249
78301614
31272608
70887920
93737935
1343548865
116731367
1992633147
141520508
621350146
241726071
71841470
437298572
479908065
381762663
468884226
15653918
769291532
717965440
1067158126
1049123135
809670854
1010661844
802096755
67036054
711850959
175509514
254792492
730198579
107633913
124281099
6101010
49645814
15268189
979560084
22721741
274633356
945210725
133189187
22222704
460369839
634864641
2883553743
127096810
100084877
304050452
1006614973
697713017
9927116
3053534
337509406
373955476
24178156
662839210
148828311
95973259
11673186
2519342213
501574784
450711526
75505954

Escalas 27:
18944675
16460007
29235959
3129720
9588341
3031444
7547713
18651117
5647717
70568734
40882874
78227
29005234
24130592
45200903
63633928
3562858
16311815
106392124
102068726
2145293
3996457
549339
23069734
3620509
63422179
54997870
18489077
4309341
77897871
687430
816449
8919208
614638
34592352
1756187
11531077
71964617
84446113
87561152
138738
55413588
63932262
34339924
1067760
785334
5845299
1000643
4971331
43876113
27938844

Escalas 28:
893624416
39800000
1711376840
17511119
949434939
305147570
247682019
326254216
166256073
976383258
808637737
103056876
25392800
262722123
1587634873
252912571
81405816
1234501164
5597988
623732513
216069346
419096386
477030406
33446799
136044232
750771948
501942785
373094058
111947204
64958777
66418432
107589937
147381036
544156416
86274865
546853316
11991874
576498620
1063084382
64107318
396747579
94004360
300466857
415115623
13509929

Escalas 29:
162778666
125271781
1168280297
7866687
1875368359
1335384427
109948440
100124795
492714301
395485641
225220700
353205919
154178301
17664085
190361257
378521066
7833345
206541865
20233407
765752582
275677940
3515457
1216707625
171063240
156366936
201802509
1256103060
305354305
256360495

Escalas 30:
12646444
5659185150
677672327
281438373
213196022
13672613
6171329850
108197351
5343501815
2978920376
2512711106
3917877596
876999951
3842111
1049108011

Escalas 31:
349410139
275109384
50316423
253981429
1426464375
120784478
392094570
562768674
59154282
832588604
299679946
263378751
147403296
69846339
49697444
48758787
1249132018
32043931
652847553
326134515
37824613
980522974
93221426
793633405
64902723
191252533
479887132
781058253
177866170
984804826
787305527
49315513
156128614
4470790
477954915
30682786
13329789
1821909287
449144273
202944689
626292001
243357454
19322171
449129673
106707910
828115330
40819131
19247650
40892740
243685193
27207888
313771975
140592199
673424410
69995786
104920984
472391407
93619580
36201885
496691565

Escalas 32:
113098691
78665835
12500845
875876377
229318141
72124673
1744341310
78646014
139491569
122173277
4185998
30144997
1030424227
179704377
1682366673
135473742

Escalas 33:
41565698
347589448
295162829
1219142161
640968584
14422127
739266681
60292208
3725445872
3907732986
3299170
672988000
86176482
7122311581
2562552121
1304683835
2159827635
1130692464
3031659738
803233623
20254076
200694958
7717620
2926458767
2044943426
433037741
3833666085
5372803390
522297133
2821218573
18912305
166404636
505744763
183833969
732546808
34034895
1111337165
2179552857
217206977
375907533
340985790
3648613276
2746513911
2423792777
83466342
530673200
220488093
149387834
1284002937
41039746
1853405270
4879340623
186975498
2157991396
278060383
307513276
899873109
452766993
1170365883
147364189
389652729
332356660
2290684371
1381873782
2893222284
1834033047
2100014581
154523565
1706564187
6850435
16776635
1567112546
349812750
785617636
1308895214
3875959863
133817199
1389553146
298763632
2686601889
3498478772
779794713
3665816894
3092341050
1626386698
44339668
841781423
2728182470
300112658
201672125
801039389
2120236957
157458989
1061446657
1001949638
399746348
2940758982
1139146437
824510268

Escalas 34:
59469075
84154635
60590983
12372894
93871670
1082347
35005889
1708343
13615258
24229238
108306161
7615299
3100975
68833482
101295467
49309383
34929088
22432466
2076835
16534613
4382937
56438698
36932577
53754302
49413733
18265
16517774
5793502
9318888
17340262
1386849
11326574
67156138
2040370
1415412
14890692
23191187
39886440
19628799
32229172
1733383
63003092
86169905
13743709
145564547
11334749
62914696
16245170
6086482
4370299
28829218
14519078
7658583
3259762
69528131
36062740
49859139
2255584
4923711
46940840
40976043
36866663
2183375
17058473
1700907
26981143
42275127
127570900
18838680
61622250
27893215
40556805
79348879
222299841
43558581
10928584
41363552
24366713
260083
23447748
29450584
39689267
18925108
6362443
127105543
34560627
108788475
3663622
37662783
13389592
151112802
70069497
12848401

Escalas 35:
526248397
223634080
170923865
621614311
181082737
767244079
2461666892
448022284

Escalas 36:
163029733
537657747
327185839
1395933135
15272098
1702639400
723536312
1214730004
1121623525
8643960
147046130
536059241
1601171910
401456447
447462189
1852532476
709955196
667263805
874833750
464637893

Escalas 37:
15564171
12056966
7288588
56404
139328021
39460515
27817339
5091746

Escalas 38:
1941990879
2589687697
136006236
477881024
1307692966
658550415
4573369154
479109323
2164468147
3432719160
1062333660
763853510
115540784
2545927879
2415721532
3830060657
1033282003
1528608288
88423595
3175872256
2597966621
720398802
547513396
8857720921
107104911

Escalas 39:
598108261
167958288
221480858
3312997638
3009841962
4399308960
15094104
81470782
1910526402
532390586
314996615
2495002716
531064991
1886763
2393650720
17682808
170628452
2763066889
21491943
486705919
94049218
831112226
1568922869
1572418384
854555392
14191660
202020610
2314102571
551378402
257588910
2675324278
114748767
4818763724
5074065
352835893
23754655
409483955
14457195
267367119
588844695
3253263540
765394759
336554317
96081173
2000509527
634471971
2241523462
315208294
2364549
980458075
647667095
1739008762
431660372
3083574962
67556665
429230635
640049293
2077838579
4561605
3528183741
64308491
143413424
2966056794
105941517
891931752
20172742
3336349935
893344680
1581884897
731037843
125278562

Escalas 40:
52760
7278724
88708608
4561315
27582654
33275974
842375
38571946
100747619
1666325
29619935
39658917
9401807
21935503
6117809
1756226
30457037
9948602
4548691
17413108
6929630
9130393
37844144
24946404
8281627
76629215
8109019
30019715
29719378
2050741
65874540
327432
4162752
3968369
5891216
6517191
789980
4910148
68585
7618578
85869296
3075713
6462043
6580479
35859927
21966636
70117663
16993925
15402079
55797329
1169926
64758731
27281331
32926614
36341943
1635499
104463064
11883636
18539813
26858031
21234141
49328195
1457744
651007
18725036
21672646
35064244
3455680
60163002
19917685
6924870
15002928
1340549
18364
2062196
1795264
6223986
4358915

Escalas 41:
2459013462
1467629146
4486591
1216352713
295945652
37419116
22490563
94225450
64317200
111253733
208938856
1497757258
2149457294
1256227637
576225862
1548085272
1503854264
159214160
1957014997
778036427
260614930
613327739
394635647
16728766
48252513
202356105
1510764204
202054614
350607075
1623533118

Escalas 42:
69726778
130378196
237307716
23176532
133218841
493776337
53718500
441517262
32130017
166831375
812002050
63117014
140970673
523446332
1384532780
6301291
709811626
35381464
1427562931
592415360
89110881
1137200119
206151372
262628776
55411972
116481601
193284577
135383516
275039960
302892092
38737303
2143243
6026413
348891751
379652737
282769395
130719624
795097017
473849525
57971871
7200269
76025067
1057455644
11468670
266082229
275601075
85384653
224503157
1758096146
18927876
59348871
326735429
161041689
1418229010
309292456
78596219
494964340
94399330
78801292
627624208
2137778
121159184
1090919112
162459158
567677666
65004159
52948789
467694622
193429035
5602523
209977209
375934976
63527294
1441903
11238159
111396899
302790258
98720214
149289140
3232787
1049704936
746284308
67393264
795592
59014531
40773099
3826159
162706843
14161628
63960910
45484626
556865595
27883210
40753421
378980010
31291158

Escalas 43:
10332984
57915211
13557124
6785874
28665183
3787252
56531506
148294214
15152784
180874494
12431620
85961684
3076306
30358911
4265680
9428109
43997170
144425
57762202
1314848
14910125
115530270
47020257
11358685
51698253
7175593
5752095
2101161
191242685
57245849
3932728
1274439
44311778
47153476
105148570
1539910
29604443
6003925
202895531
7424241
61129073
18416413
18557103
53164
4316810
69688218
98392184
24350435
1561491
69901507
95311286
54685420
54598329
23566695
5275320
25992708
10654461
8193373
103639289
48877790
104720981
34016955

Escalas 44:
1953226
296878
23383443
864884
438884
6655853
1363979
3153408
2506905
11145476
1590191
1376577
9557746
14531
14856663
18054044
6795659
1453766
4169449
210500
3150058
2606550
1040713
95449339
5865745
2867081
3391632
27225974
29486870
62609936
4027483
8786831
10823762
1448542
730896

Escalas 45:
15407001
220182116
93714579
33775427
1177591524
9089918749
251332206
9541791776
5952113963
2776065432
2148986340
496857243
1690201081
509680252
7206154
3075206051
963100167
621311580
290116408
822852023
404855326
34399399
2786210406
85749255
1392521709
5398498482
1336076132
3462556695
1032551337
13380759
2036698823
13240835868
1633475011
573774578
1734874614
554909940
426880107
181373183
2534892015
1720066516

Escalas 46:
845084129
420587481
567479249
106370668
823626016
57855064
2562102901
5204931
895327638
580080718
1149293373
232367035
5054895913
2253849110
14496681
1352103609
1702050876
117715186
1096803991
3014097320
633150405
4293899265
2104197157
700439618
585940020
625618518
2440402045
1232231180
228544817
21921488
377359571
283488795
2536622545
1516270957
3562958901
395946466
3777296580
1398913055
787871709
8077630314
1637907434
537032701
424679277
615628542
1841480902
1818682316

Escalas 47:
541026866
805470164
3766832233
923894650
47185012
1393335136
128530223
710912267
5739221196
623436440
2011216148
1742791490
4122885251
94027016
1941127960
1868975488
5404972
751796134
1022657771
8952863168
2071472746
2846446008
2313410964
2575778481
669168021
2692703282
1390079745
1395839872
645120511
1964452880
1047849876
1045023959
491793292
2547022409
330597162
943790077
3383187354

Escalas 48:
2271807583
4271703
67160123
379111194
301947296
9418096
889663358

Escalas 49:
1086623493
472566972
484205050
2777376914
704120103
1176420294
402434061
546567627

Escalas 50:
28785536
115384767
1387639
146958251
33390488
89304223
7862857
22066855
111172005
3051801
4220026
2886646
29031419
73282541
2930574
45200608
15321980
18339445
19022608
11219903
58224247
6615452
76275503
91267677
22479967
161922439
187566616
224106964
63072313
1417309
33421283
51349921
1014476
9819116
82619239
119133164
233691492
52496401
125855922
38967527
6946658
4299753
219557598
16115040
10072254
21052986
1502374
72617984
163381244
1999753
18954602
17771911
2050123
104998263
13883946
98007217
4453350
30820169
48297794
51204934
26970183
117108858
52584506
16083115
752363
6277905
37252687
264452488
3073149
27006419
102898423
37998026
44290143
5560531
85271681
10463308
45735104
79218810
2590213
109915301
30165704
74178679
34415855
22006059
195471580
3826469
120553708
53319874
22500495
17699011
7979999
87573870
37267698
55389054
35521070
61509836
42542425
127975939
9644439

Escalas 51:
209437944
77183150
133961874
61264655
194042367
14244170
81429975
49867264
83409209
639816545
115555751
23280105
14248468
303806052
70995080
140546294
362197300
320242229
124590945
202413008
264156909
10818402
434101027
87283496
267559853
6172755
331777450
166692048
30934173
142730915
30111707
1006612
152416212
15199082
827672916
167594792
76829680
496463785
87405370
166951605
17179970
2874568
38082712
3003161
850986144
999399
397150951
20697329
100055541
15530148
138385904
408392429
19206086
455941464
43509450
359961276
16927651
242045132
30958627
406855688
117309317
7167806
42638694
183250790
406276946
297399825

Escalas 52:
403014130
1200338390
472360767
879545776
1613118723
37285112
434539477
335945988
8813584
27385854
53460271
577042375
182122154
927538766
125856111
370054183
1365704305
153863198
283468602
150156761
1399820609
564190112
1317913271
446140173
785626838
2691577770
69503891
18144092
299272154
754291646
109752293
220463535
3715462122
767593780
60663868
652493021
1100320520
478019126
180569795
3785744368
337915119
36531878
602140634
1101456570
1176588819
1432112971
220694965
1011059189
181008918
1110744090
232532168
217425278
1883596006
617336271
138323778
3392935037
639728780
173220021
1426710965
524161733
2407872200
534830578
240677044
929336401
310314188
3450443812
2748120474
261328094
2047336308
23846825
8922507

Escalas 53:
964958333
1499238856
143798184
404646009
506817895
225548624
2339423280
447972019
206838156
1893882784
96527516
307359414
1584693952
700017845
4518001239
8193751861
445694996
6225270
91644952
1835777761
1061616381
1001413879
1103562801
202135137
5459229
296577875
38857934
469399974
137667639
66495872
187056166
2584681847
2008516331
463614523
631181335
513921509
3897070777
3588305114
1310814870
272579685
943276491
2047078110
578483299
326806285
1625412017
345125803
4897634
1456948059
249380689
4441025005
1222972276
1542618973
496048662
63649647
8638298622
1768506018
347050268
486211200
3836711550
1090084513
115950311
4014273841
2451539910
156692523
477238771
1180603978
448475345
613438482
3771813096
492519101
1326204275
5155249180
964947928
7421960038

Escalas 54:
4213227794
103771390
1215260005
164821397
84203940
953079572
422698615
2072308875
730828774
1721638771
451668470
2381950387
642663348
357093286
347778358
918037964
828764051
1402726888
256620455
190504761
1065940740
675534905
3594728054
76780841
651345354
925851860
441074896
150225502
564717507
1757501113
567881327
3485690305
18425913
452339631
122591258
2441697438
2890829426
3560930971
1274256935
244103243
49555272
60661241
157735288
83890863
18388689
674604417
1024233036
374003615
2780453641
5073404669
3567119641
232498133
838574453
3896466333
1715811739
2010226465
1176815159
1019857967
222743397
2248241542
207561393
556188459
243422832
112917513

Escalas 55:
1892509805
2631059160
1146211977
11274720963
1047363935
720955185
31323879
76313508
3407723511
2040775350
4805862742
5670807552
812490452
1932541551
2861291502
2160773223
2510953737
814205749
712184377
664848411
3849936505
3544240055
8266669
943145736
2276677685
1050008682
94858923
2261754336
52399973
2539544058
6994468549
2121150899
3377558644
4761061529

Escalas 56:
199155611
33832121
67513679
51471468
51837343
913849853
5050611
20111808
473708803
43262382
67506791
191735129
81495950
52375577
111486136
248045682
3279345
90282755
19991753
61038194
679624637

Escalas 57:
269120413
268775311
1248146422
242529378
805080161
11148537
174165345
112086844
1926731499
643928992
88880505
1637974548
344921500
124549048
369322493
4773052
84126907
53591709
5264424
177556976
340375530
25154560
5374317
23669100
804503750
199126058
103721378
2453610
134699721
107923619
1211175158
180336

Escalas 58:
215446022
1858036
14134355
504318558
1102397340
614077912
348431549
126022821
127312925
503796104
1070494292
44586035
602282972
125318251
720103906
383329471
531572012
19392780
25865795
155544400
106183101
48803288
1067995536
431670625
157998309
193923781
40399098
891357708
149696249
33917142
60655860
363435124
493423401
381817783
90530283
37414283
111563845
27935495
12247818
387122872
951263311
49044292
146751041
684383672
275641389
255357244
145331773
409839061
188979394
50121999
99043797
57934821
27615274
55451852
852735
64480626
16757001
110077479
75807110
7388551
136975015
47554469
172927626
133361704
93601580
431609047
311325927

Escalas 59:
607468563
76437707
2243156817
3230367392
260046874
352397782
5027574745
2654385426
4573610174
1433949941
1334926654
998331473
88160738
1930585686
2062085977
7406808306
2476691550
6417201269
180533934
926211518
4388531582
702076410
517717274
13987400
373466442
1685543772
3274788981
158299923
667325486
1768039873
23207261
540462631
399490499
317837368
1253612355
8845208
5979576824
631174653
5323384796
3004727834
210079252
1847578196
992284709
5408157736
536490787
825280074
1298730582
686616401
1947299934
3780603460
262150980
147716638
4312697778
852998959
677470304
700357040
853190000
332671275
253572700
403574536
52652017
8667853313
496553492
554815485
128893110
87497666
70240543
134144886
241377373

Escalas 60:
3408964
9157333
1141145
13398462
6373363
7504245
4192170
526039
12553851
8962864
3438327
1561681
884268
958549
13651835
132888
6111995
419904
369852
1928535
11684230
1380880
4027113
570425
13921428
668129
1091033
6675080
1483931
580937
1625224
5242033
1744143
18230900
368421
1670448
4876969
336320
12852590
3237287
8409116
365898
5100527
22581233
924681
7799403
9865115
2781379
3623249
15397749
3877597
2650541
37506
1573551
4179646
1705596
3038376
1227412
172825
38154
55932
6126606
342326
9896590
123402
6231295

Escalas 61:
695741
12322616
50406018
874771
1279015
61685819
29943188
102257722
12421249
31188695
29949456
8189734
49754385
103139273
929235
16869771
12870647
56066316
68226826
54828027
43440287
51488579
30373919
15086743

Escalas 62:
1359766293
1315067261
295522675
862294542
191481126
397538669
540215734
1493265668
828719675
1177608922
2959015738
110061421
91260770
197805785
4836161700
1828791217
649592262
80272232
2229711391
1932620001
1746164091
1259148803
1419837428
706635906
4108292020
1089454722
378375267
942841345
3984391740
5652485352
365619890
310973937
109852053
1199909879
1011115092
67020943
293074099
109011672
1785839405
688122933
3031695579
341883256
37405525
430698442
558212247
4255587621
483407022
184583660
1349336364
672239993
1591862377
1059817705
2329722218
703438365
1268706720
1333436435
5038076153
7304227
1301245632
409906539
2896113131
2404864308
1263261072
481531252
79377406
89004491
1874873343
200762246
849385133
1018747446
1953346780
1557241645
653877816
710129780
6422924029
352760962
24482849
831144143
630420729
2170252421
165529472
8857184476
213119559
987297478
1963577455
1364871357
78501995
446864610
856575939
547853590
191208172
286062605
82838759

Escalas 63:
218035
203589
3852
1073611
210092
89297
342933
82104
1080934
1136505
125660
360120
17928
61405
349860
106991
109159
222030
142543
2633
1050596
837470
1080695
356766
101322
631870
1214572
22267
66364
37817
317830
375225
513958
46985
27869
2633
84660
1488111
1151369
382389
16909
172316
727873
60015
82198
398844
465711
109223
24239
706130
18740
179215
5964
238326
72316
173200
83435
27177
463470
168541
35715
200675
193790
226304
1042280
392191
879544
50431
74725
1025678
57691
11877
187001
405234
860782

Escalas 64:
690692356
16404898
458616544
542622720
1158048881
404853
1005741611
1048553855
80742651
102766061
2012627963
300157882
44627920
554027779
1587668290
606414692
2027019209
443702858
273270085
725506049
95858934
27327522
111473155
754680046
227960043
137374044
1653837904
40317528
1190019814
134409314
3051393088
7397297
2705458472
383596786
569820026
360267650
719418003
23321334
924035974
420701300
234881064
64937194
405340325
115117304
56184037
274641039
44178236
1427685837
179700979
1210239186
842718249
595233312
1060587171
94713165
453266336
1759302067
174149747
1021234307
973756680
34319898
1929286114
953755066
50522677
1104696654
263113463
487683254
388954182
236758442
6807266
1199310539
63933927
2353651206
677368681
1481740276
1381032698
114714847
368768108
92947147

Escalas 65:
21711725
30436794
14423274
8848602
3477334
13604038
96884649
45526760
109522359
7804748
7368097
3451265
88547246
13653253
6650304

Escalas 66:
573201756
254446550

Escalas 67:
2651932184
258072026
10818939
8036663250
2416306062
9636056130
8664954179
394203177
95116278
4298925482
1285392557
1225807276
6253724784
4491688737
67784804
1616473992
5774426072
10214995355
8571700601
186036406
3746232049
4597844861
147249323
831298791
339131820
3897256882
16735421116
1194317217
446652639
4373462551
873394871
872452971
1285147511
2044125195
244589234
61103191
1174004155
2648738437
673535359
4716092467
12270506066
1522060883
2183470233
150291695
153749989
12618426524
840238566
2807986530
18627794
4523719239
688910422
6397374588
3826972148
3186280594
96873718
6617607584
10784094545
619817749
404452579
17276643434
1482682685
356671054
1482788664
441002281
16228967
8188191682
9000819361
1452903951
2247172220
3713670055
9556982757
8291510679
2232026378
5290774321
951218718
1428504555
319942483
257130206
218141556
1270262540

Escalas 68:
1238993613
442868028
159317254
507787716

Escalas 69:
75486765
43801849
26881977
32174645
770939375
47440599
49347393
444278538
90091592
14560615
9215267
44418998
20174770
182635497
344850763
312567857
16438589
66464653
216701917
2893456
573841479
58323046
47480320
77619276
10991201
120257707
14215337
141844583
190292756
24794205
274248018
299227505
209035453
631007774
169773831
680450
32683415
57487900
173772947
74571568
21434823
6830324
30235382
103686902
254502740
8038936
93720482
25011933
9001854
197762357
6616748
3136133
88803748
256175442
59927863
107688124
17600743
120489085
72208521
44453947
345981711
97935361
328441229
475225
64921325
16376270
6317741
452552150
74162569

Escalas 70:
289629046
2381646192
397340038
3997163910
718185708
125353611
1269788780
760214669
3838313
525466358
196237779
31406623
3880832887
1334485904
303825736
844763951
2718456907
7360542
228716318
1819131956
25127812
448526320
3547771081
2889338099
197983484
630837894
625206182
480440131
76214876
24530351
928551328
148781676
242867647
1726453404
563350436
1290981753

Escalas 71:
3067625949
1289334354
1432689463
13330765
116852257
159641438

Escalas 72:
15204563
723455
1654751
10921047
2087053
14798274
5559528
13072662
1556185
6136647
6335552
1118291
11998763
7301611
1030064
920350
5196652
8598417
2634492
4138058
6413897
5549258
2327056
6771300
3653762
5790443
1943943
1835395

Escalas 73:
53599981
28541990
4089371
14011614
6616252
24199440
20055744
36505489
3875342
8678778
63792955
18796238
1716375
94816087
7009370
7000618
27132914
38217016
8473086
6772141
205081
3467094
87960807
55499
1878641
1218102
22367428
3517036
336493
33001496
2198805
15705312
12879503
140623996
8708906
3586723
884159
34060330
58185819
105513105
35812090
18459693
45164972
8248799
1942983
14587652
49408637
21300920
2821011
674932
14805420
14058875
27963395
73014056
55986095
2903024
2606049
64573411
172955697
24045994
7313392
60998089
4557876
38341244
10544749
10271446
17670572
34358107
236410
6972103
2788160
16554750
70308027
154131453
157742780
18329158
137006622
28198901
17754768
2950512
4821418
20684140
27396260
10066626
136764659
51376709
75558305
81830271
43177763
33773681
25041332
65010365
2355835
140034

Escalas 74:
273354
1105663
557179
2285583
730857
290585
514433
2913640
1847421
43225
7907710
176390
6436697
1189533
365624
983785
1158953
198803
2907989
31766421
2969279
10021236
4633058
1309872
11741914
15127543
10694226
1344261
3858283
3096676
5179882
4164067
21471481
9103987
1644575
3329472
3869087
3392340
2349409
2602249
176443
5144013
1217226
561946
7120081
78420
1369346
178172
8702177
1437567
1076945
7020797
7990925
202202
1590263
1295850
2341106
13583
4662821
5579567
23489591
7058600
476298
3526174
6388911
14746075
20272532
941264
650611

Escalas 75:
558566
1154346
35423291
48208294
49140474
39856246
8798363
2095694
20452402
6884141
22017023
10893171
1770568
63472777
80684198
23015774
23098166
43341291
7141051
28817466
1501588
21288614
3430364
4098354
4041359
72691576
2520708
6412545
71557257
12082946
52281203
56511794
78345333
13157756
3442226
23991528
31822322
16223018
71606369
18071480
54054496
40077493
19610623
5941267
9436856
63058437
107490867
24665039
42446606
117698673
660291
127799
52798047
103468743
113968951
39645371
17208679
12138048
1800534
30816891
71128840
26664419
6736537
25569590
2254634
2700311
64046
7705101
8410978
13739217
3888316
38934614
7782221
806810
22836628
90403951
48355760
42971533
910525
223321
19940328

Escalas 76:
2423916144
4203623669
101311059
4878482281
1164320629
471297017
280201001
688791714
850253652
5830719683
709064171
862506639
14710945
1459811037
1222602528
512707939
196838037
2675875771
941636356
353412099
1783270371
1063464818
838024391
164455220
1915530696
175170652

Escalas 77:
65399615
67217476
9347581
514320374
195891
9490129
326462839
307814088
1311111459
95503725
948493310
51407401
105874908
24830897
28266962
1727353205
100151146
1066562686
517642069
172231973
99943804
336422501
684139129
26448950
629300561
39464350
1200540761
102678507
22190221
88641238
114807352
2614156
197322500
58636881
776305487
1118153997
1602481992
207655710
76521057
367434111
33338108
254829696
991466505
109925165
18162944
120675923
7462289
1188525833
30448125
275533335
52221325
16105117
101616179
2705094
538261175
599707573
5189585
1301917
814934741
363994203
139507002
120718642
347253725
89563278
48908670
382962858
33814574
79320479
159412464
9341253
716711457
221750314
1057915790
568042744
57174485
44256126
90596223
13704482
281127207
20096305
93135864
6511618
41675348
942521370
321291337
53066667
213310910
248761016
904903211
11768107
118420171
8577733
735685386
524661871
396775380
96872546

Escalas 78:
1193629133
5922419085
337102605
492267515
22493899
1627941763
2038366344
254109091
287923223
784104483
2748119063
3095909860

Escalas 79:
413893890
47713808
200061188
799162897
1903854738
23547657
561714497
484952932
249825527
116573762
176362480
127917231
84443517
433106140
731849177
1298789172
1610287416
2935284027
4062960
950384198
606492672
334527372
22112671
595454708
265670480
3454105427
4253575359
1395051707
118309830
1465683961
4191309436
51530912
1273357400
5745357610
753677435
5882956292
77566832
91351955
252035501
1368068996
1230555252
1664339250
2485274499

Escalas 80:
93086140
246655338
85017553
617219971
379696340
268672430
509219594
310568
1111402013
177676662
195424398
261012038
172903999
297621442
99322512
72970414
173191086
188338971
326017416

Escalas 81:
2816358564
590992241
284405600
46786747
179906314
2219524181
3527069942
348856296
1103645461
447970053
1386361755
483259454
219316439
952994468
715482412
3124084241
624633981
415820684
235071105
29466323
331209467
1704965471
97793519
3740905809
60828324
240104595
8716295
2724289657
1420060503
331183092
120185654
556145572
52406043
4013369294
518798724
418004546
975931783
6430416910
5084103004
1056590521
1385411879
2123094397
604786169
5208121199
283229823
1904159519
652149282
79938373
2703594323
1293903976

Escalas 82:
3668096526
1304030770
12664184576
3093626607
2726621062
2083930780
7560465846
1774529835
1658369578
193641981
2285345991
701059007
463154949
43328202
520374753
4973464418
6901274436
1209435583
2158577683
39334894
2803710472
6997198350
8518402222
282485434
945466528
885232781
2202555704
116100225
6461164295
6659517927
17197217
3843396175
3048073676
314843144
1749988794
216032381
50960574
9526368126
6629107918
1175745926
16083042254
6674106399
14598262805
10620997266
3326961140
4645203395
574964435
21249077432
212966508
567358321
4791974845
2217619558
1629965252
117893402
1480146671
408996527
1451473417
8350265713
5379810324
130164703
4239569489
223135977
3295525594
4141975
1024952
83631040
79543535
730585216
18975791310
4510588842
4401944015
3056977280
1271689167
4923045604
1216439417
1106210503
4908730550

Escalas 83:
124066241
5926796
21375674
186801836
47613396
12948879
80384807
95893589
14202466
26525714
161289815
2857329
13890356
82495502
6341432
11084485
1366670
1372984
26815711
61004643
108661684
40476260
33166826
956485
1702930
8987155
29530850
13670396
2169127
261994
58038692
9602180
53972368
76195420
14798882
83023896
7313746
6850279
32796709
53042556
4546647
34560085

Escalas 84:
39859205
1613526480
996958922
2621529867
29393004
1823483929
108204757
2132948175
253434983
30888394
661310276
354749860
5591612315
1572916388
4150303890
821223725
230455228
1863186087
1949443766
132639299
488478399
65051786
658877713
234308489
2575605853
76921448
480895217
2072197553
3945712712
1727921428
101138041
610568632
2491928080
7862659075
211928704
68989443
954093998
507006711
806594383
3620448680
3121443815
1145583527
465021248
1617545342
5173625964
83513066
5525935216
1416689449
3246221844
5744999966
1663846779
828936631
1391242721
852116716
1406072457
426479320
4929429601
3162591249
1567903919
6692640878
48090301
7086854772
1995197199
1657827296
22359612
5400194479
1747768293
771503140
2829171771
12228699

Escalas 85:
1546443128
749542979
120838456
2295073912
1572548603
162135261

Escalas 86:
14044670
5412054
1306861
24754898
9243505
56678852
21354324
89146828
21920096
5452399
3797821
17804874
661977
133435742
15693247
83574403
19996380
8041602
39930468
1695590
97251383
206362754
7721722
19117169
15446128
56543084
57057092
17480274
10920375
33977338

Escalas 87:
36813456
158369757
1252474366
1961908946
188185891
204578391
640261422
2693113525
990908363
37469839
681149627
52707350
1909777384
350643755
1481418840
637762932
258500606
4382617687
9466669
153720738
170339924
194998341
138644116
676658082
818111386
857468790
3199778771
35838102
88159317
103970565
32511639
537745008
499815118
1279684435
2772548388
5376366809
1243691477
3982916267
15565020
485891891
853615491
1662083989
142002302
74242995
1177006487
151545240
316484063
1088243760
105904652
537018274
157017072
4008050749
4712843520
1909276274
526051389
133934915
48030023
151462140
3848465330
1181864283
925086787
114263081
3172606724
355558545
86634359
337554344
1176187469
457335246
1761811856
2872599362
4305557990
195697602
2655400455
187289768
1662698746
1500544902
429886614
590140748
2885148162
2978652002
1457506282
290769354
6828387
38507195
5878247760
706243508
106991414
629405299
4182972

Escalas 88:
81682608
205431698
91179032
111940173
116870802
382074562
33954730
22203183
49815503
76674718
12955805
94084152
7554054
131167587
6654496
310057510
21477499
59479904
69217053
32326350
68952209
6058324
196477246
8565203
66519772
52374552
200618567
30603839
19381285
6263555
213061938
9950602
306853027
103908015
107964028
143544027
106172732
153149224

Escalas 89:
50583988
245050442
278161011
214970235
192019058
400981
276511152
1305980975
357773073

Escalas 90:
14335394
27654633
2065969
1290650
13155071
4869340
1450821
34386375
13506750
14433083
30958183
15180094
1884326
13856688
22481911
6729872
15871845
25126402
16399041
67711136
5888009
25605366
24339477
4653845
58732944
14652640
18467330
675244
14468096
8400830
1566113
9607139
14469128
17258442
1365835
5612676
43921552
10248595
2029408
1192252
8118275
51044113
5929019
19264572
4051464
30091560
20491902
16042333
35365453
42671913
2432865
41003147
18983177
41115086
22594495
31593320
20016806
444661
15093690
4473363
34229557
23341055
32041720
48756653
58201493
90674590
23361688
18036598
5023707
11056411
12544373
71957590
7292017
7886272
19160500
24401507
14868006
27551657
30599541
2783512
3024542
16278591
42913587
78215848
33884971
2525588
12016790
3885491
7273188
4532750
27969300
41087230
19619153
102138
43039260
10220739
11977972
39431360
3162789

Escalas 91:
96724068
972778740
77050498
937002626
4196087004
125189593
246959742
4411678
3812512682
392177094
14770485
5464476476
228288063
162900800
190214265
33987187
1184012607
139297541
326045263
1833851921
938337355
93671611
791693586
41460742
419804871

Escalas 92:
26095836
5055614
40772253
58496599
30856514
30421082
72845241
2628821
47352177
4199190
4623586
1406790
58574622
18061843
28653367
150909589
12638452
121406191
6650528
25466629
2892960
59919697
37489250
31401132
46234174

